0:0:0:0:0:0:0:1 - - [28/Mar/2019:00:00:55 +0530] "GET / HTTP/1.1" 200 4159
0:0:0:0:0:0:0:1 - - [28/Mar/2019:00:00:55 +0530] "GET /js/bootstrap.min.js HTTP/1.1" 200 58072
0:0:0:0:0:0:0:1 - - [28/Mar/2019:00:00:55 +0530] "GET /css/main.css HTTP/1.1" 200 2444
0:0:0:0:0:0:0:1 - - [28/Mar/2019:00:00:55 +0530] "GET /js/pwstrength.js HTTP/1.1" 200 10303
0:0:0:0:0:0:0:1 - - [28/Mar/2019:00:00:55 +0530] "GET /img/NJ.jpg HTTP/1.1" 200 6831
0:0:0:0:0:0:0:1 - - [28/Mar/2019:00:00:55 +0530] "GET /css/bootstrap.min.css HTTP/1.1" 200 155758
0:0:0:0:0:0:0:1 - - [28/Mar/2019:00:00:55 +0530] "GET /js/jquery-3.3.1.min.js HTTP/1.1" 200 86926
0:0:0:0:0:0:0:1 - - [28/Mar/2019:00:00:55 +0530] "GET /js/jquery.validate.js HTTP/1.1" 200 50679
0:0:0:0:0:0:0:1 - - [28/Mar/2019:00:00:55 +0530] "GET /favicon.ico HTTP/1.1" 302 -
0:0:0:0:0:0:0:1 - - [28/Mar/2019:00:00:55 +0530] "GET /login HTTP/1.1" 200 4159
0:0:0:0:0:0:0:1 - - [28/Mar/2019:00:01:07 +0530] "POST /doLogin HTTP/1.1" 302 -
0:0:0:0:0:0:0:1 - - [28/Mar/2019:00:01:07 +0530] "GET /login?error HTTP/1.1" 200 4212
0:0:0:0:0:0:0:1 - - [28/Mar/2019:00:01:07 +0530] "GET /css/main.css HTTP/1.1" 200 2444
0:0:0:0:0:0:0:1 - - [28/Mar/2019:00:01:07 +0530] "GET /css/bootstrap.min.css HTTP/1.1" 200 155758
0:0:0:0:0:0:0:1 - - [28/Mar/2019:00:01:07 +0530] "GET /img/NJ.jpg HTTP/1.1" 200 6831
0:0:0:0:0:0:0:1 - - [28/Mar/2019:00:01:07 +0530] "GET /js/jquery-3.3.1.min.js HTTP/1.1" 200 86926
0:0:0:0:0:0:0:1 - - [28/Mar/2019:00:01:07 +0530] "GET /js/bootstrap.min.js HTTP/1.1" 200 58072
0:0:0:0:0:0:0:1 - - [28/Mar/2019:00:01:07 +0530] "GET /js/pwstrength.js HTTP/1.1" 200 10303
0:0:0:0:0:0:0:1 - - [28/Mar/2019:00:01:07 +0530] "GET /js/jquery.validate.js HTTP/1.1" 200 50679
0:0:0:0:0:0:0:1 - - [28/Mar/2019:00:01:07 +0530] "GET /favicon.ico HTTP/1.1" 302 -
0:0:0:0:0:0:0:1 - - [28/Mar/2019:00:01:07 +0530] "GET /login HTTP/1.1" 200 4159
0:0:0:0:0:0:0:1 - - [28/Mar/2019:00:26:24 +0530] "GET / HTTP/1.1" 200 4159
0:0:0:0:0:0:0:1 - - [28/Mar/2019:00:26:24 +0530] "GET /js/jquery-3.3.1.min.js HTTP/1.1" 200 86926
0:0:0:0:0:0:0:1 - - [28/Mar/2019:00:26:24 +0530] "GET /css/main.css HTTP/1.1" 200 2444
0:0:0:0:0:0:0:1 - - [28/Mar/2019:00:26:24 +0530] "GET /js/bootstrap.min.js HTTP/1.1" 200 58072
0:0:0:0:0:0:0:1 - - [28/Mar/2019:00:26:24 +0530] "GET /css/bootstrap.min.css HTTP/1.1" 200 155758
0:0:0:0:0:0:0:1 - - [28/Mar/2019:00:26:24 +0530] "GET /img/NJ.jpg HTTP/1.1" 200 6831
0:0:0:0:0:0:0:1 - - [28/Mar/2019:00:26:24 +0530] "GET /js/pwstrength.js HTTP/1.1" 200 10303
0:0:0:0:0:0:0:1 - - [28/Mar/2019:00:26:24 +0530] "GET /js/jquery.validate.js HTTP/1.1" 200 50679
0:0:0:0:0:0:0:1 - - [28/Mar/2019:00:26:24 +0530] "GET /favicon.ico HTTP/1.1" 302 -
0:0:0:0:0:0:0:1 - - [28/Mar/2019:00:26:24 +0530] "GET /login HTTP/1.1" 200 4159
0:0:0:0:0:0:0:1 - - [28/Mar/2019:00:26:25 +0530] "GET /signup HTTP/1.1" 200 5251
0:0:0:0:0:0:0:1 - - [28/Mar/2019:00:26:25 +0530] "GET /css/main.css HTTP/1.1" 200 2444
0:0:0:0:0:0:0:1 - - [28/Mar/2019:00:26:25 +0530] "GET /css/bootstrap.min.css HTTP/1.1" 200 155758
0:0:0:0:0:0:0:1 - - [28/Mar/2019:00:26:25 +0530] "GET /img/NJ.jpg HTTP/1.1" 200 6831
0:0:0:0:0:0:0:1 - - [28/Mar/2019:00:26:25 +0530] "GET /js/jquery-3.3.1.min.js HTTP/1.1" 200 86926
0:0:0:0:0:0:0:1 - - [28/Mar/2019:00:26:25 +0530] "GET /js/bootstrap.min.js HTTP/1.1" 200 58072
0:0:0:0:0:0:0:1 - - [28/Mar/2019:00:26:25 +0530] "GET /js/jquery.validate.js HTTP/1.1" 200 50679
0:0:0:0:0:0:0:1 - - [28/Mar/2019:00:26:25 +0530] "GET /js/pwstrength.js HTTP/1.1" 200 10303
0:0:0:0:0:0:0:1 - - [28/Mar/2019:00:26:25 +0530] "GET /favicon.ico HTTP/1.1" 302 -
0:0:0:0:0:0:0:1 - - [28/Mar/2019:00:26:25 +0530] "GET /login HTTP/1.1" 200 4159
0:0:0:0:0:0:0:1 - - [28/Mar/2019:00:29:40 +0530] "GET / HTTP/1.1" 200 4159
0:0:0:0:0:0:0:1 - - [28/Mar/2019:00:29:40 +0530] "GET /img/NJ.jpg HTTP/1.1" 200 6831
0:0:0:0:0:0:0:1 - - [28/Mar/2019:00:29:40 +0530] "GET /css/main.css HTTP/1.1" 200 2444
0:0:0:0:0:0:0:1 - - [28/Mar/2019:00:29:40 +0530] "GET /css/bootstrap.min.css HTTP/1.1" 200 155758
0:0:0:0:0:0:0:1 - - [28/Mar/2019:00:29:40 +0530] "GET /js/jquery-3.3.1.min.js HTTP/1.1" 200 86926
0:0:0:0:0:0:0:1 - - [28/Mar/2019:00:29:40 +0530] "GET /js/pwstrength.js HTTP/1.1" 200 10303
0:0:0:0:0:0:0:1 - - [28/Mar/2019:00:29:40 +0530] "GET /js/jquery.validate.js HTTP/1.1" 200 50679
0:0:0:0:0:0:0:1 - - [28/Mar/2019:00:29:40 +0530] "GET /js/bootstrap.min.js HTTP/1.1" 200 58072
0:0:0:0:0:0:0:1 - - [28/Mar/2019:00:29:40 +0530] "GET /favicon.ico HTTP/1.1" 302 -
0:0:0:0:0:0:0:1 - - [28/Mar/2019:00:29:41 +0530] "GET /login HTTP/1.1" 200 4159
0:0:0:0:0:0:0:1 - - [28/Mar/2019:00:29:46 +0530] "POST /doLogin HTTP/1.1" 302 -
0:0:0:0:0:0:0:1 - - [28/Mar/2019:00:29:46 +0530] "GET /userList HTTP/1.1" 200 3900
0:0:0:0:0:0:0:1 - - [28/Mar/2019:00:29:46 +0530] "GET /css/bootstrap.min.css HTTP/1.1" 200 155758
0:0:0:0:0:0:0:1 - - [28/Mar/2019:00:29:46 +0530] "GET /js/jquery-3.3.1.min.js HTTP/1.1" 200 86926
0:0:0:0:0:0:0:1 - - [28/Mar/2019:00:29:46 +0530] "GET /img/NJ.jpg HTTP/1.1" 200 6831
0:0:0:0:0:0:0:1 - - [28/Mar/2019:00:29:46 +0530] "GET /js/pwstrength.js HTTP/1.1" 200 10303
0:0:0:0:0:0:0:1 - - [28/Mar/2019:00:29:46 +0530] "GET /css/main.css HTTP/1.1" 200 2444
0:0:0:0:0:0:0:1 - - [28/Mar/2019:00:29:46 +0530] "GET /js/bootstrap.min.js HTTP/1.1" 200 58072
0:0:0:0:0:0:0:1 - - [28/Mar/2019:00:29:46 +0530] "GET /js/jquery.validate.js HTTP/1.1" 200 50679
0:0:0:0:0:0:0:1 - - [28/Mar/2019:00:29:46 +0530] "GET /favicon.ico HTTP/1.1" 404 126
0:0:0:0:0:0:0:1 - - [28/Mar/2019:00:29:50 +0530] "GET /userList HTTP/1.1" 200 3900
0:0:0:0:0:0:0:1 - - [28/Mar/2019:00:29:50 +0530] "GET /js/jquery-3.3.1.min.js HTTP/1.1" 200 86926
0:0:0:0:0:0:0:1 - - [28/Mar/2019:00:29:50 +0530] "GET /css/main.css HTTP/1.1" 200 2444
0:0:0:0:0:0:0:1 - - [28/Mar/2019:00:29:50 +0530] "GET /css/bootstrap.min.css HTTP/1.1" 200 155758
0:0:0:0:0:0:0:1 - - [28/Mar/2019:00:29:50 +0530] "GET /img/NJ.jpg HTTP/1.1" 200 6831
0:0:0:0:0:0:0:1 - - [28/Mar/2019:00:29:50 +0530] "GET /js/pwstrength.js HTTP/1.1" 200 10303
0:0:0:0:0:0:0:1 - - [28/Mar/2019:00:29:50 +0530] "GET /js/jquery.validate.js HTTP/1.1" 200 50679
0:0:0:0:0:0:0:1 - - [28/Mar/2019:00:29:50 +0530] "GET /js/bootstrap.min.js HTTP/1.1" 200 58072
0:0:0:0:0:0:0:1 - - [28/Mar/2019:00:29:51 +0530] "GET /createUser HTTP/1.1" 200 4199
0:0:0:0:0:0:0:1 - - [28/Mar/2019:00:29:51 +0530] "GET /css/main.css HTTP/1.1" 200 2444
0:0:0:0:0:0:0:1 - - [28/Mar/2019:00:29:51 +0530] "GET /img/NJ.jpg HTTP/1.1" 200 6831
0:0:0:0:0:0:0:1 - - [28/Mar/2019:00:29:51 +0530] "GET /js/jquery-3.3.1.min.js HTTP/1.1" 200 86926
0:0:0:0:0:0:0:1 - - [28/Mar/2019:00:29:51 +0530] "GET /css/bootstrap.min.css HTTP/1.1" 200 155758
0:0:0:0:0:0:0:1 - - [28/Mar/2019:00:29:51 +0530] "GET /js/bootstrap.min.js HTTP/1.1" 200 58072
0:0:0:0:0:0:0:1 - - [28/Mar/2019:00:29:51 +0530] "GET /js/pwstrength.js HTTP/1.1" 200 10303
0:0:0:0:0:0:0:1 - - [28/Mar/2019:00:29:51 +0530] "GET /js/jquery.validate.js HTTP/1.1" 200 50679
0:0:0:0:0:0:0:1 - - [28/Mar/2019:00:29:57 +0530] "POST /createUser HTTP/1.1" 302 -
0:0:0:0:0:0:0:1 - - [28/Mar/2019:00:29:57 +0530] "GET /userList HTTP/1.1" 200 4194
0:0:0:0:0:0:0:1 - - [28/Mar/2019:00:29:57 +0530] "GET /css/main.css HTTP/1.1" 200 2444
0:0:0:0:0:0:0:1 - - [28/Mar/2019:00:29:57 +0530] "GET /img/NJ.jpg HTTP/1.1" 200 6831
0:0:0:0:0:0:0:1 - - [28/Mar/2019:00:29:57 +0530] "GET /js/jquery-3.3.1.min.js HTTP/1.1" 200 86926
0:0:0:0:0:0:0:1 - - [28/Mar/2019:00:29:57 +0530] "GET /css/bootstrap.min.css HTTP/1.1" 200 155758
0:0:0:0:0:0:0:1 - - [28/Mar/2019:00:29:57 +0530] "GET /js/pwstrength.js HTTP/1.1" 200 10303
0:0:0:0:0:0:0:1 - - [28/Mar/2019:00:29:57 +0530] "GET /js/bootstrap.min.js HTTP/1.1" 200 58072
0:0:0:0:0:0:0:1 - - [28/Mar/2019:00:29:57 +0530] "GET /js/jquery.validate.js HTTP/1.1" 200 50679
0:0:0:0:0:0:0:1 - - [28/Mar/2019:00:30:00 +0530] "GET /userList HTTP/1.1" 200 4194
0:0:0:0:0:0:0:1 - - [28/Mar/2019:00:30:00 +0530] "GET /css/main.css HTTP/1.1" 200 2444
0:0:0:0:0:0:0:1 - - [28/Mar/2019:00:30:00 +0530] "GET /img/NJ.jpg HTTP/1.1" 200 6831
0:0:0:0:0:0:0:1 - - [28/Mar/2019:00:30:00 +0530] "GET /css/bootstrap.min.css HTTP/1.1" 200 155758
0:0:0:0:0:0:0:1 - - [28/Mar/2019:00:30:00 +0530] "GET /js/jquery-3.3.1.min.js HTTP/1.1" 200 86926
0:0:0:0:0:0:0:1 - - [28/Mar/2019:00:30:01 +0530] "GET /js/bootstrap.min.js HTTP/1.1" 200 58072
0:0:0:0:0:0:0:1 - - [28/Mar/2019:00:30:01 +0530] "GET /js/jquery.validate.js HTTP/1.1" 200 50679
0:0:0:0:0:0:0:1 - - [28/Mar/2019:00:30:01 +0530] "GET /js/pwstrength.js HTTP/1.1" 200 10303
0:0:0:0:0:0:0:1 - - [28/Mar/2019:00:30:05 +0530] "GET /doLogout HTTP/1.1" 302 -
0:0:0:0:0:0:0:1 - - [28/Mar/2019:00:30:05 +0530] "GET /login?logout HTTP/1.1" 200 4223
0:0:0:0:0:0:0:1 - - [28/Mar/2019:00:30:05 +0530] "GET /img/NJ.jpg HTTP/1.1" 200 6831
0:0:0:0:0:0:0:1 - - [28/Mar/2019:00:30:05 +0530] "GET /js/jquery-3.3.1.min.js HTTP/1.1" 200 86926
0:0:0:0:0:0:0:1 - - [28/Mar/2019:00:30:05 +0530] "GET /css/main.css HTTP/1.1" 200 2444
0:0:0:0:0:0:0:1 - - [28/Mar/2019:00:30:05 +0530] "GET /css/bootstrap.min.css HTTP/1.1" 200 155758
0:0:0:0:0:0:0:1 - - [28/Mar/2019:00:30:05 +0530] "GET /js/pwstrength.js HTTP/1.1" 200 10303
0:0:0:0:0:0:0:1 - - [28/Mar/2019:00:30:05 +0530] "GET /js/bootstrap.min.js HTTP/1.1" 200 58072
0:0:0:0:0:0:0:1 - - [28/Mar/2019:00:30:05 +0530] "GET /js/jquery.validate.js HTTP/1.1" 200 50679
0:0:0:0:0:0:0:1 - - [28/Mar/2019:00:47:04 +0530] "GET / HTTP/1.1" 500 428
0:0:0:0:0:0:0:1 - - [28/Mar/2019:00:50:49 +0530] "GET / HTTP/1.1" 500 428
0:0:0:0:0:0:0:1 - - [28/Mar/2019:00:51:16 +0530] "GET /signup HTTP/1.1" 500 429
0:0:0:0:0:0:0:1 - - [28/Mar/2019:00:52:17 +0530] "GET / HTTP/1.1" 200 4159
0:0:0:0:0:0:0:1 - - [28/Mar/2019:00:52:17 +0530] "GET /js/bootstrap.min.js HTTP/1.1" 200 58072
0:0:0:0:0:0:0:1 - - [28/Mar/2019:00:52:17 +0530] "GET /js/pwstrength.js HTTP/1.1" 200 10303
0:0:0:0:0:0:0:1 - - [28/Mar/2019:00:52:17 +0530] "GET /js/jquery-3.3.1.min.js HTTP/1.1" 200 86926
0:0:0:0:0:0:0:1 - - [28/Mar/2019:00:52:17 +0530] "GET /js/jquery.validate.js HTTP/1.1" 200 50679
0:0:0:0:0:0:0:1 - - [28/Mar/2019:00:52:17 +0530] "GET /img/NJ.jpg HTTP/1.1" 200 6831
0:0:0:0:0:0:0:1 - - [28/Mar/2019:00:52:17 +0530] "GET /css/main.css HTTP/1.1" 200 2444
0:0:0:0:0:0:0:1 - - [28/Mar/2019:00:52:17 +0530] "GET /css/bootstrap.min.css HTTP/1.1" 200 155758
0:0:0:0:0:0:0:1 - - [28/Mar/2019:00:52:21 +0530] "GET /signup HTTP/1.1" 200 5251
0:0:0:0:0:0:0:1 - - [28/Mar/2019:00:52:21 +0530] "GET /img/NJ.jpg HTTP/1.1" 200 6831
0:0:0:0:0:0:0:1 - - [28/Mar/2019:00:52:21 +0530] "GET /css/main.css HTTP/1.1" 200 2444
0:0:0:0:0:0:0:1 - - [28/Mar/2019:00:52:21 +0530] "GET /js/jquery-3.3.1.min.js HTTP/1.1" 200 86926
0:0:0:0:0:0:0:1 - - [28/Mar/2019:00:52:21 +0530] "GET /js/jquery.validate.js HTTP/1.1" 200 50679
0:0:0:0:0:0:0:1 - - [28/Mar/2019:00:52:21 +0530] "GET /css/bootstrap.min.css HTTP/1.1" 200 155758
0:0:0:0:0:0:0:1 - - [28/Mar/2019:00:52:21 +0530] "GET /js/bootstrap.min.js HTTP/1.1" 200 58072
0:0:0:0:0:0:0:1 - - [28/Mar/2019:00:52:21 +0530] "GET /js/pwstrength.js HTTP/1.1" 200 10303
0:0:0:0:0:0:0:1 - - [28/Mar/2019:00:52:23 +0530] "GET / HTTP/1.1" 200 4159
0:0:0:0:0:0:0:1 - - [28/Mar/2019:00:52:23 +0530] "GET /img/NJ.jpg HTTP/1.1" 200 6831
0:0:0:0:0:0:0:1 - - [28/Mar/2019:00:52:23 +0530] "GET /js/jquery-3.3.1.min.js HTTP/1.1" 200 86926
0:0:0:0:0:0:0:1 - - [28/Mar/2019:00:52:23 +0530] "GET /css/bootstrap.min.css HTTP/1.1" 200 155758
0:0:0:0:0:0:0:1 - - [28/Mar/2019:00:52:23 +0530] "GET /css/main.css HTTP/1.1" 200 2444
0:0:0:0:0:0:0:1 - - [28/Mar/2019:00:52:23 +0530] "GET /js/pwstrength.js HTTP/1.1" 200 10303
0:0:0:0:0:0:0:1 - - [28/Mar/2019:00:52:23 +0530] "GET /js/bootstrap.min.js HTTP/1.1" 200 58072
0:0:0:0:0:0:0:1 - - [28/Mar/2019:00:52:23 +0530] "GET /js/jquery.validate.js HTTP/1.1" 200 50679
0:0:0:0:0:0:0:1 - - [28/Mar/2019:00:52:24 +0530] "GET /forgotPassword HTTP/1.1" 200 3696
0:0:0:0:0:0:0:1 - - [28/Mar/2019:00:52:24 +0530] "GET /css/main.css HTTP/1.1" 200 2444
0:0:0:0:0:0:0:1 - - [28/Mar/2019:00:52:24 +0530] "GET /js/jquery-3.3.1.min.js HTTP/1.1" 200 86926
0:0:0:0:0:0:0:1 - - [28/Mar/2019:00:52:24 +0530] "GET /img/NJ.jpg HTTP/1.1" 200 6831
0:0:0:0:0:0:0:1 - - [28/Mar/2019:00:52:24 +0530] "GET /css/bootstrap.min.css HTTP/1.1" 200 155758
0:0:0:0:0:0:0:1 - - [28/Mar/2019:00:52:24 +0530] "GET /js/bootstrap.min.js HTTP/1.1" 200 58072
0:0:0:0:0:0:0:1 - - [28/Mar/2019:00:52:24 +0530] "GET /js/jquery.validate.js HTTP/1.1" 200 50679
0:0:0:0:0:0:0:1 - - [28/Mar/2019:00:52:24 +0530] "GET /js/pwstrength.js HTTP/1.1" 200 10303
0:0:0:0:0:0:0:1 - - [28/Mar/2019:00:52:26 +0530] "GET /signup HTTP/1.1" 200 5251
0:0:0:0:0:0:0:1 - - [28/Mar/2019:00:52:26 +0530] "GET /js/jquery-3.3.1.min.js HTTP/1.1" 200 86926
0:0:0:0:0:0:0:1 - - [28/Mar/2019:00:52:26 +0530] "GET /css/main.css HTTP/1.1" 200 2444
0:0:0:0:0:0:0:1 - - [28/Mar/2019:00:52:26 +0530] "GET /img/NJ.jpg HTTP/1.1" 200 6831
0:0:0:0:0:0:0:1 - - [28/Mar/2019:00:52:26 +0530] "GET /css/bootstrap.min.css HTTP/1.1" 200 155758
0:0:0:0:0:0:0:1 - - [28/Mar/2019:00:52:26 +0530] "GET /js/jquery.validate.js HTTP/1.1" 200 50679
0:0:0:0:0:0:0:1 - - [28/Mar/2019:00:52:26 +0530] "GET /js/pwstrength.js HTTP/1.1" 200 10303
0:0:0:0:0:0:0:1 - - [28/Mar/2019:00:52:26 +0530] "GET /js/bootstrap.min.js HTTP/1.1" 200 58072
0:0:0:0:0:0:0:1 - - [28/Mar/2019:00:57:43 +0530] "GET / HTTP/1.1" 500 406
0:0:0:0:0:0:0:1 - - [28/Mar/2019:01:04:21 +0530] "GET / HTTP/1.1" 200 4156
0:0:0:0:0:0:0:1 - - [28/Mar/2019:01:04:21 +0530] "GET /css/main.css HTTP/1.1" 200 2444
0:0:0:0:0:0:0:1 - - [28/Mar/2019:01:04:21 +0530] "GET /js/jquery-3.3.1.min.js HTTP/1.1" 200 86926
0:0:0:0:0:0:0:1 - - [28/Mar/2019:01:04:21 +0530] "GET /js/bootstrap.min.js HTTP/1.1" 200 58072
0:0:0:0:0:0:0:1 - - [28/Mar/2019:01:04:21 +0530] "GET /img/NJ.jpg HTTP/1.1" 200 6831
0:0:0:0:0:0:0:1 - - [28/Mar/2019:01:04:21 +0530] "GET /js/pwstrength.js HTTP/1.1" 200 10303
0:0:0:0:0:0:0:1 - - [28/Mar/2019:01:04:21 +0530] "GET /js/jquery.validate.js HTTP/1.1" 200 50679
0:0:0:0:0:0:0:1 - - [28/Mar/2019:01:04:21 +0530] "GET /css/bootstrap.min.css HTTP/1.1" 200 155758
0:0:0:0:0:0:0:1 - - [28/Mar/2019:01:04:28 +0530] "POST /doLogin HTTP/1.1" 302 -
0:0:0:0:0:0:0:1 - - [28/Mar/2019:01:04:28 +0530] "GET /userList HTTP/1.1" 200 3899
0:0:0:0:0:0:0:1 - - [28/Mar/2019:01:04:28 +0530] "GET /img/NJ.jpg HTTP/1.1" 200 6831
0:0:0:0:0:0:0:1 - - [28/Mar/2019:01:04:28 +0530] "GET /css/main.css HTTP/1.1" 200 2444
0:0:0:0:0:0:0:1 - - [28/Mar/2019:01:04:28 +0530] "GET /js/jquery-3.3.1.min.js HTTP/1.1" 200 86926
0:0:0:0:0:0:0:1 - - [28/Mar/2019:01:04:28 +0530] "GET /css/bootstrap.min.css HTTP/1.1" 200 155758
0:0:0:0:0:0:0:1 - - [28/Mar/2019:01:04:28 +0530] "GET /js/bootstrap.min.js HTTP/1.1" 200 58072
0:0:0:0:0:0:0:1 - - [28/Mar/2019:01:04:28 +0530] "GET /js/pwstrength.js HTTP/1.1" 200 10303
0:0:0:0:0:0:0:1 - - [28/Mar/2019:01:04:28 +0530] "GET /js/jquery.validate.js HTTP/1.1" 200 50679
0:0:0:0:0:0:0:1 - - [28/Mar/2019:01:04:30 +0530] "GET /createUser HTTP/1.1" 200 4198
0:0:0:0:0:0:0:1 - - [28/Mar/2019:01:04:30 +0530] "GET /css/main.css HTTP/1.1" 200 2444
0:0:0:0:0:0:0:1 - - [28/Mar/2019:01:04:30 +0530] "GET /js/jquery-3.3.1.min.js HTTP/1.1" 200 86926
0:0:0:0:0:0:0:1 - - [28/Mar/2019:01:04:30 +0530] "GET /css/bootstrap.min.css HTTP/1.1" 200 155758
0:0:0:0:0:0:0:1 - - [28/Mar/2019:01:04:30 +0530] "GET /img/NJ.jpg HTTP/1.1" 200 6831
0:0:0:0:0:0:0:1 - - [28/Mar/2019:01:04:30 +0530] "GET /js/pwstrength.js HTTP/1.1" 200 10303
0:0:0:0:0:0:0:1 - - [28/Mar/2019:01:04:30 +0530] "GET /js/bootstrap.min.js HTTP/1.1" 200 58072
0:0:0:0:0:0:0:1 - - [28/Mar/2019:01:04:30 +0530] "GET /js/jquery.validate.js HTTP/1.1" 200 50679
0:0:0:0:0:0:0:1 - - [28/Mar/2019:01:04:35 +0530] "POST /createUser HTTP/1.1" 302 -
0:0:0:0:0:0:0:1 - - [28/Mar/2019:01:04:35 +0530] "GET /userList HTTP/1.1" 200 4193
0:0:0:0:0:0:0:1 - - [28/Mar/2019:01:04:35 +0530] "GET /css/main.css HTTP/1.1" 200 2444
0:0:0:0:0:0:0:1 - - [28/Mar/2019:01:04:35 +0530] "GET /js/jquery-3.3.1.min.js HTTP/1.1" 200 86926
0:0:0:0:0:0:0:1 - - [28/Mar/2019:01:04:35 +0530] "GET /css/bootstrap.min.css HTTP/1.1" 200 155758
0:0:0:0:0:0:0:1 - - [28/Mar/2019:01:04:35 +0530] "GET /img/NJ.jpg HTTP/1.1" 200 6831
0:0:0:0:0:0:0:1 - - [28/Mar/2019:01:04:35 +0530] "GET /js/bootstrap.min.js HTTP/1.1" 200 58072
0:0:0:0:0:0:0:1 - - [28/Mar/2019:01:04:35 +0530] "GET /js/jquery.validate.js HTTP/1.1" 200 50679
0:0:0:0:0:0:0:1 - - [28/Mar/2019:01:04:35 +0530] "GET /js/pwstrength.js HTTP/1.1" 200 10303
0:0:0:0:0:0:0:1 - - [28/Mar/2019:01:04:37 +0530] "GET /userList HTTP/1.1" 200 4193
0:0:0:0:0:0:0:1 - - [28/Mar/2019:01:04:37 +0530] "GET /img/NJ.jpg HTTP/1.1" 200 6831
0:0:0:0:0:0:0:1 - - [28/Mar/2019:01:04:37 +0530] "GET /js/jquery-3.3.1.min.js HTTP/1.1" 200 86926
0:0:0:0:0:0:0:1 - - [28/Mar/2019:01:04:37 +0530] "GET /css/main.css HTTP/1.1" 200 2444
0:0:0:0:0:0:0:1 - - [28/Mar/2019:01:04:37 +0530] "GET /css/bootstrap.min.css HTTP/1.1" 200 155758
0:0:0:0:0:0:0:1 - - [28/Mar/2019:01:04:37 +0530] "GET /js/jquery.validate.js HTTP/1.1" 200 50679
0:0:0:0:0:0:0:1 - - [28/Mar/2019:01:04:37 +0530] "GET /js/pwstrength.js HTTP/1.1" 200 10303
0:0:0:0:0:0:0:1 - - [28/Mar/2019:01:04:37 +0530] "GET /js/bootstrap.min.js HTTP/1.1" 200 58072
0:0:0:0:0:0:0:1 - - [28/Mar/2019:01:04:40 +0530] "GET /modifyUser/1 HTTP/1.1" 200 5270
0:0:0:0:0:0:0:1 - - [28/Mar/2019:01:04:40 +0530] "GET /css/main.css HTTP/1.1" 200 2444
0:0:0:0:0:0:0:1 - - [28/Mar/2019:01:04:40 +0530] "GET /css/bootstrap.min.css HTTP/1.1" 200 155758
0:0:0:0:0:0:0:1 - - [28/Mar/2019:01:04:40 +0530] "GET /img/NJ.jpg HTTP/1.1" 200 6831
0:0:0:0:0:0:0:1 - - [28/Mar/2019:01:04:40 +0530] "GET /js/jquery-3.3.1.min.js HTTP/1.1" 200 86926
0:0:0:0:0:0:0:1 - - [28/Mar/2019:01:04:40 +0530] "GET /js/jquery.validate.js HTTP/1.1" 200 50679
0:0:0:0:0:0:0:1 - - [28/Mar/2019:01:04:40 +0530] "GET /js/pwstrength.js HTTP/1.1" 200 10303
0:0:0:0:0:0:0:1 - - [28/Mar/2019:01:04:40 +0530] "GET /js/bootstrap.min.js HTTP/1.1" 200 58072
0:0:0:0:0:0:0:1 - - [28/Mar/2019:01:04:41 +0530] "GET /userList HTTP/1.1" 200 4193
0:0:0:0:0:0:0:1 - - [28/Mar/2019:01:04:41 +0530] "GET /css/bootstrap.min.css HTTP/1.1" 200 155758
0:0:0:0:0:0:0:1 - - [28/Mar/2019:01:04:41 +0530] "GET /css/main.css HTTP/1.1" 200 2444
0:0:0:0:0:0:0:1 - - [28/Mar/2019:01:04:41 +0530] "GET /img/NJ.jpg HTTP/1.1" 200 6831
0:0:0:0:0:0:0:1 - - [28/Mar/2019:01:04:41 +0530] "GET /js/jquery-3.3.1.min.js HTTP/1.1" 200 86926
0:0:0:0:0:0:0:1 - - [28/Mar/2019:01:04:41 +0530] "GET /js/bootstrap.min.js HTTP/1.1" 200 58072
0:0:0:0:0:0:0:1 - - [28/Mar/2019:01:04:41 +0530] "GET /js/pwstrength.js HTTP/1.1" 200 10303
0:0:0:0:0:0:0:1 - - [28/Mar/2019:01:04:41 +0530] "GET /js/jquery.validate.js HTTP/1.1" 200 50679
0:0:0:0:0:0:0:1 - - [28/Mar/2019:01:04:42 +0530] "GET /modifyUser/8 HTTP/1.1" 200 5260
0:0:0:0:0:0:0:1 - - [28/Mar/2019:01:04:42 +0530] "GET /css/main.css HTTP/1.1" 200 2444
0:0:0:0:0:0:0:1 - - [28/Mar/2019:01:04:42 +0530] "GET /img/NJ.jpg HTTP/1.1" 200 6831
0:0:0:0:0:0:0:1 - - [28/Mar/2019:01:04:42 +0530] "GET /js/jquery-3.3.1.min.js HTTP/1.1" 200 86926
0:0:0:0:0:0:0:1 - - [28/Mar/2019:01:04:42 +0530] "GET /css/bootstrap.min.css HTTP/1.1" 200 155758
0:0:0:0:0:0:0:1 - - [28/Mar/2019:01:04:42 +0530] "GET /js/pwstrength.js HTTP/1.1" 200 10303
0:0:0:0:0:0:0:1 - - [28/Mar/2019:01:04:42 +0530] "GET /js/bootstrap.min.js HTTP/1.1" 200 58072
0:0:0:0:0:0:0:1 - - [28/Mar/2019:01:04:42 +0530] "GET /js/jquery.validate.js HTTP/1.1" 200 50679
0:0:0:0:0:0:0:1 - - [28/Mar/2019:01:04:43 +0530] "POST /modifyUser/modifyUser HTTP/1.1" 405 7942
0:0:0:0:0:0:0:1 - - [28/Mar/2019:01:05:46 +0530] "GET /modifyUser/8 HTTP/1.1" 500 9539
0:0:0:0:0:0:0:1 - - [28/Mar/2019:01:05:56 +0530] "GET / HTTP/1.1" 200 4156
0:0:0:0:0:0:0:1 - - [28/Mar/2019:01:05:56 +0530] "GET /css/main.css HTTP/1.1" 200 2444
0:0:0:0:0:0:0:1 - - [28/Mar/2019:01:05:56 +0530] "GET /css/bootstrap.min.css HTTP/1.1" 200 155758
0:0:0:0:0:0:0:1 - - [28/Mar/2019:01:05:56 +0530] "GET /img/NJ.jpg HTTP/1.1" 200 6831
0:0:0:0:0:0:0:1 - - [28/Mar/2019:01:05:56 +0530] "GET /js/pwstrength.js HTTP/1.1" 200 10303
0:0:0:0:0:0:0:1 - - [28/Mar/2019:01:05:56 +0530] "GET /js/bootstrap.min.js HTTP/1.1" 200 58072
0:0:0:0:0:0:0:1 - - [28/Mar/2019:01:05:56 +0530] "GET /js/jquery.validate.js HTTP/1.1" 200 50679
0:0:0:0:0:0:0:1 - - [28/Mar/2019:01:05:56 +0530] "GET /js/jquery-3.3.1.min.js HTTP/1.1" 200 86926
0:0:0:0:0:0:0:1 - - [28/Mar/2019:01:06:01 +0530] "POST /doLogin HTTP/1.1" 302 -
0:0:0:0:0:0:0:1 - - [28/Mar/2019:01:06:01 +0530] "GET /userList HTTP/1.1" 200 3899
0:0:0:0:0:0:0:1 - - [28/Mar/2019:01:06:01 +0530] "GET /js/jquery-3.3.1.min.js HTTP/1.1" 200 86926
0:0:0:0:0:0:0:1 - - [28/Mar/2019:01:06:01 +0530] "GET /img/NJ.jpg HTTP/1.1" 200 6831
0:0:0:0:0:0:0:1 - - [28/Mar/2019:01:06:01 +0530] "GET /css/main.css HTTP/1.1" 200 2444
0:0:0:0:0:0:0:1 - - [28/Mar/2019:01:06:01 +0530] "GET /css/bootstrap.min.css HTTP/1.1" 200 155758
0:0:0:0:0:0:0:1 - - [28/Mar/2019:01:06:01 +0530] "GET /js/jquery.validate.js HTTP/1.1" 200 50679
0:0:0:0:0:0:0:1 - - [28/Mar/2019:01:06:02 +0530] "GET /js/bootstrap.min.js HTTP/1.1" 200 58072
0:0:0:0:0:0:0:1 - - [28/Mar/2019:01:06:02 +0530] "GET /js/pwstrength.js HTTP/1.1" 200 10303
0:0:0:0:0:0:0:1 - - [28/Mar/2019:01:06:03 +0530] "GET /createUser HTTP/1.1" 200 4198
0:0:0:0:0:0:0:1 - - [28/Mar/2019:01:06:03 +0530] "GET /js/jquery-3.3.1.min.js HTTP/1.1" 200 86926
0:0:0:0:0:0:0:1 - - [28/Mar/2019:01:06:03 +0530] "GET /img/NJ.jpg HTTP/1.1" 200 6831
0:0:0:0:0:0:0:1 - - [28/Mar/2019:01:06:03 +0530] "GET /css/main.css HTTP/1.1" 200 2444
0:0:0:0:0:0:0:1 - - [28/Mar/2019:01:06:03 +0530] "GET /css/bootstrap.min.css HTTP/1.1" 200 155758
0:0:0:0:0:0:0:1 - - [28/Mar/2019:01:06:03 +0530] "GET /js/jquery.validate.js HTTP/1.1" 200 50679
0:0:0:0:0:0:0:1 - - [28/Mar/2019:01:06:03 +0530] "GET /js/pwstrength.js HTTP/1.1" 200 10303
0:0:0:0:0:0:0:1 - - [28/Mar/2019:01:06:03 +0530] "GET /js/bootstrap.min.js HTTP/1.1" 200 58072
0:0:0:0:0:0:0:1 - - [28/Mar/2019:01:06:07 +0530] "POST /createUser HTTP/1.1" 302 -
0:0:0:0:0:0:0:1 - - [28/Mar/2019:01:06:07 +0530] "GET /userList HTTP/1.1" 200 4174
0:0:0:0:0:0:0:1 - - [28/Mar/2019:01:06:07 +0530] "GET /img/NJ.jpg HTTP/1.1" 200 6831
0:0:0:0:0:0:0:1 - - [28/Mar/2019:01:06:07 +0530] "GET /css/bootstrap.min.css HTTP/1.1" 200 155758
0:0:0:0:0:0:0:1 - - [28/Mar/2019:01:06:07 +0530] "GET /css/main.css HTTP/1.1" 200 2444
0:0:0:0:0:0:0:1 - - [28/Mar/2019:01:06:07 +0530] "GET /js/pwstrength.js HTTP/1.1" 200 10303
0:0:0:0:0:0:0:1 - - [28/Mar/2019:01:06:07 +0530] "GET /js/bootstrap.min.js HTTP/1.1" 200 58072
0:0:0:0:0:0:0:1 - - [28/Mar/2019:01:06:07 +0530] "GET /js/jquery-3.3.1.min.js HTTP/1.1" 200 86926
0:0:0:0:0:0:0:1 - - [28/Mar/2019:01:06:07 +0530] "GET /js/jquery.validate.js HTTP/1.1" 200 50679
0:0:0:0:0:0:0:1 - - [28/Mar/2019:01:06:08 +0530] "GET /modifyUser/8 HTTP/1.1" 200 5243
0:0:0:0:0:0:0:1 - - [28/Mar/2019:01:06:08 +0530] "GET /img/NJ.jpg HTTP/1.1" 200 6831
0:0:0:0:0:0:0:1 - - [28/Mar/2019:01:06:08 +0530] "GET /js/jquery-3.3.1.min.js HTTP/1.1" 200 86926
0:0:0:0:0:0:0:1 - - [28/Mar/2019:01:06:08 +0530] "GET /css/bootstrap.min.css HTTP/1.1" 200 155758
0:0:0:0:0:0:0:1 - - [28/Mar/2019:01:06:08 +0530] "GET /css/main.css HTTP/1.1" 200 2444
0:0:0:0:0:0:0:1 - - [28/Mar/2019:01:06:09 +0530] "GET /js/bootstrap.min.js HTTP/1.1" 200 58072
0:0:0:0:0:0:0:1 - - [28/Mar/2019:01:06:09 +0530] "GET /js/jquery.validate.js HTTP/1.1" 200 50679
0:0:0:0:0:0:0:1 - - [28/Mar/2019:01:06:09 +0530] "GET /js/pwstrength.js HTTP/1.1" 200 10303
0:0:0:0:0:0:0:1 - - [28/Mar/2019:01:06:10 +0530] "POST /modifyUser HTTP/1.1" 302 -
0:0:0:0:0:0:0:1 - - [28/Mar/2019:01:06:10 +0530] "GET /userList HTTP/1.1" 200 4190
0:0:0:0:0:0:0:1 - - [28/Mar/2019:01:06:10 +0530] "GET /css/main.css HTTP/1.1" 200 2444
0:0:0:0:0:0:0:1 - - [28/Mar/2019:01:06:10 +0530] "GET /css/bootstrap.min.css HTTP/1.1" 200 155758
0:0:0:0:0:0:0:1 - - [28/Mar/2019:01:06:10 +0530] "GET /js/jquery-3.3.1.min.js HTTP/1.1" 200 86926
0:0:0:0:0:0:0:1 - - [28/Mar/2019:01:06:10 +0530] "GET /img/NJ.jpg HTTP/1.1" 200 6831
0:0:0:0:0:0:0:1 - - [28/Mar/2019:01:06:10 +0530] "GET /js/jquery.validate.js HTTP/1.1" 200 50679
0:0:0:0:0:0:0:1 - - [28/Mar/2019:01:06:10 +0530] "GET /js/pwstrength.js HTTP/1.1" 200 10303
0:0:0:0:0:0:0:1 - - [28/Mar/2019:01:06:10 +0530] "GET /js/bootstrap.min.js HTTP/1.1" 200 58072
0:0:0:0:0:0:0:1 - - [28/Mar/2019:01:06:11 +0530] "GET /modifyUser/8 HTTP/1.1" 200 5262
0:0:0:0:0:0:0:1 - - [28/Mar/2019:01:06:11 +0530] "GET /css/bootstrap.min.css HTTP/1.1" 200 155758
0:0:0:0:0:0:0:1 - - [28/Mar/2019:01:06:11 +0530] "GET /css/main.css HTTP/1.1" 200 2444
0:0:0:0:0:0:0:1 - - [28/Mar/2019:01:06:11 +0530] "GET /img/NJ.jpg HTTP/1.1" 200 6831
0:0:0:0:0:0:0:1 - - [28/Mar/2019:01:06:11 +0530] "GET /js/jquery-3.3.1.min.js HTTP/1.1" 200 86926
0:0:0:0:0:0:0:1 - - [28/Mar/2019:01:06:11 +0530] "GET /js/pwstrength.js HTTP/1.1" 200 10303
0:0:0:0:0:0:0:1 - - [28/Mar/2019:01:06:11 +0530] "GET /js/bootstrap.min.js HTTP/1.1" 200 58072
0:0:0:0:0:0:0:1 - - [28/Mar/2019:01:06:11 +0530] "GET /js/jquery.validate.js HTTP/1.1" 200 50679
0:0:0:0:0:0:0:1 - - [28/Mar/2019:01:06:13 +0530] "GET /deleteUser/8 HTTP/1.1" 302 -
0:0:0:0:0:0:0:1 - - [28/Mar/2019:01:06:13 +0530] "GET /userList HTTP/1.1" 200 3899
0:0:0:0:0:0:0:1 - - [28/Mar/2019:01:06:13 +0530] "GET /css/main.css HTTP/1.1" 200 2444
0:0:0:0:0:0:0:1 - - [28/Mar/2019:01:06:13 +0530] "GET /img/NJ.jpg HTTP/1.1" 200 6831
0:0:0:0:0:0:0:1 - - [28/Mar/2019:01:06:13 +0530] "GET /js/jquery-3.3.1.min.js HTTP/1.1" 200 86926
0:0:0:0:0:0:0:1 - - [28/Mar/2019:01:06:13 +0530] "GET /css/bootstrap.min.css HTTP/1.1" 200 155758
0:0:0:0:0:0:0:1 - - [28/Mar/2019:01:06:13 +0530] "GET /js/pwstrength.js HTTP/1.1" 200 10303
0:0:0:0:0:0:0:1 - - [28/Mar/2019:01:06:13 +0530] "GET /js/bootstrap.min.js HTTP/1.1" 200 58072
0:0:0:0:0:0:0:1 - - [28/Mar/2019:01:06:13 +0530] "GET /js/jquery.validate.js HTTP/1.1" 200 50679
0:0:0:0:0:0:0:1 - - [28/Mar/2019:01:06:15 +0530] "GET /userList HTTP/1.1" 200 3899
0:0:0:0:0:0:0:1 - - [28/Mar/2019:01:06:15 +0530] "GET /css/main.css HTTP/1.1" 200 2444
0:0:0:0:0:0:0:1 - - [28/Mar/2019:01:06:15 +0530] "GET /img/NJ.jpg HTTP/1.1" 200 6831
0:0:0:0:0:0:0:1 - - [28/Mar/2019:01:06:15 +0530] "GET /js/jquery-3.3.1.min.js HTTP/1.1" 200 86926
0:0:0:0:0:0:0:1 - - [28/Mar/2019:01:06:15 +0530] "GET /js/bootstrap.min.js HTTP/1.1" 200 58072
0:0:0:0:0:0:0:1 - - [28/Mar/2019:01:06:15 +0530] "GET /css/bootstrap.min.css HTTP/1.1" 200 155758
0:0:0:0:0:0:0:1 - - [28/Mar/2019:01:06:15 +0530] "GET /js/pwstrength.js HTTP/1.1" 200 10303
0:0:0:0:0:0:0:1 - - [28/Mar/2019:01:06:15 +0530] "GET /js/jquery.validate.js HTTP/1.1" 200 50679
0:0:0:0:0:0:0:1 - - [28/Mar/2019:01:06:15 +0530] "GET /createUser HTTP/1.1" 200 4198
0:0:0:0:0:0:0:1 - - [28/Mar/2019:01:06:15 +0530] "GET /img/NJ.jpg HTTP/1.1" 200 6831
0:0:0:0:0:0:0:1 - - [28/Mar/2019:01:06:15 +0530] "GET /js/jquery-3.3.1.min.js HTTP/1.1" 200 86926
0:0:0:0:0:0:0:1 - - [28/Mar/2019:01:06:15 +0530] "GET /css/main.css HTTP/1.1" 200 2444
0:0:0:0:0:0:0:1 - - [28/Mar/2019:01:06:15 +0530] "GET /css/bootstrap.min.css HTTP/1.1" 200 155758
0:0:0:0:0:0:0:1 - - [28/Mar/2019:01:06:15 +0530] "GET /js/jquery.validate.js HTTP/1.1" 200 50679
0:0:0:0:0:0:0:1 - - [28/Mar/2019:01:06:15 +0530] "GET /js/pwstrength.js HTTP/1.1" 200 10303
0:0:0:0:0:0:0:1 - - [28/Mar/2019:01:06:15 +0530] "GET /js/bootstrap.min.js HTTP/1.1" 200 58072
0:0:0:0:0:0:0:1 - - [28/Mar/2019:01:06:17 +0530] "GET /doLogout HTTP/1.1" 404 306
0:0:0:0:0:0:0:1 - - [28/Mar/2019:01:07:56 +0530] "GET / HTTP/1.1" 200 4159
0:0:0:0:0:0:0:1 - - [28/Mar/2019:01:07:56 +0530] "GET /js/jquery-3.3.1.min.js HTTP/1.1" 200 86926
0:0:0:0:0:0:0:1 - - [28/Mar/2019:01:07:56 +0530] "GET /img/NJ.jpg HTTP/1.1" 200 6831
0:0:0:0:0:0:0:1 - - [28/Mar/2019:01:07:56 +0530] "GET /js/pwstrength.js HTTP/1.1" 200 10303
0:0:0:0:0:0:0:1 - - [28/Mar/2019:01:07:56 +0530] "GET /js/bootstrap.min.js HTTP/1.1" 200 58072
0:0:0:0:0:0:0:1 - - [28/Mar/2019:01:07:56 +0530] "GET /css/main.css HTTP/1.1" 200 2444
0:0:0:0:0:0:0:1 - - [28/Mar/2019:01:07:56 +0530] "GET /js/jquery.validate.js HTTP/1.1" 200 50679
0:0:0:0:0:0:0:1 - - [28/Mar/2019:01:07:56 +0530] "GET /css/bootstrap.min.css HTTP/1.1" 200 155758
0:0:0:0:0:0:0:1 - - [28/Mar/2019:01:07:58 +0530] "GET /forgotPassword HTTP/1.1" 200 3696
0:0:0:0:0:0:0:1 - - [28/Mar/2019:01:07:58 +0530] "GET /css/main.css HTTP/1.1" 200 2444
0:0:0:0:0:0:0:1 - - [28/Mar/2019:01:07:58 +0530] "GET /js/pwstrength.js HTTP/1.1" 200 10303
0:0:0:0:0:0:0:1 - - [28/Mar/2019:01:07:58 +0530] "GET /js/jquery-3.3.1.min.js HTTP/1.1" 200 86926
0:0:0:0:0:0:0:1 - - [28/Mar/2019:01:07:58 +0530] "GET /img/NJ.jpg HTTP/1.1" 200 6831
0:0:0:0:0:0:0:1 - - [28/Mar/2019:01:07:58 +0530] "GET /js/bootstrap.min.js HTTP/1.1" 200 58072
0:0:0:0:0:0:0:1 - - [28/Mar/2019:01:07:58 +0530] "GET /js/jquery.validate.js HTTP/1.1" 200 50679
0:0:0:0:0:0:0:1 - - [28/Mar/2019:01:07:58 +0530] "GET /css/bootstrap.min.css HTTP/1.1" 200 155758
0:0:0:0:0:0:0:1 - - [28/Mar/2019:01:08:00 +0530] "GET / HTTP/1.1" 200 4159
0:0:0:0:0:0:0:1 - - [28/Mar/2019:01:08:00 +0530] "GET /css/main.css HTTP/1.1" 200 2444
0:0:0:0:0:0:0:1 - - [28/Mar/2019:01:08:00 +0530] "GET /css/bootstrap.min.css HTTP/1.1" 200 155758
0:0:0:0:0:0:0:1 - - [28/Mar/2019:01:08:02 +0530] "GET /signup HTTP/1.1" 200 5251
0:0:0:0:0:0:0:1 - - [28/Mar/2019:01:08:02 +0530] "GET /css/main.css HTTP/1.1" 200 2444
0:0:0:0:0:0:0:1 - - [28/Mar/2019:01:08:02 +0530] "GET /img/NJ.jpg HTTP/1.1" 200 6831
0:0:0:0:0:0:0:1 - - [28/Mar/2019:01:08:02 +0530] "GET /js/jquery-3.3.1.min.js HTTP/1.1" 200 86926
0:0:0:0:0:0:0:1 - - [28/Mar/2019:01:08:02 +0530] "GET /css/bootstrap.min.css HTTP/1.1" 200 155758
0:0:0:0:0:0:0:1 - - [28/Mar/2019:01:08:02 +0530] "GET /js/bootstrap.min.js HTTP/1.1" 200 58072
0:0:0:0:0:0:0:1 - - [28/Mar/2019:01:08:02 +0530] "GET /js/pwstrength.js HTTP/1.1" 200 10303
0:0:0:0:0:0:0:1 - - [28/Mar/2019:01:08:02 +0530] "GET /js/jquery.validate.js HTTP/1.1" 200 50679
0:0:0:0:0:0:0:1 - - [28/Mar/2019:01:08:07 +0530] "GET / HTTP/1.1" 200 4159
0:0:0:0:0:0:0:1 - - [28/Mar/2019:01:08:10 +0530] "GET / HTTP/1.1" 200 4159
0:0:0:0:0:0:0:1 - - [28/Mar/2019:01:08:10 +0530] "GET /css/bootstrap.min.css HTTP/1.1" 200 155758
0:0:0:0:0:0:0:1 - - [28/Mar/2019:01:08:10 +0530] "GET /css/main.css HTTP/1.1" 200 2444
0:0:0:0:0:0:0:1 - - [28/Mar/2019:01:08:10 +0530] "GET /img/NJ.jpg HTTP/1.1" 200 6831
0:0:0:0:0:0:0:1 - - [28/Mar/2019:01:08:10 +0530] "GET /js/jquery-3.3.1.min.js HTTP/1.1" 200 86926
0:0:0:0:0:0:0:1 - - [28/Mar/2019:01:08:10 +0530] "GET /js/bootstrap.min.js HTTP/1.1" 200 58072
0:0:0:0:0:0:0:1 - - [28/Mar/2019:01:08:10 +0530] "GET /js/pwstrength.js HTTP/1.1" 200 10303
0:0:0:0:0:0:0:1 - - [28/Mar/2019:01:08:10 +0530] "GET /js/jquery.validate.js HTTP/1.1" 200 50679
0:0:0:0:0:0:0:1 - - [28/Mar/2019:01:08:15 +0530] "POST /doLogin HTTP/1.1" 302 -
0:0:0:0:0:0:0:1 - - [28/Mar/2019:01:08:15 +0530] "GET /userList HTTP/1.1" 200 3900
0:0:0:0:0:0:0:1 - - [28/Mar/2019:01:08:15 +0530] "GET /css/main.css HTTP/1.1" 200 2444
0:0:0:0:0:0:0:1 - - [28/Mar/2019:01:08:15 +0530] "GET /img/NJ.jpg HTTP/1.1" 200 6831
0:0:0:0:0:0:0:1 - - [28/Mar/2019:01:08:15 +0530] "GET /css/bootstrap.min.css HTTP/1.1" 200 155758
0:0:0:0:0:0:0:1 - - [28/Mar/2019:01:08:15 +0530] "GET /js/jquery-3.3.1.min.js HTTP/1.1" 200 86926
0:0:0:0:0:0:0:1 - - [28/Mar/2019:01:08:15 +0530] "GET /js/pwstrength.js HTTP/1.1" 200 10303
0:0:0:0:0:0:0:1 - - [28/Mar/2019:01:08:15 +0530] "GET /js/jquery.validate.js HTTP/1.1" 200 50679
0:0:0:0:0:0:0:1 - - [28/Mar/2019:01:08:15 +0530] "GET /js/bootstrap.min.js HTTP/1.1" 200 58072
0:0:0:0:0:0:0:1 - - [28/Mar/2019:01:08:17 +0530] "GET /modifyUser/1 HTTP/1.1" 200 5272
0:0:0:0:0:0:0:1 - - [28/Mar/2019:01:08:17 +0530] "GET /css/main.css HTTP/1.1" 200 2444
0:0:0:0:0:0:0:1 - - [28/Mar/2019:01:08:17 +0530] "GET /js/jquery-3.3.1.min.js HTTP/1.1" 200 86926
0:0:0:0:0:0:0:1 - - [28/Mar/2019:01:08:17 +0530] "GET /css/bootstrap.min.css HTTP/1.1" 200 155758
0:0:0:0:0:0:0:1 - - [28/Mar/2019:01:08:17 +0530] "GET /img/NJ.jpg HTTP/1.1" 200 6831
0:0:0:0:0:0:0:1 - - [28/Mar/2019:01:08:17 +0530] "GET /js/jquery.validate.js HTTP/1.1" 200 50679
0:0:0:0:0:0:0:1 - - [28/Mar/2019:01:08:17 +0530] "GET /js/bootstrap.min.js HTTP/1.1" 200 58072
0:0:0:0:0:0:0:1 - - [28/Mar/2019:01:08:17 +0530] "GET /js/pwstrength.js HTTP/1.1" 200 10303
0:0:0:0:0:0:0:1 - - [28/Mar/2019:01:08:19 +0530] "GET /userList HTTP/1.1" 200 3900
0:0:0:0:0:0:0:1 - - [28/Mar/2019:01:08:19 +0530] "GET /css/main.css HTTP/1.1" 200 2444
0:0:0:0:0:0:0:1 - - [28/Mar/2019:01:08:19 +0530] "GET /css/bootstrap.min.css HTTP/1.1" 200 155758
0:0:0:0:0:0:0:1 - - [28/Mar/2019:01:08:19 +0530] "GET /img/NJ.jpg HTTP/1.1" 200 6831
0:0:0:0:0:0:0:1 - - [28/Mar/2019:01:08:19 +0530] "GET /js/jquery-3.3.1.min.js HTTP/1.1" 200 86926
0:0:0:0:0:0:0:1 - - [28/Mar/2019:01:08:19 +0530] "GET /js/bootstrap.min.js HTTP/1.1" 200 58072
0:0:0:0:0:0:0:1 - - [28/Mar/2019:01:08:19 +0530] "GET /js/pwstrength.js HTTP/1.1" 200 10303
0:0:0:0:0:0:0:1 - - [28/Mar/2019:01:08:19 +0530] "GET /js/jquery.validate.js HTTP/1.1" 200 50679
0:0:0:0:0:0:0:1 - - [28/Mar/2019:01:08:21 +0530] "GET /doLogout HTTP/1.1" 302 -
0:0:0:0:0:0:0:1 - - [28/Mar/2019:01:08:21 +0530] "GET /login?logout HTTP/1.1" 200 4223
0:0:0:0:0:0:0:1 - - [28/Mar/2019:01:08:21 +0530] "GET /css/main.css HTTP/1.1" 200 2444
0:0:0:0:0:0:0:1 - - [28/Mar/2019:01:08:21 +0530] "GET /css/bootstrap.min.css HTTP/1.1" 200 155758
0:0:0:0:0:0:0:1 - - [28/Mar/2019:01:08:21 +0530] "GET /js/jquery-3.3.1.min.js HTTP/1.1" 200 86926
0:0:0:0:0:0:0:1 - - [28/Mar/2019:01:08:21 +0530] "GET /img/NJ.jpg HTTP/1.1" 200 6831
0:0:0:0:0:0:0:1 - - [28/Mar/2019:01:08:21 +0530] "GET /js/bootstrap.min.js HTTP/1.1" 200 58072
0:0:0:0:0:0:0:1 - - [28/Mar/2019:01:08:21 +0530] "GET /js/pwstrength.js HTTP/1.1" 200 10303
0:0:0:0:0:0:0:1 - - [28/Mar/2019:01:08:21 +0530] "GET /js/jquery.validate.js HTTP/1.1" 200 50679
