0:0:0:0:0:0:0:1 - - [27/Mar/2019:23:06:00 +0530] "GET / HTTP/1.1" 200 4159
0:0:0:0:0:0:0:1 - - [27/Mar/2019:23:06:00 +0530] "GET /img/NJ.jpg HTTP/1.1" 200 6831
0:0:0:0:0:0:0:1 - - [27/Mar/2019:23:06:00 +0530] "GET /css/main.css HTTP/1.1" 200 2444
0:0:0:0:0:0:0:1 - - [27/Mar/2019:23:06:00 +0530] "GET /css/bootstrap.min.css HTTP/1.1" 200 155758
0:0:0:0:0:0:0:1 - - [27/Mar/2019:23:06:00 +0530] "GET /js/jquery-3.3.1.min.js HTTP/1.1" 200 86926
0:0:0:0:0:0:0:1 - - [27/Mar/2019:23:06:00 +0530] "GET /js/bootstrap.min.js HTTP/1.1" 200 58072
0:0:0:0:0:0:0:1 - - [27/Mar/2019:23:06:00 +0530] "GET /js/pwstrength.js HTTP/1.1" 200 10303
0:0:0:0:0:0:0:1 - - [27/Mar/2019:23:06:00 +0530] "GET /js/jquery.validate.js HTTP/1.1" 200 50679
0:0:0:0:0:0:0:1 - - [27/Mar/2019:23:06:02 +0530] "GET /signup HTTP/1.1" 200 4662
0:0:0:0:0:0:0:1 - - [27/Mar/2019:23:06:02 +0530] "GET /css/main.css HTTP/1.1" 200 2444
0:0:0:0:0:0:0:1 - - [27/Mar/2019:23:06:02 +0530] "GET /css/bootstrap.min.css HTTP/1.1" 200 155758
0:0:0:0:0:0:0:1 - - [27/Mar/2019:23:06:03 +0530] "GET /img/NJ.jpg HTTP/1.1" 200 6831
0:0:0:0:0:0:0:1 - - [27/Mar/2019:23:06:03 +0530] "GET /js/pwstrength.js HTTP/1.1" 200 10303
0:0:0:0:0:0:0:1 - - [27/Mar/2019:23:06:03 +0530] "GET /js/jquery-3.3.1.min.js HTTP/1.1" 200 86926
0:0:0:0:0:0:0:1 - - [27/Mar/2019:23:06:03 +0530] "GET /js/jquery.validate.js HTTP/1.1" 200 50679
0:0:0:0:0:0:0:1 - - [27/Mar/2019:23:06:03 +0530] "GET /js/bootstrap.min.js HTTP/1.1" 200 58072
0:0:0:0:0:0:0:1 - - [27/Mar/2019:23:06:51 +0530] "GET /h2-console HTTP/1.1" 302 -
0:0:0:0:0:0:0:1 - - [27/Mar/2019:23:06:52 +0530] "GET /login HTTP/1.1" 200 4159
0:0:0:0:0:0:0:1 - - [27/Mar/2019:23:06:52 +0530] "GET /css/bootstrap.min.css HTTP/1.1" 200 155758
0:0:0:0:0:0:0:1 - - [27/Mar/2019:23:06:52 +0530] "GET /img/NJ.jpg HTTP/1.1" 200 6831
0:0:0:0:0:0:0:1 - - [27/Mar/2019:23:06:52 +0530] "GET /css/main.css HTTP/1.1" 200 2444
0:0:0:0:0:0:0:1 - - [27/Mar/2019:23:06:52 +0530] "GET /js/jquery-3.3.1.min.js HTTP/1.1" 200 86926
0:0:0:0:0:0:0:1 - - [27/Mar/2019:23:06:52 +0530] "GET /js/pwstrength.js HTTP/1.1" 200 10303
0:0:0:0:0:0:0:1 - - [27/Mar/2019:23:06:52 +0530] "GET /js/jquery.validate.js HTTP/1.1" 200 50679
0:0:0:0:0:0:0:1 - - [27/Mar/2019:23:06:52 +0530] "GET /js/bootstrap.min.js HTTP/1.1" 200 58072
0:0:0:0:0:0:0:1 - - [27/Mar/2019:23:07:14 +0530] "GET /h2-console HTTP/1.1" 302 -
0:0:0:0:0:0:0:1 - - [27/Mar/2019:23:07:14 +0530] "GET /login HTTP/1.1" 200 4159
0:0:0:0:0:0:0:1 - - [27/Mar/2019:23:07:14 +0530] "GET /img/NJ.jpg HTTP/1.1" 200 6831
0:0:0:0:0:0:0:1 - - [27/Mar/2019:23:07:14 +0530] "GET /js/jquery-3.3.1.min.js HTTP/1.1" 200 86926
0:0:0:0:0:0:0:1 - - [27/Mar/2019:23:07:14 +0530] "GET /css/bootstrap.min.css HTTP/1.1" 200 155758
0:0:0:0:0:0:0:1 - - [27/Mar/2019:23:07:14 +0530] "GET /css/main.css HTTP/1.1" 200 2444
0:0:0:0:0:0:0:1 - - [27/Mar/2019:23:07:14 +0530] "GET /js/pwstrength.js HTTP/1.1" 200 10303
0:0:0:0:0:0:0:1 - - [27/Mar/2019:23:07:14 +0530] "GET /js/bootstrap.min.js HTTP/1.1" 200 58072
0:0:0:0:0:0:0:1 - - [27/Mar/2019:23:07:14 +0530] "GET /js/jquery.validate.js HTTP/1.1" 200 50679
0:0:0:0:0:0:0:1 - - [27/Mar/2019:23:08:28 +0530] "GET /h2-console HTTP/1.1" 302 -
0:0:0:0:0:0:0:1 - - [27/Mar/2019:23:08:28 +0530] "GET /h2-console/ HTTP/1.1" 302 -
0:0:0:0:0:0:0:1 - - [27/Mar/2019:23:08:28 +0530] "GET /login HTTP/1.1" 200 4159
0:0:0:0:0:0:0:1 - - [27/Mar/2019:23:08:28 +0530] "GET /js/pwstrength.js HTTP/1.1" 200 10303
0:0:0:0:0:0:0:1 - - [27/Mar/2019:23:08:28 +0530] "GET /js/bootstrap.min.js HTTP/1.1" 200 58072
0:0:0:0:0:0:0:1 - - [27/Mar/2019:23:08:28 +0530] "GET /css/main.css HTTP/1.1" 200 2444
0:0:0:0:0:0:0:1 - - [27/Mar/2019:23:08:28 +0530] "GET /img/NJ.jpg HTTP/1.1" 200 6831
0:0:0:0:0:0:0:1 - - [27/Mar/2019:23:08:28 +0530] "GET /js/jquery-3.3.1.min.js HTTP/1.1" 200 86926
0:0:0:0:0:0:0:1 - - [27/Mar/2019:23:08:28 +0530] "GET /css/bootstrap.min.css HTTP/1.1" 200 155758
0:0:0:0:0:0:0:1 - - [27/Mar/2019:23:08:28 +0530] "GET /js/jquery.validate.js HTTP/1.1" 200 50679
0:0:0:0:0:0:0:1 - - [27/Mar/2019:23:08:31 +0530] "GET /h2-console HTTP/1.1" 302 -
0:0:0:0:0:0:0:1 - - [27/Mar/2019:23:08:31 +0530] "GET /h2-console/ HTTP/1.1" 302 -
0:0:0:0:0:0:0:1 - - [27/Mar/2019:23:08:31 +0530] "GET /login HTTP/1.1" 200 4159
0:0:0:0:0:0:0:1 - - [27/Mar/2019:23:08:36 +0530] "GET /h2-console HTTP/1.1" 302 -
0:0:0:0:0:0:0:1 - - [27/Mar/2019:23:08:36 +0530] "GET /h2-console/ HTTP/1.1" 302 -
0:0:0:0:0:0:0:1 - - [27/Mar/2019:23:08:36 +0530] "GET /login HTTP/1.1" 200 4159
0:0:0:0:0:0:0:1 - - [27/Mar/2019:23:08:36 +0530] "GET /css/bootstrap.min.css HTTP/1.1" 200 155758
0:0:0:0:0:0:0:1 - - [27/Mar/2019:23:08:36 +0530] "GET /img/NJ.jpg HTTP/1.1" 200 6831
0:0:0:0:0:0:0:1 - - [27/Mar/2019:23:08:36 +0530] "GET /css/main.css HTTP/1.1" 200 2444
0:0:0:0:0:0:0:1 - - [27/Mar/2019:23:08:36 +0530] "GET /js/jquery-3.3.1.min.js HTTP/1.1" 200 86926
0:0:0:0:0:0:0:1 - - [27/Mar/2019:23:08:36 +0530] "GET /js/bootstrap.min.js HTTP/1.1" 200 58072
0:0:0:0:0:0:0:1 - - [27/Mar/2019:23:08:36 +0530] "GET /js/pwstrength.js HTTP/1.1" 200 10303
0:0:0:0:0:0:0:1 - - [27/Mar/2019:23:08:36 +0530] "GET /js/jquery.validate.js HTTP/1.1" 200 50679
0:0:0:0:0:0:0:1 - - [27/Mar/2019:23:11:03 +0530] "GET / HTTP/1.1" 200 4159
0:0:0:0:0:0:0:1 - - [27/Mar/2019:23:11:03 +0530] "GET /css/main.css HTTP/1.1" 200 2444
0:0:0:0:0:0:0:1 - - [27/Mar/2019:23:11:03 +0530] "GET /css/bootstrap.min.css HTTP/1.1" 200 155758
0:0:0:0:0:0:0:1 - - [27/Mar/2019:23:11:03 +0530] "GET /js/jquery-3.3.1.min.js HTTP/1.1" 200 86926
0:0:0:0:0:0:0:1 - - [27/Mar/2019:23:11:03 +0530] "GET /img/NJ.jpg HTTP/1.1" 200 6831
0:0:0:0:0:0:0:1 - - [27/Mar/2019:23:11:03 +0530] "GET /js/pwstrength.js HTTP/1.1" 200 10303
0:0:0:0:0:0:0:1 - - [27/Mar/2019:23:11:03 +0530] "GET /js/bootstrap.min.js HTTP/1.1" 200 58072
0:0:0:0:0:0:0:1 - - [27/Mar/2019:23:11:03 +0530] "GET /js/jquery.validate.js HTTP/1.1" 200 50679
0:0:0:0:0:0:0:1 - - [27/Mar/2019:23:11:06 +0530] "GET /h2-console HTTP/1.1" 302 -
0:0:0:0:0:0:0:1 - - [27/Mar/2019:23:11:06 +0530] "GET /h2-console/ HTTP/1.1" 302 -
0:0:0:0:0:0:0:1 - - [27/Mar/2019:23:11:06 +0530] "GET /login HTTP/1.1" 200 4159
0:0:0:0:0:0:0:1 - - [27/Mar/2019:23:11:06 +0530] "GET /img/NJ.jpg HTTP/1.1" 200 6831
0:0:0:0:0:0:0:1 - - [27/Mar/2019:23:11:06 +0530] "GET /js/jquery-3.3.1.min.js HTTP/1.1" 200 86926
0:0:0:0:0:0:0:1 - - [27/Mar/2019:23:11:06 +0530] "GET /css/main.css HTTP/1.1" 200 2444
0:0:0:0:0:0:0:1 - - [27/Mar/2019:23:11:06 +0530] "GET /css/bootstrap.min.css HTTP/1.1" 200 155758
0:0:0:0:0:0:0:1 - - [27/Mar/2019:23:11:06 +0530] "GET /js/jquery.validate.js HTTP/1.1" 200 50679
0:0:0:0:0:0:0:1 - - [27/Mar/2019:23:11:06 +0530] "GET /js/bootstrap.min.js HTTP/1.1" 200 58072
0:0:0:0:0:0:0:1 - - [27/Mar/2019:23:11:06 +0530] "GET /js/pwstrength.js HTTP/1.1" 200 10303
0:0:0:0:0:0:0:1 - - [27/Mar/2019:23:12:58 +0530] "GET /h2 HTTP/1.1" 302 -
0:0:0:0:0:0:0:1 - - [27/Mar/2019:23:12:58 +0530] "GET /h2/ HTTP/1.1" 302 -
0:0:0:0:0:0:0:1 - - [27/Mar/2019:23:12:59 +0530] "GET /login HTTP/1.1" 200 4159
0:0:0:0:0:0:0:1 - - [27/Mar/2019:23:12:59 +0530] "GET /css/main.css HTTP/1.1" 200 2444
0:0:0:0:0:0:0:1 - - [27/Mar/2019:23:12:59 +0530] "GET /css/bootstrap.min.css HTTP/1.1" 200 155758
0:0:0:0:0:0:0:1 - - [27/Mar/2019:23:12:59 +0530] "GET /js/bootstrap.min.js HTTP/1.1" 200 58072
0:0:0:0:0:0:0:1 - - [27/Mar/2019:23:12:59 +0530] "GET /js/pwstrength.js HTTP/1.1" 200 10303
0:0:0:0:0:0:0:1 - - [27/Mar/2019:23:12:59 +0530] "GET /js/jquery-3.3.1.min.js HTTP/1.1" 200 86926
0:0:0:0:0:0:0:1 - - [27/Mar/2019:23:12:59 +0530] "GET /js/jquery.validate.js HTTP/1.1" 200 50679
0:0:0:0:0:0:0:1 - - [27/Mar/2019:23:12:59 +0530] "GET /img/NJ.jpg HTTP/1.1" 200 6831
127.0.0.1 - - [27/Mar/2019:23:13:56 +0530] "-" 400 2244
127.0.0.1 - - [27/Mar/2019:23:13:59 +0530] "-" 400 2244
0:0:0:0:0:0:0:1 - - [27/Mar/2019:23:25:56 +0530] "GET / HTTP/1.1" 200 4159
0:0:0:0:0:0:0:1 - - [27/Mar/2019:23:25:56 +0530] "GET /css/main.css HTTP/1.1" 200 2444
0:0:0:0:0:0:0:1 - - [27/Mar/2019:23:25:56 +0530] "GET /img/NJ.jpg HTTP/1.1" 200 6831
0:0:0:0:0:0:0:1 - - [27/Mar/2019:23:25:56 +0530] "GET /js/bootstrap.min.js HTTP/1.1" 200 58072
0:0:0:0:0:0:0:1 - - [27/Mar/2019:23:25:56 +0530] "GET /css/bootstrap.min.css HTTP/1.1" 200 155758
0:0:0:0:0:0:0:1 - - [27/Mar/2019:23:25:56 +0530] "GET /js/jquery-3.3.1.min.js HTTP/1.1" 200 86926
0:0:0:0:0:0:0:1 - - [27/Mar/2019:23:25:56 +0530] "GET /js/pwstrength.js HTTP/1.1" 200 10303
0:0:0:0:0:0:0:1 - - [27/Mar/2019:23:25:56 +0530] "GET /js/jquery.validate.js HTTP/1.1" 200 50679
0:0:0:0:0:0:0:1 - - [27/Mar/2019:23:25:58 +0530] "GET /signup HTTP/1.1" 200 4662
0:0:0:0:0:0:0:1 - - [27/Mar/2019:23:25:58 +0530] "GET /css/main.css HTTP/1.1" 200 2444
0:0:0:0:0:0:0:1 - - [27/Mar/2019:23:25:58 +0530] "GET /js/jquery-3.3.1.min.js HTTP/1.1" 200 86926
0:0:0:0:0:0:0:1 - - [27/Mar/2019:23:25:58 +0530] "GET /img/NJ.jpg HTTP/1.1" 200 6831
0:0:0:0:0:0:0:1 - - [27/Mar/2019:23:25:58 +0530] "GET /css/bootstrap.min.css HTTP/1.1" 200 155758
0:0:0:0:0:0:0:1 - - [27/Mar/2019:23:25:58 +0530] "GET /js/bootstrap.min.js HTTP/1.1" 200 58072
0:0:0:0:0:0:0:1 - - [27/Mar/2019:23:25:58 +0530] "GET /js/pwstrength.js HTTP/1.1" 200 10303
0:0:0:0:0:0:0:1 - - [27/Mar/2019:23:25:58 +0530] "GET /js/jquery.validate.js HTTP/1.1" 200 50679
0:0:0:0:0:0:0:1 - - [27/Mar/2019:23:28:06 +0530] "GET /signup HTTP/1.1" 200 4662
0:0:0:0:0:0:0:1 - - [27/Mar/2019:23:28:06 +0530] "GET /js/jquery-3.3.1.min.js HTTP/1.1" 200 86926
0:0:0:0:0:0:0:1 - - [27/Mar/2019:23:28:06 +0530] "GET /css/main.css HTTP/1.1" 200 2444
0:0:0:0:0:0:0:1 - - [27/Mar/2019:23:28:06 +0530] "GET /css/bootstrap.min.css HTTP/1.1" 200 155758
0:0:0:0:0:0:0:1 - - [27/Mar/2019:23:28:06 +0530] "GET /img/NJ.jpg HTTP/1.1" 200 6831
0:0:0:0:0:0:0:1 - - [27/Mar/2019:23:28:06 +0530] "GET /js/pwstrength.js HTTP/1.1" 200 10303
0:0:0:0:0:0:0:1 - - [27/Mar/2019:23:28:06 +0530] "GET /js/jquery.validate.js HTTP/1.1" 200 50679
0:0:0:0:0:0:0:1 - - [27/Mar/2019:23:28:06 +0530] "GET /js/bootstrap.min.js HTTP/1.1" 200 58072
0:0:0:0:0:0:0:1 - - [27/Mar/2019:23:29:06 +0530] "GET /signup HTTP/1.1" 200 4662
0:0:0:0:0:0:0:1 - - [27/Mar/2019:23:29:06 +0530] "GET /img/NJ.jpg HTTP/1.1" 200 6831
0:0:0:0:0:0:0:1 - - [27/Mar/2019:23:29:06 +0530] "GET /js/pwstrength.js HTTP/1.1" 200 10303
0:0:0:0:0:0:0:1 - - [27/Mar/2019:23:29:06 +0530] "GET /css/bootstrap.min.css HTTP/1.1" 200 155758
0:0:0:0:0:0:0:1 - - [27/Mar/2019:23:29:06 +0530] "GET /css/main.css HTTP/1.1" 200 2444
0:0:0:0:0:0:0:1 - - [27/Mar/2019:23:29:06 +0530] "GET /js/bootstrap.min.js HTTP/1.1" 200 58072
0:0:0:0:0:0:0:1 - - [27/Mar/2019:23:29:06 +0530] "GET /js/jquery-3.3.1.min.js HTTP/1.1" 200 86926
0:0:0:0:0:0:0:1 - - [27/Mar/2019:23:29:06 +0530] "GET /js/jquery.validate.js HTTP/1.1" 200 50679
0:0:0:0:0:0:0:1 - - [27/Mar/2019:23:31:46 +0530] "GET /signup HTTP/1.1" 200 4662
0:0:0:0:0:0:0:1 - - [27/Mar/2019:23:31:46 +0530] "GET /js/bootstrap.min.js HTTP/1.1" 200 58072
0:0:0:0:0:0:0:1 - - [27/Mar/2019:23:31:46 +0530] "GET /css/bootstrap.min.css HTTP/1.1" 200 155758
0:0:0:0:0:0:0:1 - - [27/Mar/2019:23:31:46 +0530] "GET /js/pwstrength.js HTTP/1.1" 200 10303
0:0:0:0:0:0:0:1 - - [27/Mar/2019:23:31:46 +0530] "GET /js/jquery-3.3.1.min.js HTTP/1.1" 200 86926
0:0:0:0:0:0:0:1 - - [27/Mar/2019:23:31:46 +0530] "GET /img/NJ.jpg HTTP/1.1" 200 6831
0:0:0:0:0:0:0:1 - - [27/Mar/2019:23:31:46 +0530] "GET /css/main.css HTTP/1.1" 200 2444
0:0:0:0:0:0:0:1 - - [27/Mar/2019:23:31:46 +0530] "GET /js/jquery.validate.js HTTP/1.1" 200 50679
0:0:0:0:0:0:0:1 - - [27/Mar/2019:23:39:15 +0530] "GET /signup HTTP/1.1" 200 4662
0:0:0:0:0:0:0:1 - - [27/Mar/2019:23:39:15 +0530] "GET /css/bootstrap.min.css HTTP/1.1" 200 155758
0:0:0:0:0:0:0:1 - - [27/Mar/2019:23:39:15 +0530] "GET /js/jquery-3.3.1.min.js HTTP/1.1" 200 86926
0:0:0:0:0:0:0:1 - - [27/Mar/2019:23:39:15 +0530] "GET /css/main.css HTTP/1.1" 200 2444
0:0:0:0:0:0:0:1 - - [27/Mar/2019:23:39:15 +0530] "GET /js/pwstrength.js HTTP/1.1" 200 10303
0:0:0:0:0:0:0:1 - - [27/Mar/2019:23:39:15 +0530] "GET /js/bootstrap.min.js HTTP/1.1" 200 58072
0:0:0:0:0:0:0:1 - - [27/Mar/2019:23:39:15 +0530] "GET /img/NJ.jpg HTTP/1.1" 200 6831
0:0:0:0:0:0:0:1 - - [27/Mar/2019:23:39:15 +0530] "GET /js/jquery.validate.js HTTP/1.1" 200 50679
0:0:0:0:0:0:0:1 - - [27/Mar/2019:23:50:37 +0530] "GET / HTTP/1.1" 200 4159
0:0:0:0:0:0:0:1 - - [27/Mar/2019:23:50:37 +0530] "GET /img/NJ.jpg HTTP/1.1" 200 6831
0:0:0:0:0:0:0:1 - - [27/Mar/2019:23:50:37 +0530] "GET /js/jquery-3.3.1.min.js HTTP/1.1" 200 86926
0:0:0:0:0:0:0:1 - - [27/Mar/2019:23:50:37 +0530] "GET /css/bootstrap.min.css HTTP/1.1" 200 155758
0:0:0:0:0:0:0:1 - - [27/Mar/2019:23:50:37 +0530] "GET /css/main.css HTTP/1.1" 200 2444
0:0:0:0:0:0:0:1 - - [27/Mar/2019:23:50:37 +0530] "GET /js/pwstrength.js HTTP/1.1" 200 10303
0:0:0:0:0:0:0:1 - - [27/Mar/2019:23:50:37 +0530] "GET /js/bootstrap.min.js HTTP/1.1" 200 58072
0:0:0:0:0:0:0:1 - - [27/Mar/2019:23:50:37 +0530] "GET /js/jquery.validate.js HTTP/1.1" 200 50679
0:0:0:0:0:0:0:1 - - [27/Mar/2019:23:50:39 +0530] "GET /h2-console HTTP/1.1" 404 306
0:0:0:0:0:0:0:1 - - [27/Mar/2019:23:50:46 +0530] "GET /h2 HTTP/1.1" 302 -
0:0:0:0:0:0:0:1 - - [27/Mar/2019:23:50:46 +0530] "GET /h2/ HTTP/1.1" 302 -
0:0:0:0:0:0:0:1 - - [27/Mar/2019:23:50:46 +0530] "GET /login HTTP/1.1" 200 4159
0:0:0:0:0:0:0:1 - - [27/Mar/2019:23:50:46 +0530] "GET /css/main.css HTTP/1.1" 200 2444
0:0:0:0:0:0:0:1 - - [27/Mar/2019:23:50:46 +0530] "GET /css/bootstrap.min.css HTTP/1.1" 200 155758
0:0:0:0:0:0:0:1 - - [27/Mar/2019:23:50:46 +0530] "GET /js/jquery-3.3.1.min.js HTTP/1.1" 200 86926
0:0:0:0:0:0:0:1 - - [27/Mar/2019:23:50:46 +0530] "GET /img/NJ.jpg HTTP/1.1" 200 6831
0:0:0:0:0:0:0:1 - - [27/Mar/2019:23:50:46 +0530] "GET /js/pwstrength.js HTTP/1.1" 200 10303
0:0:0:0:0:0:0:1 - - [27/Mar/2019:23:50:46 +0530] "GET /js/bootstrap.min.js HTTP/1.1" 200 58072
0:0:0:0:0:0:0:1 - - [27/Mar/2019:23:50:46 +0530] "GET /js/jquery.validate.js HTTP/1.1" 200 50679
0:0:0:0:0:0:0:1 - - [27/Mar/2019:23:51:18 +0530] "GET /h2 HTTP/1.1" 302 -
0:0:0:0:0:0:0:1 - - [27/Mar/2019:23:51:18 +0530] "GET /h2/ HTTP/1.1" 200 937
0:0:0:0:0:0:0:1 - - [27/Mar/2019:23:51:19 +0530] "GET /h2/stylesheet.css HTTP/1.1" 200 4925
0:0:0:0:0:0:0:1 - - [27/Mar/2019:23:51:19 +0530] "GET /h2/login.jsp?jsessionid=1dab54d5c2e430ba789cec739bdca187 HTTP/1.1" 200 8903
0:0:0:0:0:0:0:1 - - [27/Mar/2019:23:51:19 +0530] "GET /h2/background.gif HTTP/1.1" 200 169
0:0:0:0:0:0:0:1 - - [27/Mar/2019:23:51:43 +0530] "POST /h2/login.do?jsessionid=1dab54d5c2e430ba789cec739bdca187 HTTP/1.1" 200 1459
0:0:0:0:0:0:0:1 - - [27/Mar/2019:23:51:43 +0530] "GET /h2/stylesheet.css HTTP/1.1" 304 -
0:0:0:0:0:0:0:1 - - [27/Mar/2019:23:51:43 +0530] "GET /h2/header.jsp?jsessionid=1dab54d5c2e430ba789cec739bdca187 HTTP/1.1" 200 8069
0:0:0:0:0:0:0:1 - - [27/Mar/2019:23:51:43 +0530] "GET /h2/query.jsp?jsessionid=1dab54d5c2e430ba789cec739bdca187 HTTP/1.1" 200 16429
0:0:0:0:0:0:0:1 - - [27/Mar/2019:23:51:43 +0530] "GET /h2/help.jsp?jsessionid=1dab54d5c2e430ba789cec739bdca187 HTTP/1.1" 200 5318
0:0:0:0:0:0:0:1 - - [27/Mar/2019:23:51:44 +0530] "GET /h2/tables.do?jsessionid=1dab54d5c2e430ba789cec739bdca187 HTTP/1.1" 200 9877
0:0:0:0:0:0:0:1 - - [27/Mar/2019:23:51:56 +0530] "POST /h2/login.do?jsessionid=1dab54d5c2e430ba789cec739bdca187 HTTP/1.1" 200 1459
0:0:0:0:0:0:0:1 - - [27/Mar/2019:23:51:56 +0530] "GET /h2/stylesheet.css HTTP/1.1" 304 -
0:0:0:0:0:0:0:1 - - [27/Mar/2019:23:51:56 +0530] "GET /h2/header.jsp?jsessionid=1dab54d5c2e430ba789cec739bdca187 HTTP/1.1" 200 8069
0:0:0:0:0:0:0:1 - - [27/Mar/2019:23:51:56 +0530] "GET /h2/help.jsp?jsessionid=1dab54d5c2e430ba789cec739bdca187 HTTP/1.1" 200 5318
0:0:0:0:0:0:0:1 - - [27/Mar/2019:23:51:56 +0530] "GET /h2/query.jsp?jsessionid=1dab54d5c2e430ba789cec739bdca187 HTTP/1.1" 200 16429
0:0:0:0:0:0:0:1 - - [27/Mar/2019:23:51:57 +0530] "GET /h2/tables.do?jsessionid=1dab54d5c2e430ba789cec739bdca187 HTTP/1.1" 200 9877
0:0:0:0:0:0:0:1 - - [27/Mar/2019:23:51:57 +0530] "GET /favicon.ico HTTP/1.1" 302 -
0:0:0:0:0:0:0:1 - - [27/Mar/2019:23:51:58 +0530] "GET /login HTTP/1.1" 200 4159
0:0:0:0:0:0:0:1 - - [27/Mar/2019:23:51:58 +0530] "GET /favicon.ico HTTP/1.1" 302 -
0:0:0:0:0:0:0:1 - - [27/Mar/2019:23:51:58 +0530] "GET /login HTTP/1.1" 200 4159
0:0:0:0:0:0:0:1 - - [27/Mar/2019:23:52:00 +0530] "POST /h2/test.do?jsessionid=1dab54d5c2e430ba789cec739bdca187 HTTP/1.1" 200 8947
0:0:0:0:0:0:0:1 - - [27/Mar/2019:23:52:00 +0530] "GET /h2/background.gif HTTP/1.1" 304 -
0:0:0:0:0:0:0:1 - - [27/Mar/2019:23:52:00 +0530] "GET /favicon.ico HTTP/1.1" 302 -
0:0:0:0:0:0:0:1 - - [27/Mar/2019:23:52:00 +0530] "GET /login HTTP/1.1" 200 4159
0:0:0:0:0:0:0:1 - - [27/Mar/2019:23:52:03 +0530] "POST /h2/login.do?jsessionid=1dab54d5c2e430ba789cec739bdca187 HTTP/1.1" 200 1459
0:0:0:0:0:0:0:1 - - [27/Mar/2019:23:52:03 +0530] "GET /h2/header.jsp?jsessionid=1dab54d5c2e430ba789cec739bdca187 HTTP/1.1" 200 8069
0:0:0:0:0:0:0:1 - - [27/Mar/2019:23:52:03 +0530] "GET /h2/query.jsp?jsessionid=1dab54d5c2e430ba789cec739bdca187 HTTP/1.1" 200 16429
0:0:0:0:0:0:0:1 - - [27/Mar/2019:23:52:04 +0530] "GET /h2/help.jsp?jsessionid=1dab54d5c2e430ba789cec739bdca187 HTTP/1.1" 200 5318
0:0:0:0:0:0:0:1 - - [27/Mar/2019:23:52:04 +0530] "GET /h2/tables.do?jsessionid=1dab54d5c2e430ba789cec739bdca187 HTTP/1.1" 200 9877
0:0:0:0:0:0:0:1 - - [27/Mar/2019:23:52:04 +0530] "GET /favicon.ico HTTP/1.1" 302 -
0:0:0:0:0:0:0:1 - - [27/Mar/2019:23:52:04 +0530] "GET /login HTTP/1.1" 200 4159
0:0:0:0:0:0:0:1 - - [27/Mar/2019:23:52:06 +0530] "GET /favicon.ico HTTP/1.1" 302 -
0:0:0:0:0:0:0:1 - - [27/Mar/2019:23:52:06 +0530] "GET /login HTTP/1.1" 200 4159
0:0:0:0:0:0:0:1 - - [27/Mar/2019:23:53:47 +0530] "POST /h2/login.do?jsessionid=1dab54d5c2e430ba789cec739bdca187 HTTP/1.1" 200 1459
0:0:0:0:0:0:0:1 - - [27/Mar/2019:23:53:47 +0530] "GET /h2/stylesheet.css HTTP/1.1" 304 -
0:0:0:0:0:0:0:1 - - [27/Mar/2019:23:53:47 +0530] "GET /h2/header.jsp?jsessionid=1dab54d5c2e430ba789cec739bdca187 HTTP/1.1" 200 8069
0:0:0:0:0:0:0:1 - - [27/Mar/2019:23:53:47 +0530] "GET /h2/query.jsp?jsessionid=1dab54d5c2e430ba789cec739bdca187 HTTP/1.1" 200 16429
0:0:0:0:0:0:0:1 - - [27/Mar/2019:23:53:47 +0530] "GET /h2/help.jsp?jsessionid=1dab54d5c2e430ba789cec739bdca187 HTTP/1.1" 200 5318
0:0:0:0:0:0:0:1 - - [27/Mar/2019:23:53:48 +0530] "GET /h2/tables.do?jsessionid=1dab54d5c2e430ba789cec739bdca187 HTTP/1.1" 200 9875
0:0:0:0:0:0:0:1 - - [27/Mar/2019:23:53:48 +0530] "GET /favicon.ico HTTP/1.1" 302 -
0:0:0:0:0:0:0:1 - - [27/Mar/2019:23:53:48 +0530] "GET /login HTTP/1.1" 200 4159
