0:0:0:0:0:0:0:1 - - [21/Mar/2019:12:19:16 +0530] "GET / HTTP/1.1" 200 3030
0:0:0:0:0:0:0:1 - - [21/Mar/2019:12:19:16 +0530] "GET /css/main.css HTTP/1.1" 200 2316
0:0:0:0:0:0:0:1 - - [21/Mar/2019:12:19:16 +0530] "GET /css/bootstrap.min.css HTTP/1.1" 200 155758
0:0:0:0:0:0:0:1 - - [21/Mar/2019:12:19:16 +0530] "GET /img/NJ.jpg HTTP/1.1" 200 6831
0:0:0:0:0:0:0:1 - - [21/Mar/2019:12:19:27 +0530] "GET /forgotPassword HTTP/1.1" 200 2572
0:0:0:0:0:0:0:1 - - [21/Mar/2019:12:19:27 +0530] "GET /css/bootstrap.min.css HTTP/1.1" 304 -
0:0:0:0:0:0:0:1 - - [21/Mar/2019:12:19:28 +0530] "GET /img/NJ.jpg HTTP/1.1" 304 -
0:0:0:0:0:0:0:1 - - [21/Mar/2019:12:19:28 +0530] "GET /css/main.css HTTP/1.1" 304 -
0:0:0:0:0:0:0:1 - - [21/Mar/2019:12:19:30 +0530] "GET / HTTP/1.1" 200 3030
0:0:0:0:0:0:0:1 - - [21/Mar/2019:12:19:30 +0530] "GET /css/main.css HTTP/1.1" 304 -
0:0:0:0:0:0:0:1 - - [21/Mar/2019:12:19:30 +0530] "GET /img/NJ.jpg HTTP/1.1" 304 -
0:0:0:0:0:0:0:1 - - [21/Mar/2019:12:19:30 +0530] "GET /css/bootstrap.min.css HTTP/1.1" 304 -
0:0:0:0:0:0:0:1 - - [21/Mar/2019:12:19:32 +0530] "GET /signup HTTP/1.1" 200 3211
0:0:0:0:0:0:0:1 - - [21/Mar/2019:12:19:36 +0530] "GET / HTTP/1.1" 200 3030
0:0:0:0:0:0:0:1 - - [21/Mar/2019:12:19:36 +0530] "GET /css/bootstrap.min.css HTTP/1.1" 304 -
0:0:0:0:0:0:0:1 - - [21/Mar/2019:12:19:36 +0530] "GET /css/main.css HTTP/1.1" 304 -
0:0:0:0:0:0:0:1 - - [21/Mar/2019:12:19:36 +0530] "GET /img/NJ.jpg HTTP/1.1" 304 -
0:0:0:0:0:0:0:1 - - [21/Mar/2019:12:19:45 +0530] "GET /userList HTTP/1.1" 200 2551
0:0:0:0:0:0:0:1 - - [21/Mar/2019:12:19:45 +0530] "GET /css/main.css HTTP/1.1" 304 -
0:0:0:0:0:0:0:1 - - [21/Mar/2019:12:19:45 +0530] "GET /css/bootstrap.min.css HTTP/1.1" 304 -
0:0:0:0:0:0:0:1 - - [21/Mar/2019:12:19:45 +0530] "GET /img/NJ.jpg HTTP/1.1" 304 -
0:0:0:0:0:0:0:1 - - [21/Mar/2019:12:19:47 +0530] "GET /createUser HTTP/1.1" 200 3129
0:0:0:0:0:0:0:1 - - [21/Mar/2019:12:19:54 +0530] "POST /createUser HTTP/1.1" 302 -
0:0:0:0:0:0:0:1 - - [21/Mar/2019:12:19:54 +0530] "GET /userList HTTP/1.1" 200 2821
0:0:0:0:0:0:0:1 - - [21/Mar/2019:12:19:54 +0530] "GET /css/main.css HTTP/1.1" 304 -
0:0:0:0:0:0:0:1 - - [21/Mar/2019:12:19:54 +0530] "GET /css/bootstrap.min.css HTTP/1.1" 304 -
0:0:0:0:0:0:0:1 - - [21/Mar/2019:12:19:54 +0530] "GET /img/NJ.jpg HTTP/1.1" 304 -
0:0:0:0:0:0:0:1 - - [21/Mar/2019:12:19:57 +0530] "GET /createUser HTTP/1.1" 200 3129
0:0:0:0:0:0:0:1 - - [21/Mar/2019:12:20:00 +0530] "POST /createUser HTTP/1.1" 302 -
0:0:0:0:0:0:0:1 - - [21/Mar/2019:12:20:00 +0530] "GET /userList HTTP/1.1" 200 3098
0:0:0:0:0:0:0:1 - - [21/Mar/2019:12:20:00 +0530] "GET /css/main.css HTTP/1.1" 304 -
0:0:0:0:0:0:0:1 - - [21/Mar/2019:12:20:00 +0530] "GET /img/NJ.jpg HTTP/1.1" 304 -
0:0:0:0:0:0:0:1 - - [21/Mar/2019:12:20:00 +0530] "GET /css/bootstrap.min.css HTTP/1.1" 304 -
0:0:0:0:0:0:0:1 - - [21/Mar/2019:12:20:02 +0530] "GET /modifyUser/5 HTTP/1.1" 200 3989
0:0:0:0:0:0:0:1 - - [21/Mar/2019:12:20:15 +0530] "POST /modifyUser HTTP/1.1" 302 -
0:0:0:0:0:0:0:1 - - [21/Mar/2019:12:20:15 +0530] "GET /userList HTTP/1.1" 200 3099
0:0:0:0:0:0:0:1 - - [21/Mar/2019:12:20:15 +0530] "GET /img/NJ.jpg HTTP/1.1" 304 -
0:0:0:0:0:0:0:1 - - [21/Mar/2019:12:20:15 +0530] "GET /css/main.css HTTP/1.1" 304 -
0:0:0:0:0:0:0:1 - - [21/Mar/2019:12:20:15 +0530] "GET /css/bootstrap.min.css HTTP/1.1" 304 -
0:0:0:0:0:0:0:1 - - [21/Mar/2019:12:20:18 +0530] "GET /userList HTTP/1.1" 200 3099
0:0:0:0:0:0:0:1 - - [21/Mar/2019:12:20:19 +0530] "GET /createUser HTTP/1.1" 200 3129
0:0:0:0:0:0:0:1 - - [21/Mar/2019:12:20:20 +0530] "GET /userList HTTP/1.1" 200 3099
0:0:0:0:0:0:0:1 - - [21/Mar/2019:12:20:21 +0530] "GET /createUser HTTP/1.1" 200 3129
0:0:0:0:0:0:0:1 - - [21/Mar/2019:12:20:22 +0530] "GET /userList HTTP/1.1" 200 3099
0:0:0:0:0:0:0:1 - - [21/Mar/2019:12:20:24 +0530] "GET /createUser HTTP/1.1" 200 3129
0:0:0:0:0:0:0:1 - - [21/Mar/2019:12:20:24 +0530] "GET /css/main.css HTTP/1.1" 304 -
0:0:0:0:0:0:0:1 - - [21/Mar/2019:12:20:24 +0530] "GET /css/bootstrap.min.css HTTP/1.1" 304 -
0:0:0:0:0:0:0:1 - - [21/Mar/2019:12:20:24 +0530] "GET /img/NJ.jpg HTTP/1.1" 304 -
0:0:0:0:0:0:0:1 - - [21/Mar/2019:12:20:26 +0530] "GET /userList HTTP/1.1" 200 3099
0:0:0:0:0:0:0:1 - - [21/Mar/2019:12:20:28 +0530] "GET /createUser HTTP/1.1" 200 3129
0:0:0:0:0:0:0:1 - - [21/Mar/2019:12:20:32 +0530] "POST /createUser HTTP/1.1" 302 -
0:0:0:0:0:0:0:1 - - [21/Mar/2019:12:20:32 +0530] "GET /userList HTTP/1.1" 200 3393
0:0:0:0:0:0:0:1 - - [21/Mar/2019:12:20:34 +0530] "GET /createUser HTTP/1.1" 200 3129
0:0:0:0:0:0:0:1 - - [21/Mar/2019:12:20:34 +0530] "GET /css/bootstrap.min.css HTTP/1.1" 304 -
0:0:0:0:0:0:0:1 - - [21/Mar/2019:12:20:34 +0530] "GET /css/main.css HTTP/1.1" 304 -
0:0:0:0:0:0:0:1 - - [21/Mar/2019:12:20:34 +0530] "GET /img/NJ.jpg HTTP/1.1" 304 -
0:0:0:0:0:0:0:1 - - [21/Mar/2019:12:20:38 +0530] "POST /createUser HTTP/1.1" 302 -
0:0:0:0:0:0:0:1 - - [21/Mar/2019:12:20:38 +0530] "GET /userList HTTP/1.1" 200 3681
0:0:0:0:0:0:0:1 - - [21/Mar/2019:12:20:45 +0530] "GET /createUser HTTP/1.1" 200 3129
0:0:0:0:0:0:0:1 - - [21/Mar/2019:12:20:45 +0530] "GET /css/main.css HTTP/1.1" 304 -
0:0:0:0:0:0:0:1 - - [21/Mar/2019:12:20:45 +0530] "GET /css/bootstrap.min.css HTTP/1.1" 304 -
0:0:0:0:0:0:0:1 - - [21/Mar/2019:12:20:45 +0530] "GET /img/NJ.jpg HTTP/1.1" 304 -
0:0:0:0:0:0:0:1 - - [21/Mar/2019:12:20:50 +0530] "POST /createUser HTTP/1.1" 302 -
0:0:0:0:0:0:0:1 - - [21/Mar/2019:12:20:50 +0530] "GET /userList HTTP/1.1" 200 3962
0:0:0:0:0:0:0:1 - - [21/Mar/2019:12:20:52 +0530] "GET /createUser HTTP/1.1" 200 3129
0:0:0:0:0:0:0:1 - - [21/Mar/2019:12:20:58 +0530] "POST /createUser HTTP/1.1" 302 -
0:0:0:0:0:0:0:1 - - [21/Mar/2019:12:20:58 +0530] "GET /userList HTTP/1.1" 200 4242
0:0:0:0:0:0:0:1 - - [21/Mar/2019:12:20:58 +0530] "GET /css/main.css HTTP/1.1" 304 -
0:0:0:0:0:0:0:1 - - [21/Mar/2019:12:20:58 +0530] "GET /css/bootstrap.min.css HTTP/1.1" 304 -
0:0:0:0:0:0:0:1 - - [21/Mar/2019:12:20:58 +0530] "GET /img/NJ.jpg HTTP/1.1" 304 -
0:0:0:0:0:0:0:1 - - [21/Mar/2019:12:20:59 +0530] "GET /createUser HTTP/1.1" 200 3129
0:0:0:0:0:0:0:1 - - [21/Mar/2019:12:21:05 +0530] "POST /createUser HTTP/1.1" 302 -
0:0:0:0:0:0:0:1 - - [21/Mar/2019:12:21:05 +0530] "GET /userList HTTP/1.1" 200 4527
0:0:0:0:0:0:0:1 - - [21/Mar/2019:12:21:06 +0530] "GET /createUser HTTP/1.1" 200 3129
0:0:0:0:0:0:0:1 - - [21/Mar/2019:12:21:12 +0530] "POST /createUser HTTP/1.1" 302 -
0:0:0:0:0:0:0:1 - - [21/Mar/2019:12:21:12 +0530] "GET /userList HTTP/1.1" 200 4807
0:0:0:0:0:0:0:1 - - [21/Mar/2019:12:21:12 +0530] "GET /css/main.css HTTP/1.1" 304 -
0:0:0:0:0:0:0:1 - - [21/Mar/2019:12:21:12 +0530] "GET /img/NJ.jpg HTTP/1.1" 304 -
0:0:0:0:0:0:0:1 - - [21/Mar/2019:12:21:12 +0530] "GET /css/bootstrap.min.css HTTP/1.1" 304 -
0:0:0:0:0:0:0:1 - - [21/Mar/2019:12:21:13 +0530] "GET /createUser HTTP/1.1" 200 3129
0:0:0:0:0:0:0:1 - - [21/Mar/2019:12:21:18 +0530] "POST /createUser HTTP/1.1" 302 -
0:0:0:0:0:0:0:1 - - [21/Mar/2019:12:21:18 +0530] "GET /userList HTTP/1.1" 200 5087
0:0:0:0:0:0:0:1 - - [21/Mar/2019:12:21:19 +0530] "GET /createUser HTTP/1.1" 200 3129
0:0:0:0:0:0:0:1 - - [21/Mar/2019:12:21:24 +0530] "POST /createUser HTTP/1.1" 302 -
0:0:0:0:0:0:0:1 - - [21/Mar/2019:12:21:24 +0530] "GET /userList HTTP/1.1" 200 5367
0:0:0:0:0:0:0:1 - - [21/Mar/2019:12:21:32 +0530] "GET /createUser HTTP/1.1" 200 3129
0:0:0:0:0:0:0:1 - - [21/Mar/2019:12:21:32 +0530] "GET /css/bootstrap.min.css HTTP/1.1" 304 -
0:0:0:0:0:0:0:1 - - [21/Mar/2019:12:21:32 +0530] "GET /css/main.css HTTP/1.1" 304 -
0:0:0:0:0:0:0:1 - - [21/Mar/2019:12:21:32 +0530] "GET /img/NJ.jpg HTTP/1.1" 304 -
0:0:0:0:0:0:0:1 - - [21/Mar/2019:12:21:37 +0530] "POST /createUser HTTP/1.1" 302 -
0:0:0:0:0:0:0:1 - - [21/Mar/2019:12:21:38 +0530] "GET /userList HTTP/1.1" 200 5650
0:0:0:0:0:0:0:1 - - [21/Mar/2019:12:21:39 +0530] "GET /createUser HTTP/1.1" 200 3129
0:0:0:0:0:0:0:1 - - [21/Mar/2019:12:21:43 +0530] "POST /createUser HTTP/1.1" 302 -
0:0:0:0:0:0:0:1 - - [21/Mar/2019:12:21:43 +0530] "GET /userList HTTP/1.1" 200 5937
0:0:0:0:0:0:0:1 - - [21/Mar/2019:12:21:51 +0530] "GET /modifyUser/11 HTTP/1.1" 200 3991
0:0:0:0:0:0:0:1 - - [21/Mar/2019:12:21:51 +0530] "GET /css/main.css HTTP/1.1" 304 -
0:0:0:0:0:0:0:1 - - [21/Mar/2019:12:21:51 +0530] "GET /img/NJ.jpg HTTP/1.1" 304 -
0:0:0:0:0:0:0:1 - - [21/Mar/2019:12:21:51 +0530] "GET /css/bootstrap.min.css HTTP/1.1" 304 -
0:0:0:0:0:0:0:1 - - [21/Mar/2019:12:21:54 +0530] "GET /deleteUser/11 HTTP/1.1" 302 -
0:0:0:0:0:0:0:1 - - [21/Mar/2019:12:21:54 +0530] "GET /userList HTTP/1.1" 200 5652
0:0:0:0:0:0:0:1 - - [21/Mar/2019:12:32:05 +0530] "GET /css/main.css HTTP/1.1" 304 -
0:0:0:0:0:0:0:1 - - [21/Mar/2019:12:32:05 +0530] "GET /img/NJ.jpg HTTP/1.1" 304 -
0:0:0:0:0:0:0:1 - - [21/Mar/2019:12:32:05 +0530] "GET /css/bootstrap.min.css HTTP/1.1" 304 -
0:0:0:0:0:0:0:1 - - [21/Mar/2019:12:32:05 +0530] "GET /userList HTTP/1.1" 200 5652
0:0:0:0:0:0:0:1 - - [21/Mar/2019:12:56:15 +0530] "GET /login HTTP/1.1" 200 3030
0:0:0:0:0:0:0:1 - - [21/Mar/2019:12:56:16 +0530] "GET /css/main.css HTTP/1.1" 200 2316
0:0:0:0:0:0:0:1 - - [21/Mar/2019:12:56:16 +0530] "GET /img/NJ.jpg HTTP/1.1" 200 6831
0:0:0:0:0:0:0:1 - - [21/Mar/2019:12:56:16 +0530] "GET /css/bootstrap.min.css HTTP/1.1" 200 155758
0:0:0:0:0:0:0:1 - - [21/Mar/2019:12:56:31 +0530] "GET /userList HTTP/1.1" 200 5652
0:0:0:0:0:0:0:1 - - [21/Mar/2019:20:21:59 +0530] "GET /login HTTP/1.1" 200 3030
0:0:0:0:0:0:0:1 - - [21/Mar/2019:20:21:59 +0530] "GET /img/NJ.jpg HTTP/1.1" 200 6831
0:0:0:0:0:0:0:1 - - [21/Mar/2019:20:21:59 +0530] "GET /css/bootstrap.min.css HTTP/1.1" 200 155758
0:0:0:0:0:0:0:1 - - [21/Mar/2019:20:21:59 +0530] "GET /css/main.css HTTP/1.1" 200 2316
0:0:0:0:0:0:0:1 - - [21/Mar/2019:20:22:05 +0530] "GET /forgotPassword HTTP/1.1" 200 2572
0:0:0:0:0:0:0:1 - - [21/Mar/2019:20:22:11 +0530] "GET / HTTP/1.1" 200 3030
0:0:0:0:0:0:0:1 - - [21/Mar/2019:20:22:13 +0530] "GET /signup HTTP/1.1" 200 3211
0:0:0:0:0:0:0:1 - - [21/Mar/2019:20:22:13 +0530] "GET /css/main.css HTTP/1.1" 304 -
0:0:0:0:0:0:0:1 - - [21/Mar/2019:20:22:13 +0530] "GET /css/bootstrap.min.css HTTP/1.1" 304 -
0:0:0:0:0:0:0:1 - - [21/Mar/2019:20:22:13 +0530] "GET /img/NJ.jpg HTTP/1.1" 304 -
0:0:0:0:0:0:0:1 - - [21/Mar/2019:20:22:21 +0530] "GET /userList HTTP/1.1" 200 2551
0:0:0:0:0:0:0:1 - - [21/Mar/2019:20:22:23 +0530] "GET /createUser HTTP/1.1" 500 9841
0:0:0:0:0:0:0:1 - - [21/Mar/2019:20:22:42 +0530] "GET /userList HTTP/1.1" 200 2551
0:0:0:0:0:0:0:1 - - [21/Mar/2019:20:22:42 +0530] "GET /css/main.css HTTP/1.1" 304 -
0:0:0:0:0:0:0:1 - - [21/Mar/2019:20:22:42 +0530] "GET /img/NJ.jpg HTTP/1.1" 304 -
0:0:0:0:0:0:0:1 - - [21/Mar/2019:20:22:42 +0530] "GET /css/bootstrap.min.css HTTP/1.1" 304 -
0:0:0:0:0:0:0:1 - - [21/Mar/2019:20:22:51 +0530] "GET /resetPassword HTTP/1.1" 500 6008
0:0:0:0:0:0:0:1 - - [21/Mar/2019:20:23:33 +0530] "GET /resetPassword HTTP/1.1" 200 1655
0:0:0:0:0:0:0:1 - - [21/Mar/2019:20:23:33 +0530] "GET /css/bootstrap.min.css HTTP/1.1" 304 -
0:0:0:0:0:0:0:1 - - [21/Mar/2019:20:23:33 +0530] "GET /css/main.css HTTP/1.1" 304 -
0:0:0:0:0:0:0:1 - - [21/Mar/2019:20:23:33 +0530] "GET /favicon.ico HTTP/1.1" 200 946
0:0:0:0:0:0:0:1 - - [21/Mar/2019:20:23:54 +0530] "GET /userList HTTP/1.1" 200 2551
0:0:0:0:0:0:0:1 - - [21/Mar/2019:20:23:54 +0530] "GET /img/NJ.jpg HTTP/1.1" 304 -
0:0:0:0:0:0:0:1 - - [21/Mar/2019:20:23:57 +0530] "GET /userList HTTP/1.1" 200 2551
0:0:0:0:0:0:0:1 - - [21/Mar/2019:20:23:57 +0530] "GET /css/main.css HTTP/1.1" 304 -
0:0:0:0:0:0:0:1 - - [21/Mar/2019:20:23:57 +0530] "GET /css/bootstrap.min.css HTTP/1.1" 304 -
0:0:0:0:0:0:0:1 - - [21/Mar/2019:20:23:58 +0530] "GET /userList HTTP/1.1" 200 2551
0:0:0:0:0:0:0:1 - - [21/Mar/2019:20:23:59 +0530] "GET /createUser HTTP/1.1" 500 9841
0:0:0:0:0:0:0:1 - - [21/Mar/2019:20:24:46 +0530] "GET /createUser HTTP/1.1" 200 3129
0:0:0:0:0:0:0:1 - - [21/Mar/2019:20:24:46 +0530] "GET /css/main.css HTTP/1.1" 304 -
0:0:0:0:0:0:0:1 - - [21/Mar/2019:20:24:46 +0530] "GET /img/NJ.jpg HTTP/1.1" 304 -
0:0:0:0:0:0:0:1 - - [21/Mar/2019:20:24:46 +0530] "GET /css/bootstrap.min.css HTTP/1.1" 304 -
0:0:0:0:0:0:0:1 - - [21/Mar/2019:20:24:46 +0530] "GET /favicon.ico HTTP/1.1" 200 946
0:0:0:0:0:0:0:1 - - [21/Mar/2019:20:24:53 +0530] "GET /userList HTTP/1.1" 200 2551
0:0:0:0:0:0:0:1 - - [21/Mar/2019:20:24:54 +0530] "GET /createUser HTTP/1.1" 200 3129
0:0:0:0:0:0:0:1 - - [21/Mar/2019:20:24:59 +0530] "POST /createUser HTTP/1.1" 302 -
0:0:0:0:0:0:0:1 - - [21/Mar/2019:20:24:59 +0530] "GET /userList HTTP/1.1" 200 2833
0:0:0:0:0:0:0:1 - - [21/Mar/2019:20:25:01 +0530] "GET /modifyUser/17 HTTP/1.1" 200 4001
0:0:0:0:0:0:0:1 - - [21/Mar/2019:20:25:04 +0530] "POST /modifyUser HTTP/1.1" 302 -
0:0:0:0:0:0:0:1 - - [21/Mar/2019:20:25:04 +0530] "GET /userList HTTP/1.1" 200 2849
0:0:0:0:0:0:0:1 - - [21/Mar/2019:20:25:05 +0530] "GET /modifyUser/17 HTTP/1.1" 200 4011
0:0:0:0:0:0:0:1 - - [21/Mar/2019:20:25:06 +0530] "GET /deleteUser/17 HTTP/1.1" 302 -
0:0:0:0:0:0:0:1 - - [21/Mar/2019:20:25:06 +0530] "GET /userList HTTP/1.1" 200 2551
0:0:0:0:0:0:0:1 - - [21/Mar/2019:20:25:09 +0530] "GET /userList HTTP/1.1" 200 2551
0:0:0:0:0:0:0:1 - - [21/Mar/2019:20:25:09 +0530] "GET /createUser HTTP/1.1" 200 3129
0:0:0:0:0:0:0:1 - - [21/Mar/2019:20:25:17 +0530] "GET /resetPassword HTTP/1.1" 200 1655
0:0:0:0:0:0:0:1 - - [21/Mar/2019:20:25:17 +0530] "GET /css/main.css HTTP/1.1" 304 -
0:0:0:0:0:0:0:1 - - [21/Mar/2019:20:25:17 +0530] "GET /css/bootstrap.min.css HTTP/1.1" 304 -
0:0:0:0:0:0:0:1 - - [21/Mar/2019:20:25:29 +0530] "GET /modifyUser HTTP/1.1" 405 5271
0:0:0:0:0:0:0:1 - - [21/Mar/2019:20:25:52 +0530] "GET /userList HTTP/1.1" 200 2551
0:0:0:0:0:0:0:1 - - [21/Mar/2019:20:25:52 +0530] "GET /css/main.css HTTP/1.1" 304 -
0:0:0:0:0:0:0:1 - - [21/Mar/2019:20:25:52 +0530] "GET /css/bootstrap.min.css HTTP/1.1" 304 -
0:0:0:0:0:0:0:1 - - [21/Mar/2019:20:25:52 +0530] "GET /img/NJ.jpg HTTP/1.1" 304 -
0:0:0:0:0:0:0:1 - - [21/Mar/2019:20:25:55 +0530] "GET /createUser HTTP/1.1" 200 3129
0:0:0:0:0:0:0:1 - - [21/Mar/2019:20:25:59 +0530] "POST /createUser HTTP/1.1" 302 -
0:0:0:0:0:0:0:1 - - [21/Mar/2019:20:25:59 +0530] "GET /userList HTTP/1.1" 200 2818
0:0:0:0:0:0:0:1 - - [21/Mar/2019:20:26:05 +0530] "GET /modifyUser/18 HTTP/1.1" 200 3986
0:0:0:0:0:0:0:1 - - [21/Mar/2019:20:26:15 +0530] "GET /css/bootstrap.min.css.map HTTP/1.1" 404 157
0:0:0:0:0:0:0:1 - - [21/Mar/2019:21:25:31 +0530] "GET / HTTP/1.1" 200 3007
0:0:0:0:0:0:0:1 - - [21/Mar/2019:21:25:31 +0530] "GET /css/main.css HTTP/1.1" 200 2316
0:0:0:0:0:0:0:1 - - [21/Mar/2019:21:25:31 +0530] "GET /img/NJ.jpg HTTP/1.1" 200 6831
0:0:0:0:0:0:0:1 - - [21/Mar/2019:21:25:31 +0530] "GET /css/bootstrap.min.css HTTP/1.1" 200 155758
0:0:0:0:0:0:0:1 - - [21/Mar/2019:21:25:54 +0530] "GET / HTTP/1.1" 200 3007
0:0:0:0:0:0:0:1 - - [21/Mar/2019:21:25:54 +0530] "GET /img/NJ.jpg HTTP/1.1" 200 6831
0:0:0:0:0:0:0:1 - - [21/Mar/2019:21:25:54 +0530] "GET /css/main.css HTTP/1.1" 200 2316
0:0:0:0:0:0:0:1 - - [21/Mar/2019:21:25:54 +0530] "GET /css/bootstrap.min.css HTTP/1.1" 200 155758
0:0:0:0:0:0:0:1 - - [21/Mar/2019:21:25:55 +0530] "GET /signup HTTP/1.1" 200 3211
0:0:0:0:0:0:0:1 - - [21/Mar/2019:21:25:55 +0530] "GET /img/NJ.jpg HTTP/1.1" 200 6831
0:0:0:0:0:0:0:1 - - [21/Mar/2019:21:25:55 +0530] "GET /css/main.css HTTP/1.1" 200 2316
0:0:0:0:0:0:0:1 - - [21/Mar/2019:21:25:55 +0530] "GET /css/bootstrap.min.css HTTP/1.1" 200 155758
0:0:0:0:0:0:0:1 - - [21/Mar/2019:21:25:57 +0530] "GET / HTTP/1.1" 200 3007
0:0:0:0:0:0:0:1 - - [21/Mar/2019:21:25:57 +0530] "GET /css/main.css HTTP/1.1" 200 2316
0:0:0:0:0:0:0:1 - - [21/Mar/2019:21:25:57 +0530] "GET /img/NJ.jpg HTTP/1.1" 200 6831
0:0:0:0:0:0:0:1 - - [21/Mar/2019:21:25:57 +0530] "GET /css/bootstrap.min.css HTTP/1.1" 200 155758
0:0:0:0:0:0:0:1 - - [21/Mar/2019:21:25:58 +0530] "GET /forgotPassword HTTP/1.1" 200 2572
0:0:0:0:0:0:0:1 - - [21/Mar/2019:21:25:58 +0530] "GET /css/bootstrap.min.css HTTP/1.1" 200 155758
0:0:0:0:0:0:0:1 - - [21/Mar/2019:21:25:58 +0530] "GET /css/main.css HTTP/1.1" 200 2316
0:0:0:0:0:0:0:1 - - [21/Mar/2019:21:25:58 +0530] "GET /img/NJ.jpg HTTP/1.1" 200 6831
0:0:0:0:0:0:0:1 - - [21/Mar/2019:21:26:00 +0530] "GET / HTTP/1.1" 200 3007
0:0:0:0:0:0:0:1 - - [21/Mar/2019:21:26:00 +0530] "GET /img/NJ.jpg HTTP/1.1" 200 6831
0:0:0:0:0:0:0:1 - - [21/Mar/2019:21:26:00 +0530] "GET /css/main.css HTTP/1.1" 200 2316
0:0:0:0:0:0:0:1 - - [21/Mar/2019:21:26:00 +0530] "GET /css/bootstrap.min.css HTTP/1.1" 200 155758
0:0:0:0:0:0:0:1 - - [21/Mar/2019:21:26:04 +0530] "GET /userList HTTP/1.1" 302 -
0:0:0:0:0:0:0:1 - - [21/Mar/2019:21:26:04 +0530] "GET /login HTTP/1.1" 200 3007
0:0:0:0:0:0:0:1 - - [21/Mar/2019:21:26:04 +0530] "GET /img/NJ.jpg HTTP/1.1" 200 6831
0:0:0:0:0:0:0:1 - - [21/Mar/2019:21:26:04 +0530] "GET /css/bootstrap.min.css HTTP/1.1" 200 155758
0:0:0:0:0:0:0:1 - - [21/Mar/2019:21:26:04 +0530] "GET /css/main.css HTTP/1.1" 200 2316
0:0:0:0:0:0:0:1 - - [21/Mar/2019:21:28:00 +0530] "GET / HTTP/1.1" 200 2868
0:0:0:0:0:0:0:1 - - [21/Mar/2019:21:28:00 +0530] "GET /css/main.css HTTP/1.1" 200 2316
0:0:0:0:0:0:0:1 - - [21/Mar/2019:21:28:00 +0530] "GET /css/bootstrap.min.css HTTP/1.1" 200 155758
0:0:0:0:0:0:0:1 - - [21/Mar/2019:21:28:00 +0530] "GET /img/NJ.jpg HTTP/1.1" 200 6831
0:0:0:0:0:0:0:1 - - [21/Mar/2019:21:28:10 +0530] "POST /doLogin HTTP/1.1" 302 -
0:0:0:0:0:0:0:1 - - [21/Mar/2019:21:28:10 +0530] "GET /login?error HTTP/1.1" 200 2868
0:0:0:0:0:0:0:1 - - [21/Mar/2019:21:28:10 +0530] "GET /img/NJ.jpg HTTP/1.1" 200 6831
0:0:0:0:0:0:0:1 - - [21/Mar/2019:21:28:10 +0530] "GET /css/bootstrap.min.css HTTP/1.1" 200 155758
0:0:0:0:0:0:0:1 - - [21/Mar/2019:21:28:10 +0530] "GET /css/main.css HTTP/1.1" 200 2316
0:0:0:0:0:0:0:1 - - [21/Mar/2019:21:28:41 +0530] "GET /userList HTTP/1.1" 302 -
0:0:0:0:0:0:0:1 - - [21/Mar/2019:21:28:41 +0530] "GET /login HTTP/1.1" 200 2868
0:0:0:0:0:0:0:1 - - [21/Mar/2019:21:28:41 +0530] "GET /img/NJ.jpg HTTP/1.1" 200 6831
0:0:0:0:0:0:0:1 - - [21/Mar/2019:21:28:41 +0530] "GET /css/main.css HTTP/1.1" 200 2316
0:0:0:0:0:0:0:1 - - [21/Mar/2019:21:28:41 +0530] "GET /css/bootstrap.min.css HTTP/1.1" 200 155758
0:0:0:0:0:0:0:1 - - [21/Mar/2019:21:29:36 +0530] "POST /doLogin HTTP/1.1" 302 -
0:0:0:0:0:0:0:1 - - [21/Mar/2019:21:29:36 +0530] "GET /login?error HTTP/1.1" 200 2868
0:0:0:0:0:0:0:1 - - [21/Mar/2019:21:29:36 +0530] "GET /css/main.css HTTP/1.1" 200 2316
0:0:0:0:0:0:0:1 - - [21/Mar/2019:21:29:36 +0530] "GET /img/NJ.jpg HTTP/1.1" 200 6831
0:0:0:0:0:0:0:1 - - [21/Mar/2019:21:29:36 +0530] "GET /css/bootstrap.min.css HTTP/1.1" 200 155758
0:0:0:0:0:0:0:1 - - [21/Mar/2019:21:34:40 +0530] "GET / HTTP/1.1" 200 2868
0:0:0:0:0:0:0:1 - - [21/Mar/2019:21:34:40 +0530] "GET /css/main.css HTTP/1.1" 200 2316
0:0:0:0:0:0:0:1 - - [21/Mar/2019:21:34:40 +0530] "GET /img/NJ.jpg HTTP/1.1" 200 6831
0:0:0:0:0:0:0:1 - - [21/Mar/2019:21:34:40 +0530] "GET /css/bootstrap.min.css HTTP/1.1" 200 155758
0:0:0:0:0:0:0:1 - - [21/Mar/2019:21:34:51 +0530] "POST /doLogin HTTP/1.1" 302 -
0:0:0:0:0:0:0:1 - - [21/Mar/2019:21:34:51 +0530] "GET /login?error HTTP/1.1" 500 11617
0:0:0:0:0:0:0:1 - - [21/Mar/2019:21:35:25 +0530] "GET / HTTP/1.1" 200 2868
0:0:0:0:0:0:0:1 - - [21/Mar/2019:21:35:25 +0530] "GET /css/main.css HTTP/1.1" 200 2316
0:0:0:0:0:0:0:1 - - [21/Mar/2019:21:35:25 +0530] "GET /css/bootstrap.min.css HTTP/1.1" 200 155758
0:0:0:0:0:0:0:1 - - [21/Mar/2019:21:35:27 +0530] "GET /forgotPassword HTTP/1.1" 500 11653
0:0:0:0:0:0:0:1 - - [21/Mar/2019:21:35:39 +0530] "GET / HTTP/1.1" 200 2868
0:0:0:0:0:0:0:1 - - [21/Mar/2019:21:35:39 +0530] "GET /css/main.css HTTP/1.1" 200 2316
0:0:0:0:0:0:0:1 - - [21/Mar/2019:21:35:39 +0530] "GET /css/bootstrap.min.css HTTP/1.1" 200 155758
0:0:0:0:0:0:0:1 - - [21/Mar/2019:21:35:39 +0530] "GET /img/NJ.jpg HTTP/1.1" 200 6831
0:0:0:0:0:0:0:1 - - [21/Mar/2019:21:35:40 +0530] "GET /signup HTTP/1.1" 200 3211
0:0:0:0:0:0:0:1 - - [21/Mar/2019:21:35:40 +0530] "GET /css/main.css HTTP/1.1" 200 2316
0:0:0:0:0:0:0:1 - - [21/Mar/2019:21:35:40 +0530] "GET /css/bootstrap.min.css HTTP/1.1" 200 155758
0:0:0:0:0:0:0:1 - - [21/Mar/2019:21:35:40 +0530] "GET /img/NJ.jpg HTTP/1.1" 200 6831
0:0:0:0:0:0:0:1 - - [21/Mar/2019:21:35:43 +0530] "GET / HTTP/1.1" 200 2868
0:0:0:0:0:0:0:1 - - [21/Mar/2019:21:35:43 +0530] "GET /css/main.css HTTP/1.1" 200 2316
0:0:0:0:0:0:0:1 - - [21/Mar/2019:21:35:43 +0530] "GET /img/NJ.jpg HTTP/1.1" 200 6831
0:0:0:0:0:0:0:1 - - [21/Mar/2019:21:35:43 +0530] "GET /css/bootstrap.min.css HTTP/1.1" 200 155758
0:0:0:0:0:0:0:1 - - [21/Mar/2019:21:35:45 +0530] "GET /signup HTTP/1.1" 200 3211
0:0:0:0:0:0:0:1 - - [21/Mar/2019:21:35:45 +0530] "GET /css/main.css HTTP/1.1" 200 2316
0:0:0:0:0:0:0:1 - - [21/Mar/2019:21:35:45 +0530] "GET /css/bootstrap.min.css HTTP/1.1" 200 155758
0:0:0:0:0:0:0:1 - - [21/Mar/2019:21:35:45 +0530] "GET /img/NJ.jpg HTTP/1.1" 200 6831
0:0:0:0:0:0:0:1 - - [21/Mar/2019:21:35:54 +0530] "GET / HTTP/1.1" 200 2868
0:0:0:0:0:0:0:1 - - [21/Mar/2019:21:35:55 +0530] "GET /css/bootstrap.min.css HTTP/1.1" 200 155758
0:0:0:0:0:0:0:1 - - [21/Mar/2019:21:35:55 +0530] "GET /img/NJ.jpg HTTP/1.1" 200 6831
0:0:0:0:0:0:0:1 - - [21/Mar/2019:21:35:55 +0530] "GET /css/main.css HTTP/1.1" 200 2316
0:0:0:0:0:0:0:1 - - [21/Mar/2019:21:35:57 +0530] "GET /forgotPassword HTTP/1.1" 500 11653
0:0:0:0:0:0:0:1 - - [21/Mar/2019:21:35:59 +0530] "GET / HTTP/1.1" 200 2868
0:0:0:0:0:0:0:1 - - [21/Mar/2019:21:35:59 +0530] "GET /css/main.css HTTP/1.1" 200 2316
0:0:0:0:0:0:0:1 - - [21/Mar/2019:21:35:59 +0530] "GET /css/bootstrap.min.css HTTP/1.1" 200 155758
0:0:0:0:0:0:0:1 - - [21/Mar/2019:21:38:18 +0530] "GET / HTTP/1.1" 200 2850
0:0:0:0:0:0:0:1 - - [21/Mar/2019:21:38:18 +0530] "GET /css/main.css HTTP/1.1" 200 2316
0:0:0:0:0:0:0:1 - - [21/Mar/2019:21:38:18 +0530] "GET /img/NJ.jpg HTTP/1.1" 200 6831
0:0:0:0:0:0:0:1 - - [21/Mar/2019:21:38:18 +0530] "GET /css/bootstrap.min.css HTTP/1.1" 200 155758
0:0:0:0:0:0:0:1 - - [21/Mar/2019:21:38:28 +0530] "POST /doLogin HTTP/1.1" 302 -
0:0:0:0:0:0:0:1 - - [21/Mar/2019:21:38:28 +0530] "GET /login?error HTTP/1.1" 200 2850
0:0:0:0:0:0:0:1 - - [21/Mar/2019:21:38:28 +0530] "GET /img/NJ.jpg HTTP/1.1" 200 6831
0:0:0:0:0:0:0:1 - - [21/Mar/2019:21:38:28 +0530] "GET /css/bootstrap.min.css HTTP/1.1" 200 155758
0:0:0:0:0:0:0:1 - - [21/Mar/2019:21:38:28 +0530] "GET /css/main.css HTTP/1.1" 200 2316
0:0:0:0:0:0:0:1 - - [21/Mar/2019:21:38:32 +0530] "GET /forgotPassword HTTP/1.1" 500 11653
0:0:0:0:0:0:0:1 - - [21/Mar/2019:21:38:42 +0530] "GET /login?error HTTP/1.1" 200 2850
0:0:0:0:0:0:0:1 - - [21/Mar/2019:21:38:42 +0530] "GET /css/main.css HTTP/1.1" 200 2316
0:0:0:0:0:0:0:1 - - [21/Mar/2019:21:38:42 +0530] "GET /img/NJ.jpg HTTP/1.1" 200 6831
0:0:0:0:0:0:0:1 - - [21/Mar/2019:21:38:42 +0530] "GET /css/bootstrap.min.css HTTP/1.1" 200 155758
0:0:0:0:0:0:0:1 - - [21/Mar/2019:21:38:43 +0530] "GET /signup HTTP/1.1" 200 3211
0:0:0:0:0:0:0:1 - - [21/Mar/2019:21:38:43 +0530] "GET /css/bootstrap.min.css HTTP/1.1" 200 155758
0:0:0:0:0:0:0:1 - - [21/Mar/2019:21:38:43 +0530] "GET /css/main.css HTTP/1.1" 200 2316
0:0:0:0:0:0:0:1 - - [21/Mar/2019:21:38:43 +0530] "GET /img/NJ.jpg HTTP/1.1" 200 6831
0:0:0:0:0:0:0:1 - - [21/Mar/2019:21:39:02 +0530] "POST /saveUser HTTP/1.1" 302 -
0:0:0:0:0:0:0:1 - - [21/Mar/2019:21:39:02 +0530] "GET /login HTTP/1.1" 200 2850
0:0:0:0:0:0:0:1 - - [21/Mar/2019:21:39:02 +0530] "GET /css/main.css HTTP/1.1" 200 2316
0:0:0:0:0:0:0:1 - - [21/Mar/2019:21:39:02 +0530] "GET /css/bootstrap.min.css HTTP/1.1" 200 155758
0:0:0:0:0:0:0:1 - - [21/Mar/2019:21:39:02 +0530] "GET /img/NJ.jpg HTTP/1.1" 200 6831
0:0:0:0:0:0:0:1 - - [21/Mar/2019:21:39:14 +0530] "POST /doLogin HTTP/1.1" 302 -
0:0:0:0:0:0:0:1 - - [21/Mar/2019:21:39:14 +0530] "GET /login?error HTTP/1.1" 200 2850
0:0:0:0:0:0:0:1 - - [21/Mar/2019:21:39:15 +0530] "GET /img/NJ.jpg HTTP/1.1" 200 6831
0:0:0:0:0:0:0:1 - - [21/Mar/2019:21:39:15 +0530] "GET /css/main.css HTTP/1.1" 200 2316
0:0:0:0:0:0:0:1 - - [21/Mar/2019:21:39:15 +0530] "GET /css/bootstrap.min.css HTTP/1.1" 200 155758
0:0:0:0:0:0:0:1 - - [21/Mar/2019:21:39:30 +0530] "POST /doLogin HTTP/1.1" 302 -
0:0:0:0:0:0:0:1 - - [21/Mar/2019:21:39:30 +0530] "GET /login?error HTTP/1.1" 200 2850
0:0:0:0:0:0:0:1 - - [21/Mar/2019:21:39:30 +0530] "GET /css/bootstrap.min.css HTTP/1.1" 200 155758
0:0:0:0:0:0:0:1 - - [21/Mar/2019:21:39:30 +0530] "GET /css/main.css HTTP/1.1" 200 2316
0:0:0:0:0:0:0:1 - - [21/Mar/2019:21:39:30 +0530] "GET /img/NJ.jpg HTTP/1.1" 200 6831
0:0:0:0:0:0:0:1 - - [21/Mar/2019:21:42:02 +0530] "GET / HTTP/1.1" 500 11846
0:0:0:0:0:0:0:1 - - [21/Mar/2019:21:42:43 +0530] "GET / HTTP/1.1" 200 2852
0:0:0:0:0:0:0:1 - - [21/Mar/2019:21:42:43 +0530] "GET /img/NJ.jpg HTTP/1.1" 200 6831
0:0:0:0:0:0:0:1 - - [21/Mar/2019:21:42:43 +0530] "GET /css/main.css HTTP/1.1" 200 2316
0:0:0:0:0:0:0:1 - - [21/Mar/2019:21:42:43 +0530] "GET /css/bootstrap.min.css HTTP/1.1" 200 155758
0:0:0:0:0:0:0:1 - - [21/Mar/2019:21:42:43 +0530] "GET /favicon.ico HTTP/1.1" 302 -
0:0:0:0:0:0:0:1 - - [21/Mar/2019:21:42:43 +0530] "GET /login HTTP/1.1" 200 2852
0:0:0:0:0:0:0:1 - - [21/Mar/2019:21:42:48 +0530] "POST /doLogin HTTP/1.1" 302 -
0:0:0:0:0:0:0:1 - - [21/Mar/2019:21:42:48 +0530] "GET /login HTTP/1.1" 200 2852
0:0:0:0:0:0:0:1 - - [21/Mar/2019:21:42:48 +0530] "GET /css/main.css HTTP/1.1" 200 2316
0:0:0:0:0:0:0:1 - - [21/Mar/2019:21:42:48 +0530] "GET /img/NJ.jpg HTTP/1.1" 200 6831
0:0:0:0:0:0:0:1 - - [21/Mar/2019:21:42:48 +0530] "GET /css/bootstrap.min.css HTTP/1.1" 200 155758
0:0:0:0:0:0:0:1 - - [21/Mar/2019:21:42:49 +0530] "GET /favicon.ico HTTP/1.1" 302 -
0:0:0:0:0:0:0:1 - - [21/Mar/2019:21:42:49 +0530] "GET /login HTTP/1.1" 200 2852
0:0:0:0:0:0:0:1 - - [21/Mar/2019:21:44:03 +0530] "GET /userList HTTP/1.1" 302 -
0:0:0:0:0:0:0:1 - - [21/Mar/2019:21:44:03 +0530] "GET /login HTTP/1.1" 200 2852
0:0:0:0:0:0:0:1 - - [21/Mar/2019:21:44:03 +0530] "GET /img/NJ.jpg HTTP/1.1" 200 6831
0:0:0:0:0:0:0:1 - - [21/Mar/2019:21:44:03 +0530] "GET /css/main.css HTTP/1.1" 200 2316
0:0:0:0:0:0:0:1 - - [21/Mar/2019:21:44:03 +0530] "GET /css/bootstrap.min.css HTTP/1.1" 200 155758
0:0:0:0:0:0:0:1 - - [21/Mar/2019:21:44:03 +0530] "GET /favicon.ico HTTP/1.1" 302 -
0:0:0:0:0:0:0:1 - - [21/Mar/2019:21:44:03 +0530] "GET /login HTTP/1.1" 200 2852
0:0:0:0:0:0:0:1 - - [21/Mar/2019:21:44:09 +0530] "POST /doLogin HTTP/1.1" 302 -
0:0:0:0:0:0:0:1 - - [21/Mar/2019:21:44:09 +0530] "GET /login HTTP/1.1" 200 2852
0:0:0:0:0:0:0:1 - - [21/Mar/2019:21:44:09 +0530] "GET /css/main.css HTTP/1.1" 200 2316
0:0:0:0:0:0:0:1 - - [21/Mar/2019:21:44:09 +0530] "GET /img/NJ.jpg HTTP/1.1" 200 6831
0:0:0:0:0:0:0:1 - - [21/Mar/2019:21:44:09 +0530] "GET /css/bootstrap.min.css HTTP/1.1" 200 155758
0:0:0:0:0:0:0:1 - - [21/Mar/2019:21:44:09 +0530] "GET /favicon.ico HTTP/1.1" 302 -
0:0:0:0:0:0:0:1 - - [21/Mar/2019:21:44:09 +0530] "GET /login HTTP/1.1" 200 2852
0:0:0:0:0:0:0:1 - - [21/Mar/2019:21:46:44 +0530] "GET /login HTTP/1.1" 200 2852
0:0:0:0:0:0:0:1 - - [21/Mar/2019:21:46:44 +0530] "GET /img/NJ.jpg HTTP/1.1" 200 6831
0:0:0:0:0:0:0:1 - - [21/Mar/2019:21:46:44 +0530] "GET /css/bootstrap.min.css HTTP/1.1" 200 155758
0:0:0:0:0:0:0:1 - - [21/Mar/2019:21:46:44 +0530] "GET /css/main.css HTTP/1.1" 200 2316
0:0:0:0:0:0:0:1 - - [21/Mar/2019:21:46:44 +0530] "GET /favicon.ico HTTP/1.1" 302 -
0:0:0:0:0:0:0:1 - - [21/Mar/2019:21:46:44 +0530] "GET /login HTTP/1.1" 200 2852
0:0:0:0:0:0:0:1 - - [21/Mar/2019:21:46:50 +0530] "POST /doLogin HTTP/1.1" 405 6880
0:0:0:0:0:0:0:1 - - [21/Mar/2019:21:46:50 +0530] "GET /favicon.ico HTTP/1.1" 404 126
0:0:0:0:0:0:0:1 - - [21/Mar/2019:21:49:34 +0530] "GET /login HTTP/1.1" 200 2852
0:0:0:0:0:0:0:1 - - [21/Mar/2019:21:49:34 +0530] "GET /css/main.css HTTP/1.1" 200 2316
0:0:0:0:0:0:0:1 - - [21/Mar/2019:21:49:34 +0530] "GET /css/bootstrap.min.css HTTP/1.1" 200 155758
0:0:0:0:0:0:0:1 - - [21/Mar/2019:21:49:39 +0530] "GET /userList HTTP/1.1" 200 2818
0:0:0:0:0:0:0:1 - - [21/Mar/2019:21:49:39 +0530] "GET /css/main.css HTTP/1.1" 200 2316
0:0:0:0:0:0:0:1 - - [21/Mar/2019:21:49:39 +0530] "GET /img/NJ.jpg HTTP/1.1" 200 6831
0:0:0:0:0:0:0:1 - - [21/Mar/2019:21:49:39 +0530] "GET /css/bootstrap.min.css HTTP/1.1" 200 155758
0:0:0:0:0:0:0:1 - - [21/Mar/2019:21:49:44 +0530] "GET /logout HTTP/1.1" 404 306
0:0:0:0:0:0:0:1 - - [21/Mar/2019:21:50:18 +0530] "GET / HTTP/1.1" 200 2852
0:0:0:0:0:0:0:1 - - [21/Mar/2019:21:50:18 +0530] "GET /img/NJ.jpg HTTP/1.1" 200 6831
0:0:0:0:0:0:0:1 - - [21/Mar/2019:21:50:18 +0530] "GET /css/main.css HTTP/1.1" 200 2316
0:0:0:0:0:0:0:1 - - [21/Mar/2019:21:50:18 +0530] "GET /css/bootstrap.min.css HTTP/1.1" 200 155758
0:0:0:0:0:0:0:1 - - [21/Mar/2019:21:50:24 +0530] "GET /userList HTTP/1.1" 302 -
0:0:0:0:0:0:0:1 - - [21/Mar/2019:21:50:24 +0530] "GET /login HTTP/1.1" 200 2852
0:0:0:0:0:0:0:1 - - [21/Mar/2019:21:50:24 +0530] "GET /css/main.css HTTP/1.1" 200 2316
0:0:0:0:0:0:0:1 - - [21/Mar/2019:21:50:24 +0530] "GET /css/bootstrap.min.css HTTP/1.1" 200 155758
0:0:0:0:0:0:0:1 - - [21/Mar/2019:21:50:24 +0530] "GET /img/NJ.jpg HTTP/1.1" 200 6831
0:0:0:0:0:0:0:1 - - [21/Mar/2019:21:50:30 +0530] "POST /doLogin HTTP/1.1" 405 6880
0:0:0:0:0:0:0:1 - - [21/Mar/2019:21:50:51 +0530] "GET /userList HTTP/1.1" 200 2818
0:0:0:0:0:0:0:1 - - [21/Mar/2019:21:50:51 +0530] "GET /css/main.css HTTP/1.1" 200 2316
0:0:0:0:0:0:0:1 - - [21/Mar/2019:21:50:51 +0530] "GET /img/NJ.jpg HTTP/1.1" 200 6831
0:0:0:0:0:0:0:1 - - [21/Mar/2019:21:50:51 +0530] "GET /css/bootstrap.min.css HTTP/1.1" 200 155758
0:0:0:0:0:0:0:1 - - [21/Mar/2019:21:52:44 +0530] "GET /logout HTTP/1.1" 404 306
0:0:0:0:0:0:0:1 - - [21/Mar/2019:21:52:48 +0530] "GET / HTTP/1.1" 200 2852
0:0:0:0:0:0:0:1 - - [21/Mar/2019:21:52:49 +0530] "GET /css/main.css HTTP/1.1" 200 2316
0:0:0:0:0:0:0:1 - - [21/Mar/2019:21:52:49 +0530] "GET /img/NJ.jpg HTTP/1.1" 200 6831
0:0:0:0:0:0:0:1 - - [21/Mar/2019:21:52:49 +0530] "GET /css/bootstrap.min.css HTTP/1.1" 200 155758
0:0:0:0:0:0:0:1 - - [21/Mar/2019:21:52:53 +0530] "GET /userList HTTP/1.1" 405 7686
0:0:0:0:0:0:0:1 - - [21/Mar/2019:21:54:24 +0530] "GET /userList HTTP/1.1" 302 -
0:0:0:0:0:0:0:1 - - [21/Mar/2019:21:54:25 +0530] "GET /login HTTP/1.1" 200 2852
0:0:0:0:0:0:0:1 - - [21/Mar/2019:21:54:25 +0530] "GET /css/main.css HTTP/1.1" 200 2316
0:0:0:0:0:0:0:1 - - [21/Mar/2019:21:54:25 +0530] "GET /css/bootstrap.min.css HTTP/1.1" 200 155758
0:0:0:0:0:0:0:1 - - [21/Mar/2019:21:54:25 +0530] "GET /img/NJ.jpg HTTP/1.1" 200 6831
0:0:0:0:0:0:0:1 - - [21/Mar/2019:21:54:38 +0530] "GET /css/main.css HTTP/1.1" 200 2316
0:0:0:0:0:0:0:1 - - [21/Mar/2019:21:54:38 +0530] "POST /doLogin HTTP/1.1" 200 2820
0:0:0:0:0:0:0:1 - - [21/Mar/2019:21:54:38 +0530] "GET /img/NJ.jpg HTTP/1.1" 200 6831
0:0:0:0:0:0:0:1 - - [21/Mar/2019:21:54:38 +0530] "GET /css/bootstrap.min.css HTTP/1.1" 200 155758
0:0:0:0:0:0:0:1 - - [21/Mar/2019:21:54:41 +0530] "GET /createUser HTTP/1.1" 200 3131
0:0:0:0:0:0:0:1 - - [21/Mar/2019:21:54:41 +0530] "GET /css/main.css HTTP/1.1" 200 2316
0:0:0:0:0:0:0:1 - - [21/Mar/2019:21:54:41 +0530] "GET /css/bootstrap.min.css HTTP/1.1" 200 155758
0:0:0:0:0:0:0:1 - - [21/Mar/2019:21:54:41 +0530] "GET /img/NJ.jpg HTTP/1.1" 200 6831
0:0:0:0:0:0:0:1 - - [21/Mar/2019:21:54:43 +0530] "GET /userList HTTP/1.1" 200 2820
0:0:0:0:0:0:0:1 - - [21/Mar/2019:21:54:43 +0530] "GET /css/main.css HTTP/1.1" 200 2316
0:0:0:0:0:0:0:1 - - [21/Mar/2019:21:54:43 +0530] "GET /css/bootstrap.min.css HTTP/1.1" 200 155758
0:0:0:0:0:0:0:1 - - [21/Mar/2019:21:54:43 +0530] "GET /img/NJ.jpg HTTP/1.1" 200 6831
0:0:0:0:0:0:0:1 - - [21/Mar/2019:21:54:44 +0530] "GET /createUser HTTP/1.1" 200 3131
0:0:0:0:0:0:0:1 - - [21/Mar/2019:21:54:44 +0530] "GET /css/main.css HTTP/1.1" 200 2316
0:0:0:0:0:0:0:1 - - [21/Mar/2019:21:54:44 +0530] "GET /img/NJ.jpg HTTP/1.1" 200 6831
0:0:0:0:0:0:0:1 - - [21/Mar/2019:21:54:44 +0530] "GET /css/bootstrap.min.css HTTP/1.1" 200 155758
0:0:0:0:0:0:0:1 - - [21/Mar/2019:21:54:46 +0530] "GET /doLogout HTTP/1.1" 302 -
0:0:0:0:0:0:0:1 - - [21/Mar/2019:21:54:46 +0530] "GET /login?logout HTTP/1.1" 200 2852
0:0:0:0:0:0:0:1 - - [21/Mar/2019:21:54:46 +0530] "GET /css/main.css HTTP/1.1" 200 2316
0:0:0:0:0:0:0:1 - - [21/Mar/2019:21:54:46 +0530] "GET /css/bootstrap.min.css HTTP/1.1" 200 155758
0:0:0:0:0:0:0:1 - - [21/Mar/2019:21:54:46 +0530] "GET /img/NJ.jpg HTTP/1.1" 200 6831
0:0:0:0:0:0:0:1 - - [21/Mar/2019:21:54:58 +0530] "POST /doLogin HTTP/1.1" 200 2820
0:0:0:0:0:0:0:1 - - [21/Mar/2019:21:54:58 +0530] "GET /img/NJ.jpg HTTP/1.1" 200 6831
0:0:0:0:0:0:0:1 - - [21/Mar/2019:21:54:58 +0530] "GET /css/bootstrap.min.css HTTP/1.1" 200 155758
0:0:0:0:0:0:0:1 - - [21/Mar/2019:21:54:58 +0530] "GET /css/main.css HTTP/1.1" 200 2316
0:0:0:0:0:0:0:1 - - [21/Mar/2019:21:55:02 +0530] "GET /createUser HTTP/1.1" 200 3131
0:0:0:0:0:0:0:1 - - [21/Mar/2019:21:55:02 +0530] "GET /css/main.css HTTP/1.1" 200 2316
0:0:0:0:0:0:0:1 - - [21/Mar/2019:21:55:02 +0530] "GET /img/NJ.jpg HTTP/1.1" 200 6831
0:0:0:0:0:0:0:1 - - [21/Mar/2019:21:55:02 +0530] "GET /css/bootstrap.min.css HTTP/1.1" 200 155758
0:0:0:0:0:0:0:1 - - [21/Mar/2019:21:55:06 +0530] "POST /createUser HTTP/1.1" 302 -
0:0:0:0:0:0:0:1 - - [21/Mar/2019:21:55:06 +0530] "GET /userList HTTP/1.1" 200 3099
0:0:0:0:0:0:0:1 - - [21/Mar/2019:21:55:06 +0530] "GET /css/main.css HTTP/1.1" 200 2316
0:0:0:0:0:0:0:1 - - [21/Mar/2019:21:55:06 +0530] "GET /css/bootstrap.min.css HTTP/1.1" 200 155758
0:0:0:0:0:0:0:1 - - [21/Mar/2019:21:55:06 +0530] "GET /img/NJ.jpg HTTP/1.1" 200 6831
0:0:0:0:0:0:0:1 - - [21/Mar/2019:21:55:07 +0530] "GET /modifyUser/18 HTTP/1.1" 200 3997
0:0:0:0:0:0:0:1 - - [21/Mar/2019:21:55:07 +0530] "GET /css/main.css HTTP/1.1" 200 2316
0:0:0:0:0:0:0:1 - - [21/Mar/2019:21:55:07 +0530] "GET /css/bootstrap.min.css HTTP/1.1" 200 155758
0:0:0:0:0:0:0:1 - - [21/Mar/2019:21:55:07 +0530] "GET /img/NJ.jpg HTTP/1.1" 200 6831
0:0:0:0:0:0:0:1 - - [21/Mar/2019:21:55:10 +0530] "GET /doLogout HTTP/1.1" 302 -
0:0:0:0:0:0:0:1 - - [21/Mar/2019:21:55:10 +0530] "GET /login?logout HTTP/1.1" 200 2852
0:0:0:0:0:0:0:1 - - [21/Mar/2019:21:55:10 +0530] "GET /css/main.css HTTP/1.1" 200 2316
0:0:0:0:0:0:0:1 - - [21/Mar/2019:21:55:10 +0530] "GET /css/bootstrap.min.css HTTP/1.1" 200 155758
0:0:0:0:0:0:0:1 - - [21/Mar/2019:21:55:10 +0530] "GET /img/NJ.jpg HTTP/1.1" 200 6831
0:0:0:0:0:0:0:1 - - [21/Mar/2019:21:55:17 +0530] "GET /userList HTTP/1.1" 302 -
0:0:0:0:0:0:0:1 - - [21/Mar/2019:21:55:17 +0530] "GET /login HTTP/1.1" 200 2852
0:0:0:0:0:0:0:1 - - [21/Mar/2019:21:55:17 +0530] "GET /img/NJ.jpg HTTP/1.1" 200 6831
0:0:0:0:0:0:0:1 - - [21/Mar/2019:21:55:17 +0530] "GET /css/main.css HTTP/1.1" 200 2316
0:0:0:0:0:0:0:1 - - [21/Mar/2019:21:55:17 +0530] "GET /css/bootstrap.min.css HTTP/1.1" 200 155758
0:0:0:0:0:0:0:1 - - [21/Mar/2019:21:56:27 +0530] "GET /login HTTP/1.1" 200 2861
0:0:0:0:0:0:0:1 - - [21/Mar/2019:21:56:27 +0530] "GET /css/main.css HTTP/1.1" 200 2316
0:0:0:0:0:0:0:1 - - [21/Mar/2019:21:56:27 +0530] "GET /img/NJ.jpg HTTP/1.1" 200 6831
0:0:0:0:0:0:0:1 - - [21/Mar/2019:21:56:27 +0530] "GET /css/bootstrap.min.css HTTP/1.1" 200 155758
0:0:0:0:0:0:0:1 - - [21/Mar/2019:21:56:33 +0530] "POST /doLogin HTTP/1.1" 302 -
0:0:0:0:0:0:0:1 - - [21/Mar/2019:21:56:33 +0530] "GET /login?error HTTP/1.1" 200 2861
0:0:0:0:0:0:0:1 - - [21/Mar/2019:21:56:33 +0530] "GET /css/main.css HTTP/1.1" 200 2316
0:0:0:0:0:0:0:1 - - [21/Mar/2019:21:56:33 +0530] "GET /css/bootstrap.min.css HTTP/1.1" 200 155758
0:0:0:0:0:0:0:1 - - [21/Mar/2019:21:56:33 +0530] "GET /img/NJ.jpg HTTP/1.1" 200 6831
0:0:0:0:0:0:0:1 - - [21/Mar/2019:21:57:03 +0530] "GET /login?error HTTP/1.1" 200 2923
0:0:0:0:0:0:0:1 - - [21/Mar/2019:21:57:03 +0530] "GET /css/main.css HTTP/1.1" 200 2316
0:0:0:0:0:0:0:1 - - [21/Mar/2019:21:57:03 +0530] "GET /css/bootstrap.min.css HTTP/1.1" 200 155758
0:0:0:0:0:0:0:1 - - [21/Mar/2019:21:57:03 +0530] "GET /img/NJ.jpg HTTP/1.1" 200 6831
0:0:0:0:0:0:0:1 - - [21/Mar/2019:21:57:11 +0530] "GET / HTTP/1.1" 200 2870
0:0:0:0:0:0:0:1 - - [21/Mar/2019:21:57:11 +0530] "GET /css/main.css HTTP/1.1" 200 2316
0:0:0:0:0:0:0:1 - - [21/Mar/2019:21:57:11 +0530] "GET /css/bootstrap.min.css HTTP/1.1" 200 155758
0:0:0:0:0:0:0:1 - - [21/Mar/2019:21:57:11 +0530] "GET /img/NJ.jpg HTTP/1.1" 200 6831
0:0:0:0:0:0:0:1 - - [21/Mar/2019:21:57:18 +0530] "POST /doLogin HTTP/1.1" 302 -
0:0:0:0:0:0:0:1 - - [21/Mar/2019:21:57:18 +0530] "GET /login?error HTTP/1.1" 200 2923
0:0:0:0:0:0:0:1 - - [21/Mar/2019:21:57:18 +0530] "GET /css/main.css HTTP/1.1" 200 2316
0:0:0:0:0:0:0:1 - - [21/Mar/2019:21:57:18 +0530] "GET /img/NJ.jpg HTTP/1.1" 200 6831
0:0:0:0:0:0:0:1 - - [21/Mar/2019:21:57:18 +0530] "GET /css/bootstrap.min.css HTTP/1.1" 200 155758
0:0:0:0:0:0:0:1 - - [21/Mar/2019:21:57:25 +0530] "POST /doLogin HTTP/1.1" 200 3099
0:0:0:0:0:0:0:1 - - [21/Mar/2019:21:57:25 +0530] "GET /img/NJ.jpg HTTP/1.1" 200 6831
0:0:0:0:0:0:0:1 - - [21/Mar/2019:21:57:25 +0530] "GET /css/bootstrap.min.css HTTP/1.1" 200 155758
0:0:0:0:0:0:0:1 - - [21/Mar/2019:21:57:25 +0530] "GET /css/main.css HTTP/1.1" 200 2316
0:0:0:0:0:0:0:1 - - [21/Mar/2019:21:57:31 +0530] "GET /doLogout HTTP/1.1" 302 -
0:0:0:0:0:0:0:1 - - [21/Mar/2019:21:57:31 +0530] "GET /login?logout HTTP/1.1" 200 2934
0:0:0:0:0:0:0:1 - - [21/Mar/2019:21:57:31 +0530] "GET /css/main.css HTTP/1.1" 200 2316
0:0:0:0:0:0:0:1 - - [21/Mar/2019:21:57:31 +0530] "GET /img/NJ.jpg HTTP/1.1" 200 6831
0:0:0:0:0:0:0:1 - - [21/Mar/2019:21:57:31 +0530] "GET /css/bootstrap.min.css HTTP/1.1" 200 155758
0:0:0:0:0:0:0:1 - - [21/Mar/2019:21:57:39 +0530] "GET /login?logout HTTP/1.1" 200 2934
0:0:0:0:0:0:0:1 - - [21/Mar/2019:21:57:39 +0530] "GET /css/main.css HTTP/1.1" 200 2316
0:0:0:0:0:0:0:1 - - [21/Mar/2019:21:57:39 +0530] "GET /css/bootstrap.min.css HTTP/1.1" 200 155758
0:0:0:0:0:0:0:1 - - [21/Mar/2019:21:57:39 +0530] "GET /img/NJ.jpg HTTP/1.1" 200 6831
0:0:0:0:0:0:0:1 - - [21/Mar/2019:21:57:44 +0530] "GET /forgotPassword HTTP/1.1" 500 11653
0:0:0:0:0:0:0:1 - - [21/Mar/2019:21:58:48 +0530] "GET /login?logout HTTP/1.1" 200 2934
0:0:0:0:0:0:0:1 - - [21/Mar/2019:21:58:48 +0530] "GET /css/main.css HTTP/1.1" 200 2316
0:0:0:0:0:0:0:1 - - [21/Mar/2019:21:58:48 +0530] "GET /img/NJ.jpg HTTP/1.1" 200 6831
0:0:0:0:0:0:0:1 - - [21/Mar/2019:21:58:48 +0530] "GET /css/bootstrap.min.css HTTP/1.1" 200 155758
0:0:0:0:0:0:0:1 - - [21/Mar/2019:21:58:49 +0530] "GET /forgotPassword HTTP/1.1" 500 11653
0:0:0:0:0:0:0:1 - - [21/Mar/2019:22:00:08 +0530] "GET /login?logout HTTP/1.1" 200 2934
0:0:0:0:0:0:0:1 - - [21/Mar/2019:22:00:08 +0530] "GET /css/main.css HTTP/1.1" 200 2316
0:0:0:0:0:0:0:1 - - [21/Mar/2019:22:00:08 +0530] "GET /css/bootstrap.min.css HTTP/1.1" 200 155758
0:0:0:0:0:0:0:1 - - [21/Mar/2019:22:00:08 +0530] "GET /img/NJ.jpg HTTP/1.1" 200 6831
0:0:0:0:0:0:0:1 - - [21/Mar/2019:22:00:10 +0530] "GET /login?logout HTTP/1.1" 200 2934
0:0:0:0:0:0:0:1 - - [21/Mar/2019:22:00:10 +0530] "GET /css/main.css HTTP/1.1" 200 2316
0:0:0:0:0:0:0:1 - - [21/Mar/2019:22:00:10 +0530] "GET /img/NJ.jpg HTTP/1.1" 200 6831
0:0:0:0:0:0:0:1 - - [21/Mar/2019:22:00:10 +0530] "GET /css/bootstrap.min.css HTTP/1.1" 200 155758
0:0:0:0:0:0:0:1 - - [21/Mar/2019:22:00:10 +0530] "GET /login?logout HTTP/1.1" 200 2934
0:0:0:0:0:0:0:1 - - [21/Mar/2019:22:00:10 +0530] "GET /img/NJ.jpg HTTP/1.1" 200 6831
0:0:0:0:0:0:0:1 - - [21/Mar/2019:22:00:10 +0530] "GET /css/main.css HTTP/1.1" 200 2316
0:0:0:0:0:0:0:1 - - [21/Mar/2019:22:00:10 +0530] "GET /css/bootstrap.min.css HTTP/1.1" 200 155758
0:0:0:0:0:0:0:1 - - [21/Mar/2019:22:00:12 +0530] "GET /forgotPassword HTTP/1.1" 500 11653
0:0:0:0:0:0:0:1 - - [21/Mar/2019:22:01:56 +0530] "GET /login?logout HTTP/1.1" 200 2934
0:0:0:0:0:0:0:1 - - [21/Mar/2019:22:01:56 +0530] "GET /img/NJ.jpg HTTP/1.1" 200 6831
0:0:0:0:0:0:0:1 - - [21/Mar/2019:22:01:56 +0530] "GET /css/main.css HTTP/1.1" 200 2316
0:0:0:0:0:0:0:1 - - [21/Mar/2019:22:01:56 +0530] "GET /css/bootstrap.min.css HTTP/1.1" 200 155758
0:0:0:0:0:0:0:1 - - [21/Mar/2019:22:02:01 +0530] "GET / HTTP/1.1" 200 2870
0:0:0:0:0:0:0:1 - - [21/Mar/2019:22:02:01 +0530] "GET /img/NJ.jpg HTTP/1.1" 200 6831
0:0:0:0:0:0:0:1 - - [21/Mar/2019:22:02:01 +0530] "GET /css/main.css HTTP/1.1" 200 2316
0:0:0:0:0:0:0:1 - - [21/Mar/2019:22:02:01 +0530] "GET /css/bootstrap.min.css HTTP/1.1" 200 155758
0:0:0:0:0:0:0:1 - - [21/Mar/2019:22:02:02 +0530] "GET /forgotPassword HTTP/1.1" 500 11653
0:0:0:0:0:0:0:1 - - [21/Mar/2019:22:02:42 +0530] "GET / HTTP/1.1" 200 2870
0:0:0:0:0:0:0:1 - - [21/Mar/2019:22:02:42 +0530] "GET /css/main.css HTTP/1.1" 200 2316
0:0:0:0:0:0:0:1 - - [21/Mar/2019:22:02:42 +0530] "GET /img/NJ.jpg HTTP/1.1" 200 6831
0:0:0:0:0:0:0:1 - - [21/Mar/2019:22:02:42 +0530] "GET /css/bootstrap.min.css HTTP/1.1" 200 155758
0:0:0:0:0:0:0:1 - - [21/Mar/2019:22:02:52 +0530] "GET /signup HTTP/1.1" 200 3211
0:0:0:0:0:0:0:1 - - [21/Mar/2019:22:02:52 +0530] "GET /css/main.css HTTP/1.1" 200 2316
0:0:0:0:0:0:0:1 - - [21/Mar/2019:22:02:52 +0530] "GET /css/bootstrap.min.css HTTP/1.1" 200 155758
0:0:0:0:0:0:0:1 - - [21/Mar/2019:22:02:52 +0530] "GET /img/NJ.jpg HTTP/1.1" 200 6831
0:0:0:0:0:0:0:1 - - [21/Mar/2019:22:03:02 +0530] "GET / HTTP/1.1" 200 2870
0:0:0:0:0:0:0:1 - - [21/Mar/2019:22:03:02 +0530] "GET /css/main.css HTTP/1.1" 200 2316
0:0:0:0:0:0:0:1 - - [21/Mar/2019:22:03:02 +0530] "GET /img/NJ.jpg HTTP/1.1" 200 6831
0:0:0:0:0:0:0:1 - - [21/Mar/2019:22:03:02 +0530] "GET /css/bootstrap.min.css HTTP/1.1" 200 155758
0:0:0:0:0:0:0:1 - - [21/Mar/2019:22:03:03 +0530] "GET /forgotPassword HTTP/1.1" 500 11653
0:0:0:0:0:0:0:1 - - [21/Mar/2019:22:04:52 +0530] "GET /resetPassword HTTP/1.1" 200 1655
0:0:0:0:0:0:0:1 - - [21/Mar/2019:22:04:52 +0530] "GET /css/main.css HTTP/1.1" 200 2316
0:0:0:0:0:0:0:1 - - [21/Mar/2019:22:04:52 +0530] "GET /css/bootstrap.min.css HTTP/1.1" 200 155758
0:0:0:0:0:0:0:1 - - [21/Mar/2019:22:05:26 +0530] "GET /resetPassword HTTP/1.1" 200 1655
0:0:0:0:0:0:0:1 - - [21/Mar/2019:22:05:26 +0530] "GET /css/main.css HTTP/1.1" 200 2316
0:0:0:0:0:0:0:1 - - [21/Mar/2019:22:05:26 +0530] "GET /css/bootstrap.min.css HTTP/1.1" 200 155758
0:0:0:0:0:0:0:1 - - [21/Mar/2019:22:05:39 +0530] "GET / HTTP/1.1" 200 2870
0:0:0:0:0:0:0:1 - - [21/Mar/2019:22:05:39 +0530] "GET /css/main.css HTTP/1.1" 200 2316
0:0:0:0:0:0:0:1 - - [21/Mar/2019:22:05:39 +0530] "GET /css/bootstrap.min.css HTTP/1.1" 200 155758
0:0:0:0:0:0:0:1 - - [21/Mar/2019:22:05:39 +0530] "GET /img/NJ.jpg HTTP/1.1" 200 6831
0:0:0:0:0:0:0:1 - - [21/Mar/2019:22:05:46 +0530] "GET /signup HTTP/1.1" 200 3211
0:0:0:0:0:0:0:1 - - [21/Mar/2019:22:05:46 +0530] "GET /img/NJ.jpg HTTP/1.1" 200 6831
0:0:0:0:0:0:0:1 - - [21/Mar/2019:22:05:46 +0530] "GET /css/bootstrap.min.css HTTP/1.1" 200 155758
0:0:0:0:0:0:0:1 - - [21/Mar/2019:22:05:46 +0530] "GET /css/main.css HTTP/1.1" 200 2316
0:0:0:0:0:0:0:1 - - [21/Mar/2019:22:05:51 +0530] "GET / HTTP/1.1" 200 2870
0:0:0:0:0:0:0:1 - - [21/Mar/2019:22:05:51 +0530] "GET /css/main.css HTTP/1.1" 200 2316
0:0:0:0:0:0:0:1 - - [21/Mar/2019:22:05:51 +0530] "GET /img/NJ.jpg HTTP/1.1" 200 6831
0:0:0:0:0:0:0:1 - - [21/Mar/2019:22:05:51 +0530] "GET /css/bootstrap.min.css HTTP/1.1" 200 155758
0:0:0:0:0:0:0:1 - - [21/Mar/2019:22:05:53 +0530] "GET /forgotPassword HTTP/1.1" 500 11653
0:0:0:0:0:0:0:1 - - [21/Mar/2019:22:06:37 +0530] "GET / HTTP/1.1" 200 2870
0:0:0:0:0:0:0:1 - - [21/Mar/2019:22:06:37 +0530] "GET /img/NJ.jpg HTTP/1.1" 200 6831
0:0:0:0:0:0:0:1 - - [21/Mar/2019:22:06:37 +0530] "GET /css/main.css HTTP/1.1" 200 2316
0:0:0:0:0:0:0:1 - - [21/Mar/2019:22:06:37 +0530] "GET /css/bootstrap.min.css HTTP/1.1" 200 155758
0:0:0:0:0:0:0:1 - - [21/Mar/2019:22:06:39 +0530] "GET /forgotPassword HTTP/1.1" 200 2578
0:0:0:0:0:0:0:1 - - [21/Mar/2019:22:06:39 +0530] "GET /css/main.css HTTP/1.1" 200 2316
0:0:0:0:0:0:0:1 - - [21/Mar/2019:22:06:39 +0530] "GET /img/NJ.jpg HTTP/1.1" 200 6831
0:0:0:0:0:0:0:1 - - [21/Mar/2019:22:06:39 +0530] "GET /css/bootstrap.min.css HTTP/1.1" 200 155758
0:0:0:0:0:0:0:1 - - [21/Mar/2019:22:07:07 +0530] "GET / HTTP/1.1" 200 2870
0:0:0:0:0:0:0:1 - - [21/Mar/2019:22:07:07 +0530] "GET /css/bootstrap.min.css HTTP/1.1" 200 155758
0:0:0:0:0:0:0:1 - - [21/Mar/2019:22:07:07 +0530] "GET /css/main.css HTTP/1.1" 200 2316
0:0:0:0:0:0:0:1 - - [21/Mar/2019:22:07:09 +0530] "GET /forgotPassword HTTP/1.1" 200 2578
0:0:0:0:0:0:0:1 - - [21/Mar/2019:22:07:09 +0530] "GET /css/main.css HTTP/1.1" 200 2316
0:0:0:0:0:0:0:1 - - [21/Mar/2019:22:07:09 +0530] "GET /img/NJ.jpg HTTP/1.1" 200 6831
0:0:0:0:0:0:0:1 - - [21/Mar/2019:22:07:09 +0530] "GET /css/bootstrap.min.css HTTP/1.1" 200 155758
0:0:0:0:0:0:0:1 - - [21/Mar/2019:22:07:56 +0530] "GET / HTTP/1.1" 200 2870
0:0:0:0:0:0:0:1 - - [21/Mar/2019:22:07:56 +0530] "GET /css/main.css HTTP/1.1" 200 2316
0:0:0:0:0:0:0:1 - - [21/Mar/2019:22:07:56 +0530] "GET /css/bootstrap.min.css HTTP/1.1" 200 155758
0:0:0:0:0:0:0:1 - - [21/Mar/2019:22:07:58 +0530] "GET /forgotPassword HTTP/1.1" 200 2580
0:0:0:0:0:0:0:1 - - [21/Mar/2019:22:07:58 +0530] "GET /css/main.css HTTP/1.1" 200 2316
0:0:0:0:0:0:0:1 - - [21/Mar/2019:22:07:58 +0530] "GET /img/NJ.jpg HTTP/1.1" 200 6831
0:0:0:0:0:0:0:1 - - [21/Mar/2019:22:07:58 +0530] "GET /css/bootstrap.min.css HTTP/1.1" 200 155758
0:0:0:0:0:0:0:1 - - [21/Mar/2019:22:12:02 +0530] "GET / HTTP/1.1" 200 2870
0:0:0:0:0:0:0:1 - - [21/Mar/2019:22:12:02 +0530] "GET /css/main.css HTTP/1.1" 200 2316
0:0:0:0:0:0:0:1 - - [21/Mar/2019:22:12:02 +0530] "GET /css/bootstrap.min.css HTTP/1.1" 200 155758
0:0:0:0:0:0:0:1 - - [21/Mar/2019:22:12:04 +0530] "GET /forgotPassword HTTP/1.1" 200 2591
0:0:0:0:0:0:0:1 - - [21/Mar/2019:22:12:04 +0530] "GET /css/main.css HTTP/1.1" 200 2316
0:0:0:0:0:0:0:1 - - [21/Mar/2019:22:12:04 +0530] "GET /css/bootstrap.min.css HTTP/1.1" 200 155758
0:0:0:0:0:0:0:1 - - [21/Mar/2019:22:12:05 +0530] "GET /img/NJ.jpg HTTP/1.1" 200 6831
0:0:0:0:0:0:0:1 - - [21/Mar/2019:22:12:08 +0530] "POST /resetPassword HTTP/1.1" 500 8453
0:0:0:0:0:0:0:1 - - [21/Mar/2019:22:12:47 +0530] "GET /forgotPassword HTTP/1.1" 200 2591
0:0:0:0:0:0:0:1 - - [21/Mar/2019:22:12:47 +0530] "GET /img/NJ.jpg HTTP/1.1" 200 6831
0:0:0:0:0:0:0:1 - - [21/Mar/2019:22:12:47 +0530] "GET /css/bootstrap.min.css HTTP/1.1" 200 155758
0:0:0:0:0:0:0:1 - - [21/Mar/2019:22:12:47 +0530] "GET /css/main.css HTTP/1.1" 200 2316
0:0:0:0:0:0:0:1 - - [21/Mar/2019:22:12:50 +0530] "POST /resetPassword HTTP/1.1" 404 306
0:0:0:0:0:0:0:1 - - [21/Mar/2019:22:13:13 +0530] "GET /forgotPassword HTTP/1.1" 200 2591
0:0:0:0:0:0:0:1 - - [21/Mar/2019:22:13:13 +0530] "GET /css/main.css HTTP/1.1" 200 2316
0:0:0:0:0:0:0:1 - - [21/Mar/2019:22:13:13 +0530] "GET /img/NJ.jpg HTTP/1.1" 200 6831
0:0:0:0:0:0:0:1 - - [21/Mar/2019:22:13:13 +0530] "GET /css/bootstrap.min.css HTTP/1.1" 200 155758
0:0:0:0:0:0:0:1 - - [21/Mar/2019:22:13:16 +0530] "POST /resetPassword HTTP/1.1" 404 306
0:0:0:0:0:0:0:1 - - [21/Mar/2019:22:13:52 +0530] "GET /forgotPassword HTTP/1.1" 200 2591
0:0:0:0:0:0:0:1 - - [21/Mar/2019:22:13:52 +0530] "GET /css/bootstrap.min.css HTTP/1.1" 200 155758
0:0:0:0:0:0:0:1 - - [21/Mar/2019:22:13:52 +0530] "GET /css/main.css HTTP/1.1" 200 2316
0:0:0:0:0:0:0:1 - - [21/Mar/2019:22:13:52 +0530] "GET /img/NJ.jpg HTTP/1.1" 200 6831
0:0:0:0:0:0:0:1 - - [21/Mar/2019:22:13:59 +0530] "POST /resetPassword HTTP/1.1" 200 1655
0:0:0:0:0:0:0:1 - - [21/Mar/2019:22:13:59 +0530] "GET /css/main.css HTTP/1.1" 200 2316
0:0:0:0:0:0:0:1 - - [21/Mar/2019:22:13:59 +0530] "GET /css/bootstrap.min.css HTTP/1.1" 200 155758
0:0:0:0:0:0:0:1 - - [21/Mar/2019:22:49:32 +0530] "GET /forgotPassword HTTP/1.1" 200 2591
0:0:0:0:0:0:0:1 - - [21/Mar/2019:22:49:32 +0530] "GET /css/main.css HTTP/1.1" 200 2316
0:0:0:0:0:0:0:1 - - [21/Mar/2019:22:49:32 +0530] "GET /img/NJ.jpg HTTP/1.1" 200 6831
0:0:0:0:0:0:0:1 - - [21/Mar/2019:22:49:32 +0530] "GET /css/bootstrap.min.css HTTP/1.1" 200 155758
0:0:0:0:0:0:0:1 - - [21/Mar/2019:22:49:40 +0530] "GET / HTTP/1.1" 200 2870
0:0:0:0:0:0:0:1 - - [21/Mar/2019:22:49:40 +0530] "GET /css/main.css HTTP/1.1" 200 2316
0:0:0:0:0:0:0:1 - - [21/Mar/2019:22:49:40 +0530] "GET /css/bootstrap.min.css HTTP/1.1" 200 155758
0:0:0:0:0:0:0:1 - - [21/Mar/2019:22:49:40 +0530] "GET /img/NJ.jpg HTTP/1.1" 200 6831
0:0:0:0:0:0:0:1 - - [21/Mar/2019:22:49:42 +0530] "GET /forgotPassword HTTP/1.1" 200 2591
0:0:0:0:0:0:0:1 - - [21/Mar/2019:22:49:42 +0530] "GET /css/bootstrap.min.css HTTP/1.1" 200 155758
0:0:0:0:0:0:0:1 - - [21/Mar/2019:22:49:42 +0530] "GET /img/NJ.jpg HTTP/1.1" 200 6831
0:0:0:0:0:0:0:1 - - [21/Mar/2019:22:49:42 +0530] "GET /css/main.css HTTP/1.1" 200 2316
0:0:0:0:0:0:0:1 - - [21/Mar/2019:22:49:43 +0530] "GET / HTTP/1.1" 200 2870
0:0:0:0:0:0:0:1 - - [21/Mar/2019:22:49:43 +0530] "GET /css/bootstrap.min.css HTTP/1.1" 200 155758
0:0:0:0:0:0:0:1 - - [21/Mar/2019:22:49:43 +0530] "GET /img/NJ.jpg HTTP/1.1" 200 6831
0:0:0:0:0:0:0:1 - - [21/Mar/2019:22:49:43 +0530] "GET /css/main.css HTTP/1.1" 200 2316
0:0:0:0:0:0:0:1 - - [21/Mar/2019:22:49:44 +0530] "GET /signup HTTP/1.1" 200 3211
0:0:0:0:0:0:0:1 - - [21/Mar/2019:22:49:44 +0530] "GET /css/main.css HTTP/1.1" 200 2316
0:0:0:0:0:0:0:1 - - [21/Mar/2019:22:49:44 +0530] "GET /css/bootstrap.min.css HTTP/1.1" 200 155758
0:0:0:0:0:0:0:1 - - [21/Mar/2019:22:49:44 +0530] "GET /img/NJ.jpg HTTP/1.1" 200 6831
0:0:0:0:0:0:0:1 - - [21/Mar/2019:22:49:47 +0530] "GET / HTTP/1.1" 200 2870
0:0:0:0:0:0:0:1 - - [21/Mar/2019:22:49:47 +0530] "GET /css/main.css HTTP/1.1" 200 2316
0:0:0:0:0:0:0:1 - - [21/Mar/2019:22:49:47 +0530] "GET /css/bootstrap.min.css HTTP/1.1" 200 155758
0:0:0:0:0:0:0:1 - - [21/Mar/2019:22:49:47 +0530] "GET /img/NJ.jpg HTTP/1.1" 200 6831
0:0:0:0:0:0:0:1 - - [21/Mar/2019:22:49:49 +0530] "GET /signup HTTP/1.1" 200 3211
0:0:0:0:0:0:0:1 - - [21/Mar/2019:22:49:49 +0530] "GET /css/main.css HTTP/1.1" 200 2316
0:0:0:0:0:0:0:1 - - [21/Mar/2019:22:49:49 +0530] "GET /img/NJ.jpg HTTP/1.1" 200 6831
0:0:0:0:0:0:0:1 - - [21/Mar/2019:22:49:49 +0530] "GET /css/bootstrap.min.css HTTP/1.1" 200 155758
0:0:0:0:0:0:0:1 - - [21/Mar/2019:22:49:54 +0530] "GET / HTTP/1.1" 200 2870
0:0:0:0:0:0:0:1 - - [21/Mar/2019:22:49:54 +0530] "GET /css/main.css HTTP/1.1" 200 2316
0:0:0:0:0:0:0:1 - - [21/Mar/2019:22:49:54 +0530] "GET /img/NJ.jpg HTTP/1.1" 200 6831
0:0:0:0:0:0:0:1 - - [21/Mar/2019:22:49:54 +0530] "GET /css/bootstrap.min.css HTTP/1.1" 200 155758
0:0:0:0:0:0:0:1 - - [21/Mar/2019:22:49:55 +0530] "GET / HTTP/1.1" 200 2870
0:0:0:0:0:0:0:1 - - [21/Mar/2019:22:49:55 +0530] "GET /css/main.css HTTP/1.1" 200 2316
0:0:0:0:0:0:0:1 - - [21/Mar/2019:22:49:55 +0530] "GET /css/bootstrap.min.css HTTP/1.1" 200 155758
0:0:0:0:0:0:0:1 - - [21/Mar/2019:22:49:55 +0530] "GET /img/NJ.jpg HTTP/1.1" 200 6831
0:0:0:0:0:0:0:1 - - [21/Mar/2019:22:49:55 +0530] "GET / HTTP/1.1" 200 2870
0:0:0:0:0:0:0:1 - - [21/Mar/2019:22:49:55 +0530] "GET /css/main.css HTTP/1.1" 200 2316
0:0:0:0:0:0:0:1 - - [21/Mar/2019:22:49:55 +0530] "GET /img/NJ.jpg HTTP/1.1" 200 6831
0:0:0:0:0:0:0:1 - - [21/Mar/2019:22:49:55 +0530] "GET /css/bootstrap.min.css HTTP/1.1" 200 155758
0:0:0:0:0:0:0:1 - - [21/Mar/2019:22:49:56 +0530] "GET / HTTP/1.1" 200 2870
0:0:0:0:0:0:0:1 - - [21/Mar/2019:22:49:56 +0530] "GET /img/NJ.jpg HTTP/1.1" 200 6831
0:0:0:0:0:0:0:1 - - [21/Mar/2019:22:49:56 +0530] "GET /css/bootstrap.min.css HTTP/1.1" 200 155758
0:0:0:0:0:0:0:1 - - [21/Mar/2019:22:49:56 +0530] "GET /css/main.css HTTP/1.1" 200 2316
0:0:0:0:0:0:0:1 - - [21/Mar/2019:22:49:56 +0530] "GET / HTTP/1.1" 200 2870
0:0:0:0:0:0:0:1 - - [21/Mar/2019:22:49:56 +0530] "GET /css/main.css HTTP/1.1" 200 2316
0:0:0:0:0:0:0:1 - - [21/Mar/2019:22:49:56 +0530] "GET /css/bootstrap.min.css HTTP/1.1" 200 155758
0:0:0:0:0:0:0:1 - - [21/Mar/2019:22:49:56 +0530] "GET /img/NJ.jpg HTTP/1.1" 200 6831
0:0:0:0:0:0:0:1 - - [21/Mar/2019:23:03:14 +0530] "GET /userList HTTP/1.1" 302 -
0:0:0:0:0:0:0:1 - - [21/Mar/2019:23:03:15 +0530] "GET /login HTTP/1.1" 200 2870
0:0:0:0:0:0:0:1 - - [21/Mar/2019:23:03:15 +0530] "GET /css/main.css HTTP/1.1" 200 2316
0:0:0:0:0:0:0:1 - - [21/Mar/2019:23:03:15 +0530] "GET /img/NJ.jpg HTTP/1.1" 200 6831
0:0:0:0:0:0:0:1 - - [21/Mar/2019:23:03:15 +0530] "GET /css/bootstrap.min.css HTTP/1.1" 200 155758
0:0:0:0:0:0:0:1 - - [21/Mar/2019:23:03:21 +0530] "POST /doLogin HTTP/1.1" 302 -
0:0:0:0:0:0:0:1 - - [21/Mar/2019:23:03:21 +0530] "GET /login?error HTTP/1.1" 200 2923
0:0:0:0:0:0:0:1 - - [21/Mar/2019:23:03:21 +0530] "GET /css/main.css HTTP/1.1" 200 2316
0:0:0:0:0:0:0:1 - - [21/Mar/2019:23:03:21 +0530] "GET /img/NJ.jpg HTTP/1.1" 200 6831
0:0:0:0:0:0:0:1 - - [21/Mar/2019:23:03:21 +0530] "GET /css/bootstrap.min.css HTTP/1.1" 200 155758
0:0:0:0:0:0:0:1 - - [21/Mar/2019:23:03:29 +0530] "POST /doLogin HTTP/1.1" 302 -
0:0:0:0:0:0:0:1 - - [21/Mar/2019:23:03:30 +0530] "GET /login HTTP/1.1" 200 2870
0:0:0:0:0:0:0:1 - - [21/Mar/2019:23:03:30 +0530] "GET /img/NJ.jpg HTTP/1.1" 200 6831
0:0:0:0:0:0:0:1 - - [21/Mar/2019:23:03:30 +0530] "GET /css/main.css HTTP/1.1" 200 2316
0:0:0:0:0:0:0:1 - - [21/Mar/2019:23:03:30 +0530] "GET /css/bootstrap.min.css HTTP/1.1" 200 155758
0:0:0:0:0:0:0:1 - - [21/Mar/2019:23:11:09 +0530] "POST /doLogin HTTP/1.1" 302 -
0:0:0:0:0:0:0:1 - - [21/Mar/2019:23:11:10 +0530] "GET /login HTTP/1.1" 200 2870
0:0:0:0:0:0:0:1 - - [21/Mar/2019:23:11:10 +0530] "GET /img/NJ.jpg HTTP/1.1" 200 6831
0:0:0:0:0:0:0:1 - - [21/Mar/2019:23:11:10 +0530] "GET /css/main.css HTTP/1.1" 200 2316
0:0:0:0:0:0:0:1 - - [21/Mar/2019:23:11:10 +0530] "GET /css/bootstrap.min.css HTTP/1.1" 200 155758
0:0:0:0:0:0:0:1 - - [21/Mar/2019:23:28:09 +0530] "GET / HTTP/1.1" 200 2870
0:0:0:0:0:0:0:1 - - [21/Mar/2019:23:28:09 +0530] "GET /css/main.css HTTP/1.1" 200 2316
0:0:0:0:0:0:0:1 - - [21/Mar/2019:23:28:09 +0530] "GET /img/NJ.jpg HTTP/1.1" 200 6831
0:0:0:0:0:0:0:1 - - [21/Mar/2019:23:28:09 +0530] "GET /css/bootstrap.min.css HTTP/1.1" 200 155758
0:0:0:0:0:0:0:1 - - [21/Mar/2019:23:28:27 +0530] "POST /doLogin HTTP/1.1" 302 -
0:0:0:0:0:0:0:1 - - [21/Mar/2019:23:28:27 +0530] "GET /login?error HTTP/1.1" 200 2923
0:0:0:0:0:0:0:1 - - [21/Mar/2019:23:28:27 +0530] "GET /css/main.css HTTP/1.1" 200 2316
0:0:0:0:0:0:0:1 - - [21/Mar/2019:23:28:27 +0530] "GET /img/NJ.jpg HTTP/1.1" 200 6831
0:0:0:0:0:0:0:1 - - [21/Mar/2019:23:28:27 +0530] "GET /css/bootstrap.min.css HTTP/1.1" 200 155758
0:0:0:0:0:0:0:1 - - [21/Mar/2019:23:30:03 +0530] "POST /doLogin HTTP/1.1" 302 -
0:0:0:0:0:0:0:1 - - [21/Mar/2019:23:30:03 +0530] "GET /login?error HTTP/1.1" 200 2923
0:0:0:0:0:0:0:1 - - [21/Mar/2019:23:30:03 +0530] "GET /img/NJ.jpg HTTP/1.1" 200 6831
0:0:0:0:0:0:0:1 - - [21/Mar/2019:23:30:03 +0530] "GET /css/bootstrap.min.css HTTP/1.1" 200 155758
0:0:0:0:0:0:0:1 - - [21/Mar/2019:23:30:03 +0530] "GET /css/main.css HTTP/1.1" 200 2316
0:0:0:0:0:0:0:1 - - [21/Mar/2019:23:31:10 +0530] "POST /doLogin HTTP/1.1" 302 -
0:0:0:0:0:0:0:1 - - [21/Mar/2019:23:31:10 +0530] "GET /login?error HTTP/1.1" 200 2923
0:0:0:0:0:0:0:1 - - [21/Mar/2019:23:31:10 +0530] "GET /css/main.css HTTP/1.1" 200 2316
0:0:0:0:0:0:0:1 - - [21/Mar/2019:23:31:10 +0530] "GET /css/bootstrap.min.css HTTP/1.1" 200 155758
0:0:0:0:0:0:0:1 - - [21/Mar/2019:23:31:10 +0530] "GET /img/NJ.jpg HTTP/1.1" 200 6831
0:0:0:0:0:0:0:1 - - [21/Mar/2019:23:32:55 +0530] "POST /doLogin HTTP/1.1" 200 3099
0:0:0:0:0:0:0:1 - - [21/Mar/2019:23:32:55 +0530] "GET /img/NJ.jpg HTTP/1.1" 200 6831
0:0:0:0:0:0:0:1 - - [21/Mar/2019:23:32:55 +0530] "GET /css/main.css HTTP/1.1" 200 2316
0:0:0:0:0:0:0:1 - - [21/Mar/2019:23:32:55 +0530] "GET /css/bootstrap.min.css HTTP/1.1" 200 155758
0:0:0:0:0:0:0:1 - - [21/Mar/2019:23:32:59 +0530] "GET /createUser HTTP/1.1" 200 3131
0:0:0:0:0:0:0:1 - - [21/Mar/2019:23:32:59 +0530] "GET /css/main.css HTTP/1.1" 200 2316
0:0:0:0:0:0:0:1 - - [21/Mar/2019:23:32:59 +0530] "GET /img/NJ.jpg HTTP/1.1" 200 6831
0:0:0:0:0:0:0:1 - - [21/Mar/2019:23:32:59 +0530] "GET /css/bootstrap.min.css HTTP/1.1" 200 155758
0:0:0:0:0:0:0:1 - - [21/Mar/2019:23:33:29 +0530] "POST /createUser HTTP/1.1" 302 -
0:0:0:0:0:0:0:1 - - [21/Mar/2019:23:33:29 +0530] "GET /userList HTTP/1.1" 200 3374
0:0:0:0:0:0:0:1 - - [21/Mar/2019:23:33:29 +0530] "GET /css/main.css HTTP/1.1" 200 2316
0:0:0:0:0:0:0:1 - - [21/Mar/2019:23:33:29 +0530] "GET /img/NJ.jpg HTTP/1.1" 200 6831
0:0:0:0:0:0:0:1 - - [21/Mar/2019:23:33:29 +0530] "GET /css/bootstrap.min.css HTTP/1.1" 200 155758
0:0:0:0:0:0:0:1 - - [21/Mar/2019:23:33:35 +0530] "GET /doLogout HTTP/1.1" 302 -
0:0:0:0:0:0:0:1 - - [21/Mar/2019:23:33:35 +0530] "GET /login?logout HTTP/1.1" 200 2934
0:0:0:0:0:0:0:1 - - [21/Mar/2019:23:33:35 +0530] "GET /css/main.css HTTP/1.1" 200 2316
0:0:0:0:0:0:0:1 - - [21/Mar/2019:23:33:35 +0530] "GET /css/bootstrap.min.css HTTP/1.1" 200 155758
0:0:0:0:0:0:0:1 - - [21/Mar/2019:23:33:35 +0530] "GET /img/NJ.jpg HTTP/1.1" 200 6831
0:0:0:0:0:0:0:1 - - [21/Mar/2019:23:35:44 +0530] "POST /doLogin HTTP/1.1" 302 -
0:0:0:0:0:0:0:1 - - [21/Mar/2019:23:35:44 +0530] "GET /login?error HTTP/1.1" 200 2923
0:0:0:0:0:0:0:1 - - [21/Mar/2019:23:35:44 +0530] "GET /css/main.css HTTP/1.1" 200 2316
0:0:0:0:0:0:0:1 - - [21/Mar/2019:23:35:44 +0530] "GET /img/NJ.jpg HTTP/1.1" 200 6831
0:0:0:0:0:0:0:1 - - [21/Mar/2019:23:35:44 +0530] "GET /css/bootstrap.min.css HTTP/1.1" 200 155758
0:0:0:0:0:0:0:1 - - [21/Mar/2019:23:36:41 +0530] "GET / HTTP/1.1" 200 2870
0:0:0:0:0:0:0:1 - - [21/Mar/2019:23:36:41 +0530] "GET /css/bootstrap.min.css HTTP/1.1" 200 155758
0:0:0:0:0:0:0:1 - - [21/Mar/2019:23:36:41 +0530] "GET /css/main.css HTTP/1.1" 200 2316
0:0:0:0:0:0:0:1 - - [21/Mar/2019:23:36:41 +0530] "GET /img/NJ.jpg HTTP/1.1" 200 6831
0:0:0:0:0:0:0:1 - - [21/Mar/2019:23:37:31 +0530] "POST /doLogin HTTP/1.1" 200 3374
0:0:0:0:0:0:0:1 - - [21/Mar/2019:23:37:31 +0530] "GET /img/NJ.jpg HTTP/1.1" 200 6831
0:0:0:0:0:0:0:1 - - [21/Mar/2019:23:37:31 +0530] "GET /css/main.css HTTP/1.1" 200 2316
0:0:0:0:0:0:0:1 - - [21/Mar/2019:23:37:31 +0530] "GET /css/bootstrap.min.css HTTP/1.1" 200 155758
0:0:0:0:0:0:0:1 - - [21/Mar/2019:23:38:15 +0530] "GET /doLogout HTTP/1.1" 404 306
0:0:0:0:0:0:0:1 - - [21/Mar/2019:23:38:19 +0530] "GET / HTTP/1.1" 200 2950
0:0:0:0:0:0:0:1 - - [21/Mar/2019:23:38:19 +0530] "GET /img/NJ.jpg HTTP/1.1" 200 6831
0:0:0:0:0:0:0:1 - - [21/Mar/2019:23:38:19 +0530] "GET /css/bootstrap.min.css HTTP/1.1" 200 155758
0:0:0:0:0:0:0:1 - - [21/Mar/2019:23:38:19 +0530] "GET /css/main.css HTTP/1.1" 200 2316
0:0:0:0:0:0:0:1 - - [21/Mar/2019:23:38:26 +0530] "POST /doLogin HTTP/1.1" 404 306
0:0:0:0:0:0:0:1 - - [21/Mar/2019:23:38:32 +0530] "GET / HTTP/1.1" 200 2950
0:0:0:0:0:0:0:1 - - [21/Mar/2019:23:38:32 +0530] "GET /css/main.css HTTP/1.1" 200 2316
0:0:0:0:0:0:0:1 - - [21/Mar/2019:23:38:32 +0530] "GET /img/NJ.jpg HTTP/1.1" 200 6831
0:0:0:0:0:0:0:1 - - [21/Mar/2019:23:38:32 +0530] "GET /css/bootstrap.min.css HTTP/1.1" 200 155758
0:0:0:0:0:0:0:1 - - [21/Mar/2019:23:38:37 +0530] "POST /doLogin HTTP/1.1" 404 306
0:0:0:0:0:0:0:1 - - [21/Mar/2019:23:39:13 +0530] "POST /doLogin HTTP/1.1" 302 -
0:0:0:0:0:0:0:1 - - [21/Mar/2019:23:39:14 +0530] "GET /login?error HTTP/1.1" 200 2923
0:0:0:0:0:0:0:1 - - [21/Mar/2019:23:39:14 +0530] "GET /img/NJ.jpg HTTP/1.1" 200 6831
0:0:0:0:0:0:0:1 - - [21/Mar/2019:23:39:14 +0530] "GET /css/main.css HTTP/1.1" 200 2316
0:0:0:0:0:0:0:1 - - [21/Mar/2019:23:39:14 +0530] "GET /css/bootstrap.min.css HTTP/1.1" 200 155758
0:0:0:0:0:0:0:1 - - [21/Mar/2019:23:40:41 +0530] "POST /doLogin HTTP/1.1" 302 -
0:0:0:0:0:0:0:1 - - [21/Mar/2019:23:40:41 +0530] "GET /login?error HTTP/1.1" 200 2923
0:0:0:0:0:0:0:1 - - [21/Mar/2019:23:40:41 +0530] "GET /css/main.css HTTP/1.1" 200 2316
0:0:0:0:0:0:0:1 - - [21/Mar/2019:23:40:41 +0530] "GET /img/NJ.jpg HTTP/1.1" 200 6831
0:0:0:0:0:0:0:1 - - [21/Mar/2019:23:40:41 +0530] "GET /css/bootstrap.min.css HTTP/1.1" 200 155758
0:0:0:0:0:0:0:1 - - [21/Mar/2019:23:41:09 +0530] "GET / HTTP/1.1" 200 2870
0:0:0:0:0:0:0:1 - - [21/Mar/2019:23:41:09 +0530] "GET /css/main.css HTTP/1.1" 200 2316
0:0:0:0:0:0:0:1 - - [21/Mar/2019:23:41:09 +0530] "GET /img/NJ.jpg HTTP/1.1" 200 6831
0:0:0:0:0:0:0:1 - - [21/Mar/2019:23:41:09 +0530] "GET /css/bootstrap.min.css HTTP/1.1" 200 155758
0:0:0:0:0:0:0:1 - - [21/Mar/2019:23:41:28 +0530] "POST /doLogin HTTP/1.1" 302 -
0:0:0:0:0:0:0:1 - - [21/Mar/2019:23:41:28 +0530] "GET /login?error HTTP/1.1" 200 2923
0:0:0:0:0:0:0:1 - - [21/Mar/2019:23:41:28 +0530] "GET /css/bootstrap.min.css HTTP/1.1" 200 155758
0:0:0:0:0:0:0:1 - - [21/Mar/2019:23:41:28 +0530] "GET /css/main.css HTTP/1.1" 200 2316
0:0:0:0:0:0:0:1 - - [21/Mar/2019:23:41:28 +0530] "GET /img/NJ.jpg HTTP/1.1" 200 6831
0:0:0:0:0:0:0:1 - - [21/Mar/2019:23:42:21 +0530] "POST /doLogin HTTP/1.1" 302 -
0:0:0:0:0:0:0:1 - - [21/Mar/2019:23:42:21 +0530] "GET /login?error HTTP/1.1" 200 2923
0:0:0:0:0:0:0:1 - - [21/Mar/2019:23:42:21 +0530] "GET /img/NJ.jpg HTTP/1.1" 200 6831
0:0:0:0:0:0:0:1 - - [21/Mar/2019:23:42:21 +0530] "GET /css/main.css HTTP/1.1" 200 2316
0:0:0:0:0:0:0:1 - - [21/Mar/2019:23:42:21 +0530] "GET /css/bootstrap.min.css HTTP/1.1" 200 155758
0:0:0:0:0:0:0:1 - - [21/Mar/2019:23:43:07 +0530] "POST /doLogin HTTP/1.1" 200 3374
0:0:0:0:0:0:0:1 - - [21/Mar/2019:23:43:07 +0530] "GET /css/main.css HTTP/1.1" 200 2316
0:0:0:0:0:0:0:1 - - [21/Mar/2019:23:43:07 +0530] "GET /img/NJ.jpg HTTP/1.1" 200 6831
0:0:0:0:0:0:0:1 - - [21/Mar/2019:23:43:07 +0530] "GET /css/bootstrap.min.css HTTP/1.1" 200 155758
0:0:0:0:0:0:0:1 - - [21/Mar/2019:23:43:11 +0530] "GET /css/main.css HTTP/1.1" 200 2316
0:0:0:0:0:0:0:1 - - [21/Mar/2019:23:43:11 +0530] "GET /css/bootstrap.min.css HTTP/1.1" 200 155758
0:0:0:0:0:0:0:1 - - [21/Mar/2019:23:43:11 +0530] "GET /css/bootstrap.min.css.map HTTP/1.1" 404 140
0:0:0:0:0:0:0:1 - - [21/Mar/2019:23:46:18 +0530] "GET /createUser HTTP/1.1" 302 -
0:0:0:0:0:0:0:1 - - [21/Mar/2019:23:46:18 +0530] "GET /login HTTP/1.1" 200 2870
0:0:0:0:0:0:0:1 - - [21/Mar/2019:23:46:18 +0530] "GET /css/main.css HTTP/1.1" 200 2316
0:0:0:0:0:0:0:1 - - [21/Mar/2019:23:46:18 +0530] "GET /img/NJ.jpg HTTP/1.1" 200 6831
0:0:0:0:0:0:0:1 - - [21/Mar/2019:23:46:18 +0530] "GET /css/bootstrap.min.css HTTP/1.1" 200 155758
0:0:0:0:0:0:0:1 - - [21/Mar/2019:23:46:27 +0530] "POST /doLogin HTTP/1.1" 200 3374
0:0:0:0:0:0:0:1 - - [21/Mar/2019:23:46:27 +0530] "GET /css/main.css HTTP/1.1" 200 2316
0:0:0:0:0:0:0:1 - - [21/Mar/2019:23:46:27 +0530] "GET /img/NJ.jpg HTTP/1.1" 200 6831
0:0:0:0:0:0:0:1 - - [21/Mar/2019:23:46:27 +0530] "GET /css/bootstrap.min.css HTTP/1.1" 200 155758
0:0:0:0:0:0:0:1 - - [21/Mar/2019:23:48:42 +0530] "GET /userList HTTP/1.1" 200 3374
0:0:0:0:0:0:0:1 - - [21/Mar/2019:23:48:42 +0530] "GET /img/NJ.jpg HTTP/1.1" 200 6831
0:0:0:0:0:0:0:1 - - [21/Mar/2019:23:48:42 +0530] "GET /css/main.css HTTP/1.1" 200 2316
0:0:0:0:0:0:0:1 - - [21/Mar/2019:23:48:42 +0530] "GET /css/bootstrap.min.css HTTP/1.1" 200 155758
0:0:0:0:0:0:0:1 - - [21/Mar/2019:23:48:55 +0530] "GET /userList HTTP/1.1" 302 -
0:0:0:0:0:0:0:1 - - [21/Mar/2019:23:48:55 +0530] "GET /login HTTP/1.1" 200 2870
0:0:0:0:0:0:0:1 - - [21/Mar/2019:23:48:55 +0530] "GET /img/NJ.jpg HTTP/1.1" 200 6831
0:0:0:0:0:0:0:1 - - [21/Mar/2019:23:48:55 +0530] "GET /css/main.css HTTP/1.1" 200 2316
0:0:0:0:0:0:0:1 - - [21/Mar/2019:23:48:55 +0530] "GET /css/bootstrap.min.css HTTP/1.1" 200 155758
0:0:0:0:0:0:0:1 - - [21/Mar/2019:23:49:03 +0530] "POST /doLogin HTTP/1.1" 200 3374
0:0:0:0:0:0:0:1 - - [21/Mar/2019:23:49:03 +0530] "GET /css/main.css HTTP/1.1" 200 2316
0:0:0:0:0:0:0:1 - - [21/Mar/2019:23:49:03 +0530] "GET /img/NJ.jpg HTTP/1.1" 200 6831
0:0:0:0:0:0:0:1 - - [21/Mar/2019:23:49:03 +0530] "GET /css/bootstrap.min.css HTTP/1.1" 200 155758
0:0:0:0:0:0:0:1 - - [21/Mar/2019:23:49:22 +0530] "GET /createUser HTTP/1.1" 302 -
0:0:0:0:0:0:0:1 - - [21/Mar/2019:23:49:22 +0530] "GET /login HTTP/1.1" 200 2870
0:0:0:0:0:0:0:1 - - [21/Mar/2019:23:49:22 +0530] "GET /css/main.css HTTP/1.1" 200 2316
0:0:0:0:0:0:0:1 - - [21/Mar/2019:23:49:22 +0530] "GET /img/NJ.jpg HTTP/1.1" 200 6831
0:0:0:0:0:0:0:1 - - [21/Mar/2019:23:49:22 +0530] "GET /css/bootstrap.min.css HTTP/1.1" 200 155758
0:0:0:0:0:0:0:1 - - [21/Mar/2019:23:52:05 +0530] "GET / HTTP/1.1" 200 2956
0:0:0:0:0:0:0:1 - - [21/Mar/2019:23:52:05 +0530] "GET /css/main.css HTTP/1.1" 200 2316
0:0:0:0:0:0:0:1 - - [21/Mar/2019:23:52:05 +0530] "GET /img/NJ.jpg HTTP/1.1" 200 6831
0:0:0:0:0:0:0:1 - - [21/Mar/2019:23:52:05 +0530] "GET /css/bootstrap.min.css HTTP/1.1" 200 155758
0:0:0:0:0:0:0:1 - - [21/Mar/2019:23:52:15 +0530] "POST /doLogin HTTP/1.1" 200 3374
0:0:0:0:0:0:0:1 - - [21/Mar/2019:23:52:15 +0530] "GET /css/main.css HTTP/1.1" 200 2316
0:0:0:0:0:0:0:1 - - [21/Mar/2019:23:52:15 +0530] "GET /img/NJ.jpg HTTP/1.1" 200 6831
0:0:0:0:0:0:0:1 - - [21/Mar/2019:23:52:15 +0530] "GET /css/bootstrap.min.css HTTP/1.1" 200 155758
0:0:0:0:0:0:0:1 - - [21/Mar/2019:23:52:32 +0530] "GET /modifyUser/18 HTTP/1.1" 200 3997
0:0:0:0:0:0:0:1 - - [21/Mar/2019:23:52:32 +0530] "GET /css/bootstrap.min.css HTTP/1.1" 200 155758
0:0:0:0:0:0:0:1 - - [21/Mar/2019:23:52:32 +0530] "GET /img/NJ.jpg HTTP/1.1" 200 6831
0:0:0:0:0:0:0:1 - - [21/Mar/2019:23:52:32 +0530] "GET /css/main.css HTTP/1.1" 200 2316
0:0:0:0:0:0:0:1 - - [21/Mar/2019:23:52:34 +0530] "GET /createUser HTTP/1.1" 200 3131
0:0:0:0:0:0:0:1 - - [21/Mar/2019:23:52:34 +0530] "GET /img/NJ.jpg HTTP/1.1" 200 6831
0:0:0:0:0:0:0:1 - - [21/Mar/2019:23:52:34 +0530] "GET /css/main.css HTTP/1.1" 200 2316
0:0:0:0:0:0:0:1 - - [21/Mar/2019:23:52:34 +0530] "GET /css/bootstrap.min.css HTTP/1.1" 200 155758
0:0:0:0:0:0:0:1 - - [21/Mar/2019:23:52:36 +0530] "GET /userList HTTP/1.1" 200 3374
0:0:0:0:0:0:0:1 - - [21/Mar/2019:23:52:36 +0530] "GET /css/main.css HTTP/1.1" 200 2316
0:0:0:0:0:0:0:1 - - [21/Mar/2019:23:52:36 +0530] "GET /css/bootstrap.min.css HTTP/1.1" 200 155758
0:0:0:0:0:0:0:1 - - [21/Mar/2019:23:52:36 +0530] "GET /img/NJ.jpg HTTP/1.1" 200 6831
0:0:0:0:0:0:0:1 - - [21/Mar/2019:23:52:38 +0530] "GET /modifyUser/19 HTTP/1.1" 200 3996
0:0:0:0:0:0:0:1 - - [21/Mar/2019:23:52:38 +0530] "GET /css/main.css HTTP/1.1" 200 2316
0:0:0:0:0:0:0:1 - - [21/Mar/2019:23:52:38 +0530] "GET /img/NJ.jpg HTTP/1.1" 200 6831
0:0:0:0:0:0:0:1 - - [21/Mar/2019:23:52:38 +0530] "GET /css/bootstrap.min.css HTTP/1.1" 200 155758
0:0:0:0:0:0:0:1 - - [21/Mar/2019:23:52:41 +0530] "GET /userList HTTP/1.1" 200 3374
0:0:0:0:0:0:0:1 - - [21/Mar/2019:23:52:41 +0530] "GET /css/main.css HTTP/1.1" 200 2316
0:0:0:0:0:0:0:1 - - [21/Mar/2019:23:52:41 +0530] "GET /img/NJ.jpg HTTP/1.1" 200 6831
0:0:0:0:0:0:0:1 - - [21/Mar/2019:23:52:41 +0530] "GET /css/bootstrap.min.css HTTP/1.1" 200 155758
0:0:0:0:0:0:0:1 - - [21/Mar/2019:23:52:42 +0530] "GET /createUser HTTP/1.1" 200 3131
0:0:0:0:0:0:0:1 - - [21/Mar/2019:23:52:42 +0530] "GET /css/main.css HTTP/1.1" 200 2316
0:0:0:0:0:0:0:1 - - [21/Mar/2019:23:52:42 +0530] "GET /css/bootstrap.min.css HTTP/1.1" 200 155758
0:0:0:0:0:0:0:1 - - [21/Mar/2019:23:52:42 +0530] "GET /img/NJ.jpg HTTP/1.1" 200 6831
0:0:0:0:0:0:0:1 - - [21/Mar/2019:23:52:43 +0530] "GET /userList HTTP/1.1" 200 3374
0:0:0:0:0:0:0:1 - - [21/Mar/2019:23:52:43 +0530] "GET /img/NJ.jpg HTTP/1.1" 200 6831
0:0:0:0:0:0:0:1 - - [21/Mar/2019:23:52:43 +0530] "GET /css/main.css HTTP/1.1" 200 2316
0:0:0:0:0:0:0:1 - - [21/Mar/2019:23:52:43 +0530] "GET /css/bootstrap.min.css HTTP/1.1" 200 155758
0:0:0:0:0:0:0:1 - - [21/Mar/2019:23:52:44 +0530] "GET /modifyUser/20 HTTP/1.1" 200 3992
0:0:0:0:0:0:0:1 - - [21/Mar/2019:23:52:44 +0530] "GET /css/main.css HTTP/1.1" 200 2316
0:0:0:0:0:0:0:1 - - [21/Mar/2019:23:52:44 +0530] "GET /img/NJ.jpg HTTP/1.1" 200 6831
0:0:0:0:0:0:0:1 - - [21/Mar/2019:23:52:44 +0530] "GET /css/bootstrap.min.css HTTP/1.1" 200 155758
0:0:0:0:0:0:0:1 - - [21/Mar/2019:23:52:46 +0530] "GET /userList HTTP/1.1" 200 3374
0:0:0:0:0:0:0:1 - - [21/Mar/2019:23:52:46 +0530] "GET /img/NJ.jpg HTTP/1.1" 200 6831
0:0:0:0:0:0:0:1 - - [21/Mar/2019:23:52:46 +0530] "GET /css/main.css HTTP/1.1" 200 2316
0:0:0:0:0:0:0:1 - - [21/Mar/2019:23:52:46 +0530] "GET /css/bootstrap.min.css HTTP/1.1" 200 155758
0:0:0:0:0:0:0:1 - - [21/Mar/2019:23:52:47 +0530] "GET /modifyUser/18 HTTP/1.1" 200 3997
0:0:0:0:0:0:0:1 - - [21/Mar/2019:23:52:47 +0530] "GET /img/NJ.jpg HTTP/1.1" 200 6831
0:0:0:0:0:0:0:1 - - [21/Mar/2019:23:52:47 +0530] "GET /css/main.css HTTP/1.1" 200 2316
0:0:0:0:0:0:0:1 - - [21/Mar/2019:23:52:47 +0530] "GET /css/bootstrap.min.css HTTP/1.1" 200 155758
0:0:0:0:0:0:0:1 - - [21/Mar/2019:23:52:48 +0530] "GET /userList HTTP/1.1" 200 3374
0:0:0:0:0:0:0:1 - - [21/Mar/2019:23:52:48 +0530] "GET /img/NJ.jpg HTTP/1.1" 200 6831
0:0:0:0:0:0:0:1 - - [21/Mar/2019:23:52:48 +0530] "GET /css/main.css HTTP/1.1" 200 2316
0:0:0:0:0:0:0:1 - - [21/Mar/2019:23:52:48 +0530] "GET /css/bootstrap.min.css HTTP/1.1" 200 155758
0:0:0:0:0:0:0:1 - - [21/Mar/2019:23:52:49 +0530] "GET /createUser HTTP/1.1" 200 3131
0:0:0:0:0:0:0:1 - - [21/Mar/2019:23:52:49 +0530] "GET /css/main.css HTTP/1.1" 200 2316
0:0:0:0:0:0:0:1 - - [21/Mar/2019:23:52:49 +0530] "GET /img/NJ.jpg HTTP/1.1" 200 6831
0:0:0:0:0:0:0:1 - - [21/Mar/2019:23:52:49 +0530] "GET /css/bootstrap.min.css HTTP/1.1" 200 155758
0:0:0:0:0:0:0:1 - - [21/Mar/2019:23:52:50 +0530] "GET /userList HTTP/1.1" 200 3374
0:0:0:0:0:0:0:1 - - [21/Mar/2019:23:52:50 +0530] "GET /css/main.css HTTP/1.1" 200 2316
0:0:0:0:0:0:0:1 - - [21/Mar/2019:23:52:50 +0530] "GET /css/bootstrap.min.css HTTP/1.1" 200 155758
0:0:0:0:0:0:0:1 - - [21/Mar/2019:23:52:50 +0530] "GET /img/NJ.jpg HTTP/1.1" 200 6831
0:0:0:0:0:0:0:1 - - [21/Mar/2019:23:52:51 +0530] "GET /modifyUser/20 HTTP/1.1" 200 3992
0:0:0:0:0:0:0:1 - - [21/Mar/2019:23:52:51 +0530] "GET /img/NJ.jpg HTTP/1.1" 200 6831
0:0:0:0:0:0:0:1 - - [21/Mar/2019:23:52:51 +0530] "GET /css/main.css HTTP/1.1" 200 2316
0:0:0:0:0:0:0:1 - - [21/Mar/2019:23:52:51 +0530] "GET /css/bootstrap.min.css HTTP/1.1" 200 155758
0:0:0:0:0:0:0:1 - - [21/Mar/2019:23:52:52 +0530] "GET /deleteUser/20 HTTP/1.1" 302 -
0:0:0:0:0:0:0:1 - - [21/Mar/2019:23:52:52 +0530] "GET /userList HTTP/1.1" 200 3099
0:0:0:0:0:0:0:1 - - [21/Mar/2019:23:52:52 +0530] "GET /css/main.css HTTP/1.1" 200 2316
0:0:0:0:0:0:0:1 - - [21/Mar/2019:23:52:52 +0530] "GET /img/NJ.jpg HTTP/1.1" 200 6831
0:0:0:0:0:0:0:1 - - [21/Mar/2019:23:52:52 +0530] "GET /css/bootstrap.min.css HTTP/1.1" 200 155758
0:0:0:0:0:0:0:1 - - [21/Mar/2019:23:52:54 +0530] "GET /modifyUser/18 HTTP/1.1" 200 3997
0:0:0:0:0:0:0:1 - - [21/Mar/2019:23:52:54 +0530] "GET /css/main.css HTTP/1.1" 200 2316
0:0:0:0:0:0:0:1 - - [21/Mar/2019:23:52:54 +0530] "GET /img/NJ.jpg HTTP/1.1" 200 6831
0:0:0:0:0:0:0:1 - - [21/Mar/2019:23:52:54 +0530] "GET /css/bootstrap.min.css HTTP/1.1" 200 155758
0:0:0:0:0:0:0:1 - - [21/Mar/2019:23:52:56 +0530] "GET /deleteUser/18 HTTP/1.1" 302 -
0:0:0:0:0:0:0:1 - - [21/Mar/2019:23:52:56 +0530] "GET /userList HTTP/1.1" 200 2819
0:0:0:0:0:0:0:1 - - [21/Mar/2019:23:52:56 +0530] "GET /css/main.css HTTP/1.1" 200 2316
0:0:0:0:0:0:0:1 - - [21/Mar/2019:23:52:56 +0530] "GET /img/NJ.jpg HTTP/1.1" 200 6831
0:0:0:0:0:0:0:1 - - [21/Mar/2019:23:52:56 +0530] "GET /css/bootstrap.min.css HTTP/1.1" 200 155758
0:0:0:0:0:0:0:1 - - [21/Mar/2019:23:52:58 +0530] "GET /modifyUser/19 HTTP/1.1" 200 3996
0:0:0:0:0:0:0:1 - - [21/Mar/2019:23:52:59 +0530] "GET /css/bootstrap.min.css HTTP/1.1" 200 155758
0:0:0:0:0:0:0:1 - - [21/Mar/2019:23:52:59 +0530] "GET /img/NJ.jpg HTTP/1.1" 200 6831
0:0:0:0:0:0:0:1 - - [21/Mar/2019:23:52:59 +0530] "GET /css/main.css HTTP/1.1" 200 2316
0:0:0:0:0:0:0:1 - - [21/Mar/2019:23:53:01 +0530] "GET /userList HTTP/1.1" 200 2819
0:0:0:0:0:0:0:1 - - [21/Mar/2019:23:53:01 +0530] "GET /css/main.css HTTP/1.1" 200 2316
0:0:0:0:0:0:0:1 - - [21/Mar/2019:23:53:01 +0530] "GET /css/bootstrap.min.css HTTP/1.1" 200 155758
0:0:0:0:0:0:0:1 - - [21/Mar/2019:23:53:01 +0530] "GET /img/NJ.jpg HTTP/1.1" 200 6831
0:0:0:0:0:0:0:1 - - [21/Mar/2019:23:53:02 +0530] "GET /createUser HTTP/1.1" 200 3131
0:0:0:0:0:0:0:1 - - [21/Mar/2019:23:53:02 +0530] "GET /css/main.css HTTP/1.1" 200 2316
0:0:0:0:0:0:0:1 - - [21/Mar/2019:23:53:02 +0530] "GET /css/bootstrap.min.css HTTP/1.1" 200 155758
0:0:0:0:0:0:0:1 - - [21/Mar/2019:23:53:02 +0530] "GET /img/NJ.jpg HTTP/1.1" 200 6831
0:0:0:0:0:0:0:1 - - [21/Mar/2019:23:53:03 +0530] "GET /userList HTTP/1.1" 200 2819
0:0:0:0:0:0:0:1 - - [21/Mar/2019:23:53:03 +0530] "GET /css/main.css HTTP/1.1" 200 2316
0:0:0:0:0:0:0:1 - - [21/Mar/2019:23:53:03 +0530] "GET /img/NJ.jpg HTTP/1.1" 200 6831
0:0:0:0:0:0:0:1 - - [21/Mar/2019:23:53:03 +0530] "GET /css/bootstrap.min.css HTTP/1.1" 200 155758
0:0:0:0:0:0:0:1 - - [21/Mar/2019:23:53:03 +0530] "GET /createUser HTTP/1.1" 200 3131
0:0:0:0:0:0:0:1 - - [21/Mar/2019:23:53:03 +0530] "GET /css/main.css HTTP/1.1" 200 2316
0:0:0:0:0:0:0:1 - - [21/Mar/2019:23:53:03 +0530] "GET /img/NJ.jpg HTTP/1.1" 200 6831
0:0:0:0:0:0:0:1 - - [21/Mar/2019:23:53:03 +0530] "GET /css/bootstrap.min.css HTTP/1.1" 200 155758
0:0:0:0:0:0:0:1 - - [21/Mar/2019:23:53:04 +0530] "GET /userList HTTP/1.1" 200 2819
0:0:0:0:0:0:0:1 - - [21/Mar/2019:23:53:04 +0530] "GET /css/main.css HTTP/1.1" 200 2316
0:0:0:0:0:0:0:1 - - [21/Mar/2019:23:53:04 +0530] "GET /css/bootstrap.min.css HTTP/1.1" 200 155758
0:0:0:0:0:0:0:1 - - [21/Mar/2019:23:53:04 +0530] "GET /img/NJ.jpg HTTP/1.1" 200 6831
0:0:0:0:0:0:0:1 - - [21/Mar/2019:23:53:04 +0530] "GET /createUser HTTP/1.1" 200 3131
0:0:0:0:0:0:0:1 - - [21/Mar/2019:23:53:04 +0530] "GET /css/main.css HTTP/1.1" 200 2316
0:0:0:0:0:0:0:1 - - [21/Mar/2019:23:53:04 +0530] "GET /css/bootstrap.min.css HTTP/1.1" 200 155758
0:0:0:0:0:0:0:1 - - [21/Mar/2019:23:53:04 +0530] "GET /img/NJ.jpg HTTP/1.1" 200 6831
0:0:0:0:0:0:0:1 - - [21/Mar/2019:23:53:05 +0530] "GET /userList HTTP/1.1" 200 2819
0:0:0:0:0:0:0:1 - - [21/Mar/2019:23:53:05 +0530] "GET /img/NJ.jpg HTTP/1.1" 200 6831
0:0:0:0:0:0:0:1 - - [21/Mar/2019:23:53:05 +0530] "GET /css/main.css HTTP/1.1" 200 2316
0:0:0:0:0:0:0:1 - - [21/Mar/2019:23:53:05 +0530] "GET /css/bootstrap.min.css HTTP/1.1" 200 155758
0:0:0:0:0:0:0:1 - - [21/Mar/2019:23:53:05 +0530] "GET /createUser HTTP/1.1" 200 3131
0:0:0:0:0:0:0:1 - - [21/Mar/2019:23:53:05 +0530] "GET /img/NJ.jpg HTTP/1.1" 200 6831
0:0:0:0:0:0:0:1 - - [21/Mar/2019:23:53:05 +0530] "GET /css/main.css HTTP/1.1" 200 2316
0:0:0:0:0:0:0:1 - - [21/Mar/2019:23:53:05 +0530] "GET /css/bootstrap.min.css HTTP/1.1" 200 155758
0:0:0:0:0:0:0:1 - - [21/Mar/2019:23:53:06 +0530] "GET /userList HTTP/1.1" 200 2819
0:0:0:0:0:0:0:1 - - [21/Mar/2019:23:53:06 +0530] "GET /css/main.css HTTP/1.1" 200 2316
0:0:0:0:0:0:0:1 - - [21/Mar/2019:23:53:06 +0530] "GET /img/NJ.jpg HTTP/1.1" 200 6831
0:0:0:0:0:0:0:1 - - [21/Mar/2019:23:53:06 +0530] "GET /css/bootstrap.min.css HTTP/1.1" 200 155758
0:0:0:0:0:0:0:1 - - [21/Mar/2019:23:53:06 +0530] "GET /createUser HTTP/1.1" 200 3131
0:0:0:0:0:0:0:1 - - [21/Mar/2019:23:53:06 +0530] "GET /css/main.css HTTP/1.1" 200 2316
0:0:0:0:0:0:0:1 - - [21/Mar/2019:23:53:06 +0530] "GET /img/NJ.jpg HTTP/1.1" 200 6831
0:0:0:0:0:0:0:1 - - [21/Mar/2019:23:53:06 +0530] "GET /css/bootstrap.min.css HTTP/1.1" 200 155758
0:0:0:0:0:0:0:1 - - [21/Mar/2019:23:53:07 +0530] "GET /userList HTTP/1.1" 200 2819
0:0:0:0:0:0:0:1 - - [21/Mar/2019:23:53:07 +0530] "GET /css/main.css HTTP/1.1" 200 2316
0:0:0:0:0:0:0:1 - - [21/Mar/2019:23:53:07 +0530] "GET /css/bootstrap.min.css HTTP/1.1" 200 155758
0:0:0:0:0:0:0:1 - - [21/Mar/2019:23:53:07 +0530] "GET /img/NJ.jpg HTTP/1.1" 200 6831
0:0:0:0:0:0:0:1 - - [21/Mar/2019:23:53:07 +0530] "GET /createUser HTTP/1.1" 200 3131
0:0:0:0:0:0:0:1 - - [21/Mar/2019:23:53:07 +0530] "GET /css/main.css HTTP/1.1" 200 2316
0:0:0:0:0:0:0:1 - - [21/Mar/2019:23:53:07 +0530] "GET /img/NJ.jpg HTTP/1.1" 200 6831
0:0:0:0:0:0:0:1 - - [21/Mar/2019:23:53:07 +0530] "GET /css/bootstrap.min.css HTTP/1.1" 200 155758
0:0:0:0:0:0:0:1 - - [21/Mar/2019:23:53:08 +0530] "GET /userList HTTP/1.1" 200 2819
0:0:0:0:0:0:0:1 - - [21/Mar/2019:23:53:08 +0530] "GET /css/main.css HTTP/1.1" 200 2316
0:0:0:0:0:0:0:1 - - [21/Mar/2019:23:53:08 +0530] "GET /img/NJ.jpg HTTP/1.1" 200 6831
0:0:0:0:0:0:0:1 - - [21/Mar/2019:23:53:08 +0530] "GET /css/bootstrap.min.css HTTP/1.1" 200 155758
0:0:0:0:0:0:0:1 - - [21/Mar/2019:23:53:08 +0530] "GET /createUser HTTP/1.1" 200 3131
0:0:0:0:0:0:0:1 - - [21/Mar/2019:23:53:08 +0530] "GET /css/main.css HTTP/1.1" 200 2316
0:0:0:0:0:0:0:1 - - [21/Mar/2019:23:53:08 +0530] "GET /img/NJ.jpg HTTP/1.1" 200 6831
0:0:0:0:0:0:0:1 - - [21/Mar/2019:23:53:08 +0530] "GET /css/bootstrap.min.css HTTP/1.1" 200 155758
0:0:0:0:0:0:0:1 - - [21/Mar/2019:23:53:09 +0530] "GET /userList HTTP/1.1" 200 2819
0:0:0:0:0:0:0:1 - - [21/Mar/2019:23:53:09 +0530] "GET /css/main.css HTTP/1.1" 200 2316
0:0:0:0:0:0:0:1 - - [21/Mar/2019:23:53:09 +0530] "GET /css/bootstrap.min.css HTTP/1.1" 200 155758
0:0:0:0:0:0:0:1 - - [21/Mar/2019:23:53:09 +0530] "GET /img/NJ.jpg HTTP/1.1" 200 6831
0:0:0:0:0:0:0:1 - - [21/Mar/2019:23:53:10 +0530] "GET /createUser HTTP/1.1" 200 3131
0:0:0:0:0:0:0:1 - - [21/Mar/2019:23:53:10 +0530] "GET /css/main.css HTTP/1.1" 200 2316
0:0:0:0:0:0:0:1 - - [21/Mar/2019:23:53:10 +0530] "GET /img/NJ.jpg HTTP/1.1" 200 6831
0:0:0:0:0:0:0:1 - - [21/Mar/2019:23:53:10 +0530] "GET /css/bootstrap.min.css HTTP/1.1" 200 155758
0:0:0:0:0:0:0:1 - - [21/Mar/2019:23:53:24 +0530] "GET /userList HTTP/1.1" 200 2819
0:0:0:0:0:0:0:1 - - [21/Mar/2019:23:53:24 +0530] "GET /css/main.css HTTP/1.1" 200 2316
0:0:0:0:0:0:0:1 - - [21/Mar/2019:23:53:24 +0530] "GET /css/bootstrap.min.css HTTP/1.1" 200 155758
0:0:0:0:0:0:0:1 - - [21/Mar/2019:23:53:24 +0530] "GET /img/NJ.jpg HTTP/1.1" 200 6831
0:0:0:0:0:0:0:1 - - [21/Mar/2019:23:53:26 +0530] "GET /doLogout HTTP/1.1" 302 -
0:0:0:0:0:0:0:1 - - [21/Mar/2019:23:53:26 +0530] "GET /login?logout HTTP/1.1" 200 3020
0:0:0:0:0:0:0:1 - - [21/Mar/2019:23:53:26 +0530] "GET /css/main.css HTTP/1.1" 200 2316
0:0:0:0:0:0:0:1 - - [21/Mar/2019:23:53:26 +0530] "GET /css/bootstrap.min.css HTTP/1.1" 200 155758
0:0:0:0:0:0:0:1 - - [21/Mar/2019:23:53:26 +0530] "GET /img/NJ.jpg HTTP/1.1" 200 6831
0:0:0:0:0:0:0:1 - - [21/Mar/2019:23:53:28 +0530] "GET / HTTP/1.1" 200 2956
0:0:0:0:0:0:0:1 - - [21/Mar/2019:23:53:28 +0530] "GET /img/NJ.jpg HTTP/1.1" 200 6831
0:0:0:0:0:0:0:1 - - [21/Mar/2019:23:53:28 +0530] "GET /css/bootstrap.min.css HTTP/1.1" 200 155758
0:0:0:0:0:0:0:1 - - [21/Mar/2019:23:53:28 +0530] "GET /css/main.css HTTP/1.1" 200 2316
0:0:0:0:0:0:0:1 - - [21/Mar/2019:23:53:44 +0530] "GET /userList HTTP/1.1" 302 -
0:0:0:0:0:0:0:1 - - [21/Mar/2019:23:53:44 +0530] "GET /login HTTP/1.1" 200 2956
0:0:0:0:0:0:0:1 - - [21/Mar/2019:23:53:44 +0530] "GET /css/main.css HTTP/1.1" 200 2316
0:0:0:0:0:0:0:1 - - [21/Mar/2019:23:53:44 +0530] "GET /css/bootstrap.min.css HTTP/1.1" 200 155758
0:0:0:0:0:0:0:1 - - [21/Mar/2019:23:53:44 +0530] "GET /img/NJ.jpg HTTP/1.1" 200 6831
0:0:0:0:0:0:0:1 - - [21/Mar/2019:23:53:53 +0530] "GET /forgotPassword HTTP/1.1" 200 2591
0:0:0:0:0:0:0:1 - - [21/Mar/2019:23:53:53 +0530] "GET /css/main.css HTTP/1.1" 200 2316
0:0:0:0:0:0:0:1 - - [21/Mar/2019:23:53:53 +0530] "GET /css/bootstrap.min.css HTTP/1.1" 200 155758
0:0:0:0:0:0:0:1 - - [21/Mar/2019:23:53:53 +0530] "GET /img/NJ.jpg HTTP/1.1" 200 6831
0:0:0:0:0:0:0:1 - - [21/Mar/2019:23:53:56 +0530] "GET /login HTTP/1.1" 200 2956
0:0:0:0:0:0:0:1 - - [21/Mar/2019:23:53:56 +0530] "GET /css/main.css HTTP/1.1" 200 2316
0:0:0:0:0:0:0:1 - - [21/Mar/2019:23:53:56 +0530] "GET /css/bootstrap.min.css HTTP/1.1" 200 155758
0:0:0:0:0:0:0:1 - - [21/Mar/2019:23:54:02 +0530] "POST /doLogin HTTP/1.1" 200 2819
0:0:0:0:0:0:0:1 - - [21/Mar/2019:23:54:02 +0530] "GET /img/NJ.jpg HTTP/1.1" 200 6831
0:0:0:0:0:0:0:1 - - [21/Mar/2019:23:54:02 +0530] "GET /css/bootstrap.min.css HTTP/1.1" 200 155758
0:0:0:0:0:0:0:1 - - [21/Mar/2019:23:54:02 +0530] "GET /css/main.css HTTP/1.1" 200 2316
0:0:0:0:0:0:0:1 - - [21/Mar/2019:23:54:15 +0530] "GET /userList HTTP/1.1" 200 2819
0:0:0:0:0:0:0:1 - - [21/Mar/2019:23:54:15 +0530] "GET /css/main.css HTTP/1.1" 200 2316
0:0:0:0:0:0:0:1 - - [21/Mar/2019:23:54:15 +0530] "GET /css/bootstrap.min.css HTTP/1.1" 200 155758
0:0:0:0:0:0:0:1 - - [21/Mar/2019:23:54:15 +0530] "GET /img/NJ.jpg HTTP/1.1" 200 6831
0:0:0:0:0:0:0:1 - - [21/Mar/2019:23:54:32 +0530] "GET /userList HTTP/1.1" 200 2819
0:0:0:0:0:0:0:1 - - [21/Mar/2019:23:54:32 +0530] "GET /css/bootstrap.min.css HTTP/1.1" 200 155758
0:0:0:0:0:0:0:1 - - [21/Mar/2019:23:54:32 +0530] "GET /css/main.css HTTP/1.1" 200 2316
0:0:0:0:0:0:0:1 - - [21/Mar/2019:23:54:32 +0530] "GET /img/NJ.jpg HTTP/1.1" 200 6831
0:0:0:0:0:0:0:1 - - [21/Mar/2019:23:56:22 +0530] "GET /userList HTTP/1.1" 200 2819
0:0:0:0:0:0:0:1 - - [21/Mar/2019:23:56:22 +0530] "GET /css/main.css HTTP/1.1" 200 2316
0:0:0:0:0:0:0:1 - - [21/Mar/2019:23:56:22 +0530] "GET /css/bootstrap.min.css HTTP/1.1" 200 155758
0:0:0:0:0:0:0:1 - - [21/Mar/2019:23:56:22 +0530] "GET /img/NJ.jpg HTTP/1.1" 200 6831
0:0:0:0:0:0:0:1 - - [21/Mar/2019:23:56:24 +0530] "GET /doLogout HTTP/1.1" 302 -
0:0:0:0:0:0:0:1 - - [21/Mar/2019:23:56:24 +0530] "GET /login?logout HTTP/1.1" 200 3139
0:0:0:0:0:0:0:1 - - [21/Mar/2019:23:56:24 +0530] "GET /img/NJ.jpg HTTP/1.1" 200 6831
0:0:0:0:0:0:0:1 - - [21/Mar/2019:23:56:24 +0530] "GET /css/main.css HTTP/1.1" 200 2316
0:0:0:0:0:0:0:1 - - [21/Mar/2019:23:56:24 +0530] "GET /css/bootstrap.min.css HTTP/1.1" 200 155758
0:0:0:0:0:0:0:1 - - [21/Mar/2019:23:56:31 +0530] "GET / HTTP/1.1" 200 3075
0:0:0:0:0:0:0:1 - - [21/Mar/2019:23:56:31 +0530] "GET /img/NJ.jpg HTTP/1.1" 200 6831
0:0:0:0:0:0:0:1 - - [21/Mar/2019:23:56:31 +0530] "GET /css/main.css HTTP/1.1" 200 2316
0:0:0:0:0:0:0:1 - - [21/Mar/2019:23:56:31 +0530] "GET /css/bootstrap.min.css HTTP/1.1" 200 155758
0:0:0:0:0:0:0:1 - - [21/Mar/2019:23:56:42 +0530] "POST /doLogin HTTP/1.1" 200 2819
0:0:0:0:0:0:0:1 - - [21/Mar/2019:23:56:42 +0530] "GET /img/NJ.jpg HTTP/1.1" 200 6831
0:0:0:0:0:0:0:1 - - [21/Mar/2019:23:56:42 +0530] "GET /css/main.css HTTP/1.1" 200 2316
0:0:0:0:0:0:0:1 - - [21/Mar/2019:23:56:42 +0530] "GET /css/bootstrap.min.css HTTP/1.1" 200 155758
0:0:0:0:0:0:0:1 - - [21/Mar/2019:23:56:55 +0530] "GET /createUser HTTP/1.1" 302 -
0:0:0:0:0:0:0:1 - - [21/Mar/2019:23:56:55 +0530] "GET /login HTTP/1.1" 200 3075
0:0:0:0:0:0:0:1 - - [21/Mar/2019:23:56:55 +0530] "GET /css/main.css HTTP/1.1" 200 2316
0:0:0:0:0:0:0:1 - - [21/Mar/2019:23:56:55 +0530] "GET /css/bootstrap.min.css HTTP/1.1" 200 155758
0:0:0:0:0:0:0:1 - - [21/Mar/2019:23:56:55 +0530] "GET /img/NJ.jpg HTTP/1.1" 200 6831
